#
# A fatal error has been detected by the Java Runtime Environment:
#
#  EXCEPTION_ACCESS_VIOLATION (0xc0000005) at pc=0x00007fff6405ff60, pid=30504, tid=31508
#
# JRE version: OpenJDK Runtime Environment (15.0+36) (build 15+36-1562)
# Java VM: OpenJDK 64-Bit Server VM (15+36-1562, mixed mode, sharing, tiered, compressed oops, g1 gc, windows-amd64)
# Problematic frame:
# C  [nvoglv64.dll+0x113ff60]
#
# No core dump will be written. Minidumps are not enabled by default on client versions of Windows
#
# If you would like to submit a bug report, please visit:
#   https://bugreport.java.com/bugreport/crash.jsp
# The crash happened outside the Java Virtual Machine in native code.
# See problematic frame for where to report the bug.
#

---------------  S U M M A R Y ------------

Command Line: -Dfile.encoding=windows-1250 -Duser.country=CZ -Duser.language=cs -Duser.variant Main

Host: Intel(R) Core(TM) i5-8600K CPU @ 3.60GHz, 6 cores, 15G,  Windows 10 , 64 bit Build 19041 (10.0.19041.928)
Time: Wed May 12 11:30:38 2021 Støední Evropa (letní èas) elapsed time: 0.683862 seconds (0d 0h 0m 0s)

---------------  T H R E A D  ---------------

Current thread (0x0000026a300f72b0):  JavaThread "main" [_thread_in_native, id=31508, stack(0x000000905e900000,0x000000905ea00000)]

Stack: [0x000000905e900000,0x000000905ea00000],  sp=0x000000905e9ff0b8,  free space=1020k
Native frames: (J=compiled Java code, j=interpreted, Vv=VM code, C=native code)
C  [nvoglv64.dll+0x113ff60]

Java frames: (J=compiled Java code, j=interpreted, Vv=VM code)
j  org.lwjgl.opengl.GL11C.nglDrawElements(IIIJ)V+0
j  org.lwjgl.opengl.GL11C.glDrawElements(IIIJ)V+4
j  org.lwjgl.opengl.GL11.glDrawElements(IIIJ)V+4
j  Square.draw()V+45
j  Game.render(J)V+27
j  Main.main([Ljava/lang/String;)V+119
v  ~StubRoutines::call_stub

siginfo: EXCEPTION_ACCESS_VIOLATION (0xc0000005), reading address 0x0000000000000000


Register to memory mapping:

RIP=0x00007fff6405ff60 nvoglv64.dll
RAX=0x0000000000022006 is an unknown value
RBX=0x0000026a54695710 points into unknown readable memory: 0x0000000400022006 | 06 20 02 00 04 00 00 00
RCX=0x0000026a5469572c points into unknown readable memory: 00 00 00 00
RDX=0x0 is NULL
RSP=0x000000905e9ff0b8 is pointing into the stack for thread: 0x0000026a300f72b0
RBP=0x0000000000000044 is an unknown value
RSI=0x0000000000000006 is an unknown value
RDI=0x0000026a55617080 points into unknown readable memory: 0x0000000000000000 | 00 00 00 00 00 00 00 00
R8 =0x0000000000000018 is an unknown value
R9 =0x0000026a54695710 points into unknown readable memory: 0x0000000400022006 | 06 20 02 00 04 00 00 00
R10=0x0 is NULL
R11=0x0000026a5469572c points into unknown readable memory: 00 00 00 00
R12=0x0000000000000004 is an unknown value
R13=0x0000000000001405 is an unknown value
R14=0x0 is NULL
R15=0x0000026a300f7200 points into unknown readable memory: 0x00007fff7b8c73e0 | e0 73 8c 7b ff 7f 00 00


Registers:
RAX=0x0000000000022006, RBX=0x0000026a54695710, RCX=0x0000026a5469572c, RDX=0x0000000000000000
RSP=0x000000905e9ff0b8, RBP=0x0000000000000044, RSI=0x0000000000000006, RDI=0x0000026a55617080
R8 =0x0000000000000018, R9 =0x0000026a54695710, R10=0x0000000000000000, R11=0x0000026a5469572c
R12=0x0000000000000004, R13=0x0000000000001405, R14=0x0000000000000000, R15=0x0000026a300f7200
RIP=0x00007fff6405ff60, EFLAGS=0x0000000000010283

Top of Stack: (sp=0x000000905e9ff0b8)
0x000000905e9ff0b8:   00007fff636f7bac 0000026a5a2cb2f0
0x000000905e9ff0c8:   0000026a53ada090 000000905e9ff1e8
0x000000905e9ff0d8:   00007fff7b33bf17 000000000017555d
0x000000905e9ff0e8:   0000026a3834e1bd 0000026a300f72b0
0x000000905e9ff0f8:   0000026a5a2cb2f0 0000026a53ada090
0x000000905e9ff108:   0000026a300f72b0 0000026a3832a1aa
0x000000905e9ff118:   0000026a3832efc0 000000905e9ff228
0x000000905e9ff128:   0000026a53ada090 0000000000000000
0x000000905e9ff138:   0000026a3832a1aa 0000026a5a2cb2f0
0x000000905e9ff148:   0000026a3832f177 000000905e9ff1e8
0x000000905e9ff158:   0000009000000018 0000026a300f72b0
0x000000905e9ff168:   0000026a53ada090 0000026a00001405
0x000000905e9ff178:   0000000000000000 3ff0000000000000
0x000000905e9ff188:   0000026a300f72b0 0000026a300f72b0
0x000000905e9ff198:   0000026a3832ee16 000000905e9ff1a0
0x000000905e9ff1a8:   0000026a53ada090 000000905e9ff228 

Instructions: (pc=0x00007fff6405ff60)
0x00007fff6405fe60:   33 c0 c3 1b c0 83 d8 ff c3 90 49 c1 e9 02 74 37
0x00007fff6405fe70:   48 8b 01 48 3b 04 11 75 5b 48 8b 41 08 48 3b 44
0x00007fff6405fe80:   11 08 75 4c 48 8b 41 10 48 3b 44 11 10 75 3d 48
0x00007fff6405fe90:   8b 41 18 48 3b 44 11 18 75 2e 48 83 c1 20 49 ff
0x00007fff6405fea0:   c9 75 cd 49 83 e0 1f 4d 8b c8 49 c1 e9 03 74 9b
0x00007fff6405feb0:   48 8b 01 48 3b 04 11 75 1b 48 83 c1 08 49 ff c9
0x00007fff6405fec0:   75 ee 49 83 e0 07 eb 83 48 83 c1 08 48 83 c1 08
0x00007fff6405fed0:   48 83 c1 08 48 8b 0c 0a 48 0f c8 48 0f c9 48 3b
0x00007fff6405fee0:   c1 1b c0 83 d8 ff c3 cc cc cc cc cc cc cc cc cc
0x00007fff6405fef0:   cc cc cc cc cc cc 66 66 0f 1f 84 00 00 00 00 00
0x00007fff6405ff00:   57 56 49 8b c3 48 8b f9 49 8b c8 49 8b f2 f3 a4
0x00007fff6405ff10:   5e 5f c3 cc cc cc cc cc cc 0f 1f 80 00 00 00 00
0x00007fff6405ff20:   4c 8b d9 4c 8b d2 49 83 f8 10 76 54 49 83 f8 20
0x00007fff6405ff30:   76 2e 48 2b d1 73 0d 4b 8d 04 10 48 3b c8 0f 82
0x00007fff6405ff40:   dc 02 00 00 49 81 f8 80 00 00 00 0f 86 0f 02 00
0x00007fff6405ff50:   00 f6 05 40 f8 9f 01 02 0f 84 52 01 00 00 eb a0
0x00007fff6405ff60:   0f 10 02 42 0f 10 4c 02 f0 0f 11 01 42 0f 11 4c
0x00007fff6405ff70:   01 f0 48 8b c1 c3 66 66 0f 1f 84 00 00 00 00 00
0x00007fff6405ff80:   48 8b c1 4c 8d 0d 76 00 ec fe 43 8b 8c 81 10 9a
0x00007fff6405ff90:   c8 02 49 03 c9 ff e1 66 0f 1f 84 00 00 00 00 00
0x00007fff6405ffa0:   c3 0f b7 0a 66 89 08 c3 48 8b 0a 48 89 08 c3 0f
0x00007fff6405ffb0:   b7 0a 44 0f b6 42 02 66 89 08 44 88 40 02 c3 0f
0x00007fff6405ffc0:   b6 0a 88 08 c3 f3 0f 6f 02 f3 0f 7f 00 c3 66 90
0x00007fff6405ffd0:   4c 8b 02 0f b7 4a 08 44 0f b6 4a 0a 4c 89 00 66
0x00007fff6405ffe0:   89 48 08 44 88 48 0a c3 8b 0a 89 08 c3 0f 1f 00
0x00007fff6405fff0:   8b 0a 44 0f b6 42 04 89 08 44 88 40 04 c3 66 90
0x00007fff64060000:   8b 0a 44 0f b7 42 04 89 08 66 44 89 40 04 c3 90
0x00007fff64060010:   8b 0a 44 0f b7 42 04 44 0f b6 4a 06 89 08 66 44
0x00007fff64060020:   89 40 04 44 88 48 06 c3 4c 8b 02 8b 4a 08 44 0f
0x00007fff64060030:   b6 4a 0c 4c 89 00 89 48 08 44 88 48 0c c3 66 90
0x00007fff64060040:   4c 8b 02 0f b6 4a 08 4c 89 00 88 48 08 c3 66 90
0x00007fff64060050:   4c 8b 02 0f b7 4a 08 4c 89 00 66 89 48 08 c3 90 


Stack slot to memory mapping:
stack at sp + 0 slots: 0x00007fff636f7bac nvoglv64.dll
stack at sp + 1 slots: 0x0000026a5a2cb2f0 points into unknown readable memory: 0x000000003f800000 | 00 00 80 3f 00 00 00 00
stack at sp + 2 slots: {method} {0x0000026a53ada098} 'nglDrawElements' '(IIIJ)V' in 'org/lwjgl/opengl/GL11C'
stack at sp + 3 slots: 0x000000905e9ff1e8 is pointing into the stack for thread: 0x0000026a300f72b0
stack at sp + 4 slots: 0x00007fff7b33bf17 jvm.dll
stack at sp + 5 slots: 0x000000000017555d is an unknown value
stack at sp + 6 slots: 0x0000026a3834e1bd is at code_begin+4157 in 
[CodeBlob (0x0000026a3834d110)]
Framesize: 0
BufferBlob (0x0000026a3834d110) used for native signature handlers
stack at sp + 7 slots: 0x0000026a300f72b0 is a thread


---------------  P R O C E S S  ---------------

Threads class SMR info:
_java_thread_list=0x0000026a544638e0, length=12, elements={
0x0000026a300f72b0, 0x0000026a53346950, 0x0000026a53347430, 0x0000026a5335e840,
0x0000026a53c62480, 0x0000026a53c62d40, 0x0000026a53c65940, 0x0000026a53c67300,
0x0000026a53c7d000, 0x0000026a53d9d930, 0x0000026a53da43d0, 0x0000026a547b2160
}

Java Threads: ( => current thread )
=>0x0000026a300f72b0 JavaThread "main" [_thread_in_native, id=31508, stack(0x000000905e900000,0x000000905ea00000)]
  0x0000026a53346950 JavaThread "Reference Handler" daemon [_thread_blocked, id=14252, stack(0x000000905f000000,0x000000905f100000)]
  0x0000026a53347430 JavaThread "Finalizer" daemon [_thread_blocked, id=22848, stack(0x000000905f100000,0x000000905f200000)]
  0x0000026a5335e840 JavaThread "Signal Dispatcher" daemon [_thread_blocked, id=31560, stack(0x000000905f200000,0x000000905f300000)]
  0x0000026a53c62480 JavaThread "Attach Listener" daemon [_thread_blocked, id=33176, stack(0x000000905f300000,0x000000905f400000)]
  0x0000026a53c62d40 JavaThread "Service Thread" daemon [_thread_blocked, id=33264, stack(0x000000905f400000,0x000000905f500000)]
  0x0000026a53c65940 JavaThread "C2 CompilerThread0" daemon [_thread_blocked, id=6008, stack(0x000000905f500000,0x000000905f600000)]
  0x0000026a53c67300 JavaThread "C1 CompilerThread0" daemon [_thread_blocked, id=33112, stack(0x000000905f600000,0x000000905f700000)]
  0x0000026a53c7d000 JavaThread "Sweeper thread" daemon [_thread_blocked, id=31168, stack(0x000000905f700000,0x000000905f800000)]
  0x0000026a53d9d930 JavaThread "Notification Thread" daemon [_thread_blocked, id=11100, stack(0x000000905f800000,0x000000905f900000)]
  0x0000026a53da43d0 JavaThread "Common-Cleaner" daemon [_thread_blocked, id=6872, stack(0x000000905fa00000,0x000000905fb00000)]
  0x0000026a547b2160 JavaThread "C2 CompilerThread1" daemon [_thread_blocked, id=30872, stack(0x0000009060100000,0x0000009060200000)]

Other Threads:
  0x0000026a533431b0 VMThread "VM Thread" [stack: 0x000000905ef00000,0x000000905f000000] [id=31544]
  0x0000026a53da77d0 WatcherThread [stack: 0x000000905f900000,0x000000905fa00000] [id=14272]
  0x0000026a30143240 GCTaskThread "GC Thread#0" [stack: 0x000000905ea00000,0x000000905eb00000] [id=33660]
  0x0000026a30155200 ConcurrentGCThread "G1 Main Marker" [stack: 0x000000905eb00000,0x000000905ec00000] [id=12816]
  0x0000026a30155d80 ConcurrentGCThread "G1 Conc#0" [stack: 0x000000905ec00000,0x000000905ed00000] [id=32916]
  0x0000026a301c1e00 ConcurrentGCThread "G1 Refine#0" [stack: 0x000000905ed00000,0x000000905ee00000] [id=30988]
  0x0000026a301c2910 ConcurrentGCThread "G1 Young RemSet Sampling" [stack: 0x000000905ee00000,0x000000905ef00000] [id=1000]

Threads with active compile tasks:

VM state: not at safepoint (normal execution)

VM Mutex/Monitor currently owned by a thread: None

Heap address: 0x0000000702200000, size: 4062 MB, Compressed Oops mode: Zero based, Oop shift amount: 3
CDS archive(s) mapped at: [0x0000000800000000-0x0000000800b50000-0x0000000800b50000), size 11862016, SharedBaseAddress: 0x0000000800000000, ArchiveRelocationMode: 0.
Compressed class space mapped at: 0x0000000800b50000-0x0000000840b50000, size: 1073741824
Narrow klass base: 0x0000000800000000, Narrow klass shift: 3, Narrow klass range: 0x100000000

GC Precious Log:
 CPUs: 6 total, 6 available
 Memory: 16247M
 Large Page Support: Disabled
 NUMA Support: Disabled
 Compressed Oops: Enabled (Zero based)
 Heap Region Size: 2M
 Heap Min Capacity: 8M
 Heap Initial Capacity: 254M
 Heap Max Capacity: 4062M
 Pre-touch: Disabled
 Parallel Workers: 6
 Concurrent Workers: 2
 Concurrent Refinement Workers: 6
 Periodic GC: Disabled

Heap:
 garbage-first heap   total 260096K, used 16384K [0x0000000702200000, 0x0000000800000000)
  region size 2048K, 9 young (18432K), 0 survivors (0K)
 Metaspace       used 7437K, capacity 10276K, committed 10368K, reserved 1058816K
  class space    used 354K, capacity 637K, committed 640K, reserved 1048576K

Heap Regions: E=young(eden), S=young(survivor), O=old, HS=humongous(starts), HC=humongous(continues), CS=collection set, F=free, OA=open archive, CA=closed archive, TAMS=top-at-mark-start (previous, next)
|   0|0x0000000702200000, 0x0000000702200000, 0x0000000702400000|  0%| F|  |TAMS 0x0000000702200000, 0x0000000702200000| Untracked 
|   1|0x0000000702400000, 0x0000000702400000, 0x0000000702600000|  0%| F|  |TAMS 0x0000000702400000, 0x0000000702400000| Untracked 
|   2|0x0000000702600000, 0x0000000702600000, 0x0000000702800000|  0%| F|  |TAMS 0x0000000702600000, 0x0000000702600000| Untracked 
|   3|0x0000000702800000, 0x0000000702800000, 0x0000000702a00000|  0%| F|  |TAMS 0x0000000702800000, 0x0000000702800000| Untracked 
|   4|0x0000000702a00000, 0x0000000702a00000, 0x0000000702c00000|  0%| F|  |TAMS 0x0000000702a00000, 0x0000000702a00000| Untracked 
|   5|0x0000000702c00000, 0x0000000702c00000, 0x0000000702e00000|  0%| F|  |TAMS 0x0000000702c00000, 0x0000000702c00000| Untracked 
|   6|0x0000000702e00000, 0x0000000702e00000, 0x0000000703000000|  0%| F|  |TAMS 0x0000000702e00000, 0x0000000702e00000| Untracked 
|   7|0x0000000703000000, 0x0000000703000000, 0x0000000703200000|  0%| F|  |TAMS 0x0000000703000000, 0x0000000703000000| Untracked 
|   8|0x0000000703200000, 0x0000000703200000, 0x0000000703400000|  0%| F|  |TAMS 0x0000000703200000, 0x0000000703200000| Untracked 
|   9|0x0000000703400000, 0x0000000703400000, 0x0000000703600000|  0%| F|  |TAMS 0x0000000703400000, 0x0000000703400000| Untracked 
|  10|0x0000000703600000, 0x0000000703600000, 0x0000000703800000|  0%| F|  |TAMS 0x0000000703600000, 0x0000000703600000| Untracked 
|  11|0x0000000703800000, 0x0000000703800000, 0x0000000703a00000|  0%| F|  |TAMS 0x0000000703800000, 0x0000000703800000| Untracked 
|  12|0x0000000703a00000, 0x0000000703a00000, 0x0000000703c00000|  0%| F|  |TAMS 0x0000000703a00000, 0x0000000703a00000| Untracked 
|  13|0x0000000703c00000, 0x0000000703c00000, 0x0000000703e00000|  0%| F|  |TAMS 0x0000000703c00000, 0x0000000703c00000| Untracked 
|  14|0x0000000703e00000, 0x0000000703e00000, 0x0000000704000000|  0%| F|  |TAMS 0x0000000703e00000, 0x0000000703e00000| Untracked 
|  15|0x0000000704000000, 0x0000000704000000, 0x0000000704200000|  0%| F|  |TAMS 0x0000000704000000, 0x0000000704000000| Untracked 
|  16|0x0000000704200000, 0x0000000704200000, 0x0000000704400000|  0%| F|  |TAMS 0x0000000704200000, 0x0000000704200000| Untracked 
|  17|0x0000000704400000, 0x0000000704400000, 0x0000000704600000|  0%| F|  |TAMS 0x0000000704400000, 0x0000000704400000| Untracked 
|  18|0x0000000704600000, 0x0000000704600000, 0x0000000704800000|  0%| F|  |TAMS 0x0000000704600000, 0x0000000704600000| Untracked 
|  19|0x0000000704800000, 0x0000000704800000, 0x0000000704a00000|  0%| F|  |TAMS 0x0000000704800000, 0x0000000704800000| Untracked 
|  20|0x0000000704a00000, 0x0000000704a00000, 0x0000000704c00000|  0%| F|  |TAMS 0x0000000704a00000, 0x0000000704a00000| Untracked 
|  21|0x0000000704c00000, 0x0000000704c00000, 0x0000000704e00000|  0%| F|  |TAMS 0x0000000704c00000, 0x0000000704c00000| Untracked 
|  22|0x0000000704e00000, 0x0000000704e00000, 0x0000000705000000|  0%| F|  |TAMS 0x0000000704e00000, 0x0000000704e00000| Untracked 
|  23|0x0000000705000000, 0x0000000705000000, 0x0000000705200000|  0%| F|  |TAMS 0x0000000705000000, 0x0000000705000000| Untracked 
|  24|0x0000000705200000, 0x0000000705200000, 0x0000000705400000|  0%| F|  |TAMS 0x0000000705200000, 0x0000000705200000| Untracked 
|  25|0x0000000705400000, 0x0000000705400000, 0x0000000705600000|  0%| F|  |TAMS 0x0000000705400000, 0x0000000705400000| Untracked 
|  26|0x0000000705600000, 0x0000000705600000, 0x0000000705800000|  0%| F|  |TAMS 0x0000000705600000, 0x0000000705600000| Untracked 
|  27|0x0000000705800000, 0x0000000705800000, 0x0000000705a00000|  0%| F|  |TAMS 0x0000000705800000, 0x0000000705800000| Untracked 
|  28|0x0000000705a00000, 0x0000000705a00000, 0x0000000705c00000|  0%| F|  |TAMS 0x0000000705a00000, 0x0000000705a00000| Untracked 
|  29|0x0000000705c00000, 0x0000000705c00000, 0x0000000705e00000|  0%| F|  |TAMS 0x0000000705c00000, 0x0000000705c00000| Untracked 
|  30|0x0000000705e00000, 0x0000000705e00000, 0x0000000706000000|  0%| F|  |TAMS 0x0000000705e00000, 0x0000000705e00000| Untracked 
|  31|0x0000000706000000, 0x0000000706000000, 0x0000000706200000|  0%| F|  |TAMS 0x0000000706000000, 0x0000000706000000| Untracked 
|  32|0x0000000706200000, 0x0000000706200000, 0x0000000706400000|  0%| F|  |TAMS 0x0000000706200000, 0x0000000706200000| Untracked 
|  33|0x0000000706400000, 0x0000000706400000, 0x0000000706600000|  0%| F|  |TAMS 0x0000000706400000, 0x0000000706400000| Untracked 
|  34|0x0000000706600000, 0x0000000706600000, 0x0000000706800000|  0%| F|  |TAMS 0x0000000706600000, 0x0000000706600000| Untracked 
|  35|0x0000000706800000, 0x0000000706800000, 0x0000000706a00000|  0%| F|  |TAMS 0x0000000706800000, 0x0000000706800000| Untracked 
|  36|0x0000000706a00000, 0x0000000706a00000, 0x0000000706c00000|  0%| F|  |TAMS 0x0000000706a00000, 0x0000000706a00000| Untracked 
|  37|0x0000000706c00000, 0x0000000706c00000, 0x0000000706e00000|  0%| F|  |TAMS 0x0000000706c00000, 0x0000000706c00000| Untracked 
|  38|0x0000000706e00000, 0x0000000706e00000, 0x0000000707000000|  0%| F|  |TAMS 0x0000000706e00000, 0x0000000706e00000| Untracked 
|  39|0x0000000707000000, 0x0000000707000000, 0x0000000707200000|  0%| F|  |TAMS 0x0000000707000000, 0x0000000707000000| Untracked 
|  40|0x0000000707200000, 0x0000000707200000, 0x0000000707400000|  0%| F|  |TAMS 0x0000000707200000, 0x0000000707200000| Untracked 
|  41|0x0000000707400000, 0x0000000707400000, 0x0000000707600000|  0%| F|  |TAMS 0x0000000707400000, 0x0000000707400000| Untracked 
|  42|0x0000000707600000, 0x0000000707600000, 0x0000000707800000|  0%| F|  |TAMS 0x0000000707600000, 0x0000000707600000| Untracked 
|  43|0x0000000707800000, 0x0000000707800000, 0x0000000707a00000|  0%| F|  |TAMS 0x0000000707800000, 0x0000000707800000| Untracked 
|  44|0x0000000707a00000, 0x0000000707a00000, 0x0000000707c00000|  0%| F|  |TAMS 0x0000000707a00000, 0x0000000707a00000| Untracked 
|  45|0x0000000707c00000, 0x0000000707c00000, 0x0000000707e00000|  0%| F|  |TAMS 0x0000000707c00000, 0x0000000707c00000| Untracked 
|  46|0x0000000707e00000, 0x0000000707e00000, 0x0000000708000000|  0%| F|  |TAMS 0x0000000707e00000, 0x0000000707e00000| Untracked 
|  47|0x0000000708000000, 0x0000000708000000, 0x0000000708200000|  0%| F|  |TAMS 0x0000000708000000, 0x0000000708000000| Untracked 
|  48|0x0000000708200000, 0x0000000708200000, 0x0000000708400000|  0%| F|  |TAMS 0x0000000708200000, 0x0000000708200000| Untracked 
|  49|0x0000000708400000, 0x0000000708400000, 0x0000000708600000|  0%| F|  |TAMS 0x0000000708400000, 0x0000000708400000| Untracked 
|  50|0x0000000708600000, 0x0000000708600000, 0x0000000708800000|  0%| F|  |TAMS 0x0000000708600000, 0x0000000708600000| Untracked 
|  51|0x0000000708800000, 0x0000000708800000, 0x0000000708a00000|  0%| F|  |TAMS 0x0000000708800000, 0x0000000708800000| Untracked 
|  52|0x0000000708a00000, 0x0000000708a00000, 0x0000000708c00000|  0%| F|  |TAMS 0x0000000708a00000, 0x0000000708a00000| Untracked 
|  53|0x0000000708c00000, 0x0000000708c00000, 0x0000000708e00000|  0%| F|  |TAMS 0x0000000708c00000, 0x0000000708c00000| Untracked 
|  54|0x0000000708e00000, 0x0000000708e00000, 0x0000000709000000|  0%| F|  |TAMS 0x0000000708e00000, 0x0000000708e00000| Untracked 
|  55|0x0000000709000000, 0x0000000709000000, 0x0000000709200000|  0%| F|  |TAMS 0x0000000709000000, 0x0000000709000000| Untracked 
|  56|0x0000000709200000, 0x0000000709200000, 0x0000000709400000|  0%| F|  |TAMS 0x0000000709200000, 0x0000000709200000| Untracked 
|  57|0x0000000709400000, 0x0000000709400000, 0x0000000709600000|  0%| F|  |TAMS 0x0000000709400000, 0x0000000709400000| Untracked 
|  58|0x0000000709600000, 0x0000000709600000, 0x0000000709800000|  0%| F|  |TAMS 0x0000000709600000, 0x0000000709600000| Untracked 
|  59|0x0000000709800000, 0x0000000709800000, 0x0000000709a00000|  0%| F|  |TAMS 0x0000000709800000, 0x0000000709800000| Untracked 
|  60|0x0000000709a00000, 0x0000000709a00000, 0x0000000709c00000|  0%| F|  |TAMS 0x0000000709a00000, 0x0000000709a00000| Untracked 
|  61|0x0000000709c00000, 0x0000000709c00000, 0x0000000709e00000|  0%| F|  |TAMS 0x0000000709c00000, 0x0000000709c00000| Untracked 
|  62|0x0000000709e00000, 0x0000000709e00000, 0x000000070a000000|  0%| F|  |TAMS 0x0000000709e00000, 0x0000000709e00000| Untracked 
|  63|0x000000070a000000, 0x000000070a000000, 0x000000070a200000|  0%| F|  |TAMS 0x000000070a000000, 0x000000070a000000| Untracked 
|  64|0x000000070a200000, 0x000000070a200000, 0x000000070a400000|  0%| F|  |TAMS 0x000000070a200000, 0x000000070a200000| Untracked 
|  65|0x000000070a400000, 0x000000070a400000, 0x000000070a600000|  0%| F|  |TAMS 0x000000070a400000, 0x000000070a400000| Untracked 
|  66|0x000000070a600000, 0x000000070a600000, 0x000000070a800000|  0%| F|  |TAMS 0x000000070a600000, 0x000000070a600000| Untracked 
|  67|0x000000070a800000, 0x000000070a800000, 0x000000070aa00000|  0%| F|  |TAMS 0x000000070a800000, 0x000000070a800000| Untracked 
|  68|0x000000070aa00000, 0x000000070aa00000, 0x000000070ac00000|  0%| F|  |TAMS 0x000000070aa00000, 0x000000070aa00000| Untracked 
|  69|0x000000070ac00000, 0x000000070ac00000, 0x000000070ae00000|  0%| F|  |TAMS 0x000000070ac00000, 0x000000070ac00000| Untracked 
|  70|0x000000070ae00000, 0x000000070ae00000, 0x000000070b000000|  0%| F|  |TAMS 0x000000070ae00000, 0x000000070ae00000| Untracked 
|  71|0x000000070b000000, 0x000000070b000000, 0x000000070b200000|  0%| F|  |TAMS 0x000000070b000000, 0x000000070b000000| Untracked 
|  72|0x000000070b200000, 0x000000070b200000, 0x000000070b400000|  0%| F|  |TAMS 0x000000070b200000, 0x000000070b200000| Untracked 
|  73|0x000000070b400000, 0x000000070b400000, 0x000000070b600000|  0%| F|  |TAMS 0x000000070b400000, 0x000000070b400000| Untracked 
|  74|0x000000070b600000, 0x000000070b600000, 0x000000070b800000|  0%| F|  |TAMS 0x000000070b600000, 0x000000070b600000| Untracked 
|  75|0x000000070b800000, 0x000000070b800000, 0x000000070ba00000|  0%| F|  |TAMS 0x000000070b800000, 0x000000070b800000| Untracked 
|  76|0x000000070ba00000, 0x000000070ba00000, 0x000000070bc00000|  0%| F|  |TAMS 0x000000070ba00000, 0x000000070ba00000| Untracked 
|  77|0x000000070bc00000, 0x000000070bc00000, 0x000000070be00000|  0%| F|  |TAMS 0x000000070bc00000, 0x000000070bc00000| Untracked 
|  78|0x000000070be00000, 0x000000070be00000, 0x000000070c000000|  0%| F|  |TAMS 0x000000070be00000, 0x000000070be00000| Untracked 
|  79|0x000000070c000000, 0x000000070c000000, 0x000000070c200000|  0%| F|  |TAMS 0x000000070c000000, 0x000000070c000000| Untracked 
|  80|0x000000070c200000, 0x000000070c200000, 0x000000070c400000|  0%| F|  |TAMS 0x000000070c200000, 0x000000070c200000| Untracked 
|  81|0x000000070c400000, 0x000000070c400000, 0x000000070c600000|  0%| F|  |TAMS 0x000000070c400000, 0x000000070c400000| Untracked 
|  82|0x000000070c600000, 0x000000070c600000, 0x000000070c800000|  0%| F|  |TAMS 0x000000070c600000, 0x000000070c600000| Untracked 
|  83|0x000000070c800000, 0x000000070c800000, 0x000000070ca00000|  0%| F|  |TAMS 0x000000070c800000, 0x000000070c800000| Untracked 
|  84|0x000000070ca00000, 0x000000070ca00000, 0x000000070cc00000|  0%| F|  |TAMS 0x000000070ca00000, 0x000000070ca00000| Untracked 
|  85|0x000000070cc00000, 0x000000070cc00000, 0x000000070ce00000|  0%| F|  |TAMS 0x000000070cc00000, 0x000000070cc00000| Untracked 
|  86|0x000000070ce00000, 0x000000070ce00000, 0x000000070d000000|  0%| F|  |TAMS 0x000000070ce00000, 0x000000070ce00000| Untracked 
|  87|0x000000070d000000, 0x000000070d000000, 0x000000070d200000|  0%| F|  |TAMS 0x000000070d000000, 0x000000070d000000| Untracked 
|  88|0x000000070d200000, 0x000000070d200000, 0x000000070d400000|  0%| F|  |TAMS 0x000000070d200000, 0x000000070d200000| Untracked 
|  89|0x000000070d400000, 0x000000070d400000, 0x000000070d600000|  0%| F|  |TAMS 0x000000070d400000, 0x000000070d400000| Untracked 
|  90|0x000000070d600000, 0x000000070d600000, 0x000000070d800000|  0%| F|  |TAMS 0x000000070d600000, 0x000000070d600000| Untracked 
|  91|0x000000070d800000, 0x000000070d800000, 0x000000070da00000|  0%| F|  |TAMS 0x000000070d800000, 0x000000070d800000| Untracked 
|  92|0x000000070da00000, 0x000000070da00000, 0x000000070dc00000|  0%| F|  |TAMS 0x000000070da00000, 0x000000070da00000| Untracked 
|  93|0x000000070dc00000, 0x000000070dc00000, 0x000000070de00000|  0%| F|  |TAMS 0x000000070dc00000, 0x000000070dc00000| Untracked 
|  94|0x000000070de00000, 0x000000070de00000, 0x000000070e000000|  0%| F|  |TAMS 0x000000070de00000, 0x000000070de00000| Untracked 
|  95|0x000000070e000000, 0x000000070e000000, 0x000000070e200000|  0%| F|  |TAMS 0x000000070e000000, 0x000000070e000000| Untracked 
|  96|0x000000070e200000, 0x000000070e200000, 0x000000070e400000|  0%| F|  |TAMS 0x000000070e200000, 0x000000070e200000| Untracked 
|  97|0x000000070e400000, 0x000000070e400000, 0x000000070e600000|  0%| F|  |TAMS 0x000000070e400000, 0x000000070e400000| Untracked 
|  98|0x000000070e600000, 0x000000070e600000, 0x000000070e800000|  0%| F|  |TAMS 0x000000070e600000, 0x000000070e600000| Untracked 
|  99|0x000000070e800000, 0x000000070e800000, 0x000000070ea00000|  0%| F|  |TAMS 0x000000070e800000, 0x000000070e800000| Untracked 
| 100|0x000000070ea00000, 0x000000070ea00000, 0x000000070ec00000|  0%| F|  |TAMS 0x000000070ea00000, 0x000000070ea00000| Untracked 
| 101|0x000000070ec00000, 0x000000070ec00000, 0x000000070ee00000|  0%| F|  |TAMS 0x000000070ec00000, 0x000000070ec00000| Untracked 
| 102|0x000000070ee00000, 0x000000070ee00000, 0x000000070f000000|  0%| F|  |TAMS 0x000000070ee00000, 0x000000070ee00000| Untracked 
| 103|0x000000070f000000, 0x000000070f000000, 0x000000070f200000|  0%| F|  |TAMS 0x000000070f000000, 0x000000070f000000| Untracked 
| 104|0x000000070f200000, 0x000000070f200000, 0x000000070f400000|  0%| F|  |TAMS 0x000000070f200000, 0x000000070f200000| Untracked 
| 105|0x000000070f400000, 0x000000070f400000, 0x000000070f600000|  0%| F|  |TAMS 0x000000070f400000, 0x000000070f400000| Untracked 
| 106|0x000000070f600000, 0x000000070f600000, 0x000000070f800000|  0%| F|  |TAMS 0x000000070f600000, 0x000000070f600000| Untracked 
| 107|0x000000070f800000, 0x000000070f800000, 0x000000070fa00000|  0%| F|  |TAMS 0x000000070f800000, 0x000000070f800000| Untracked 
| 108|0x000000070fa00000, 0x000000070fa00000, 0x000000070fc00000|  0%| F|  |TAMS 0x000000070fa00000, 0x000000070fa00000| Untracked 
| 109|0x000000070fc00000, 0x000000070fc00000, 0x000000070fe00000|  0%| F|  |TAMS 0x000000070fc00000, 0x000000070fc00000| Untracked 
| 110|0x000000070fe00000, 0x000000070fe00000, 0x0000000710000000|  0%| F|  |TAMS 0x000000070fe00000, 0x000000070fe00000| Untracked 
| 111|0x0000000710000000, 0x0000000710000000, 0x0000000710200000|  0%| F|  |TAMS 0x0000000710000000, 0x0000000710000000| Untracked 
| 112|0x0000000710200000, 0x0000000710200000, 0x0000000710400000|  0%| F|  |TAMS 0x0000000710200000, 0x0000000710200000| Untracked 
| 113|0x0000000710400000, 0x0000000710400000, 0x0000000710600000|  0%| F|  |TAMS 0x0000000710400000, 0x0000000710400000| Untracked 
| 114|0x0000000710600000, 0x0000000710600000, 0x0000000710800000|  0%| F|  |TAMS 0x0000000710600000, 0x0000000710600000| Untracked 
| 115|0x0000000710800000, 0x0000000710800000, 0x0000000710a00000|  0%| F|  |TAMS 0x0000000710800000, 0x0000000710800000| Untracked 
| 116|0x0000000710a00000, 0x0000000710a00000, 0x0000000710c00000|  0%| F|  |TAMS 0x0000000710a00000, 0x0000000710a00000| Untracked 
| 117|0x0000000710c00000, 0x0000000710c00000, 0x0000000710e00000|  0%| F|  |TAMS 0x0000000710c00000, 0x0000000710c00000| Untracked 
| 118|0x0000000710e00000, 0x0000000710ef1510, 0x0000000711000000| 47%| E|  |TAMS 0x0000000710e00000, 0x0000000710e00000| Complete 
| 119|0x0000000711000000, 0x0000000711200000, 0x0000000711200000|100%| E|CS|TAMS 0x0000000711000000, 0x0000000711000000| Complete 
| 120|0x0000000711200000, 0x0000000711400000, 0x0000000711400000|100%| E|CS|TAMS 0x0000000711200000, 0x0000000711200000| Complete 
| 121|0x0000000711400000, 0x0000000711600000, 0x0000000711600000|100%| E|CS|TAMS 0x0000000711400000, 0x0000000711400000| Complete 
| 122|0x0000000711600000, 0x0000000711800000, 0x0000000711800000|100%| E|CS|TAMS 0x0000000711600000, 0x0000000711600000| Complete 
| 123|0x0000000711800000, 0x0000000711a00000, 0x0000000711a00000|100%| E|CS|TAMS 0x0000000711800000, 0x0000000711800000| Complete 
| 124|0x0000000711a00000, 0x0000000711c00000, 0x0000000711c00000|100%| E|CS|TAMS 0x0000000711a00000, 0x0000000711a00000| Complete 
| 125|0x0000000711c00000, 0x0000000711e00000, 0x0000000711e00000|100%| E|CS|TAMS 0x0000000711c00000, 0x0000000711c00000| Complete 
| 126|0x0000000711e00000, 0x0000000712000000, 0x0000000712000000|100%| E|CS|TAMS 0x0000000711e00000, 0x0000000711e00000| Complete 

Card table byte_map: [0x0000026a47c20000,0x0000026a48410000] _byte_map_base: 0x0000026a4440f000

Marking Bits (Prev, Next): (CMBitMap*) 0x0000026a301449d0, (CMBitMap*) 0x0000026a30144a10
 Prev Bits: [0x0000026a48c00000, 0x0000026a4cb78000)
 Next Bits: [0x0000026a4cb80000, 0x0000026a50af8000)

Polling page: 0x0000026a2df70000

Metaspace:

Usage:
  Non-class:      9.41 MB capacity,     6.92 MB ( 73%) used,     2.49 MB ( 26%) free+waste,     7.88 KB ( <1%) overhead. 
      Class:    637.00 KB capacity,   354.09 KB ( 56%) used,   280.91 KB ( 44%) free+waste,     2.00 KB ( <1%) overhead. 
       Both:     10.04 MB capacity,     7.26 MB ( 72%) used,     2.76 MB ( 28%) free+waste,     9.88 KB ( <1%) overhead. 

Virtual space:
  Non-class space:       10.00 MB reserved,       9.50 MB ( 95%) committed 
      Class space:        1.00 GB reserved,     640.00 KB ( <1%) committed 
             Both:        1.01 GB reserved,      10.12 MB ( <1%) committed 

Chunk freelists:
   Non-Class:  89.00 KB
       Class:  3.00 KB
        Both:  92.00 KB

MaxMetaspaceSize: 17179869184.00 GB
CompressedClassSpaceSize: 1.00 GB

CodeHeap 'non-profiled nmethods': size=120000Kb used=223Kb max_used=223Kb free=119776Kb
 bounds [0x0000026a3fdf0000, 0x0000026a40060000, 0x0000026a47320000]
CodeHeap 'profiled nmethods': size=120000Kb used=1390Kb max_used=1390Kb free=118609Kb
 bounds [0x0000026a388c0000, 0x0000026a38b30000, 0x0000026a3fdf0000]
CodeHeap 'non-nmethods': size=5760Kb used=1654Kb max_used=1678Kb free=4105Kb
 bounds [0x0000026a38320000, 0x0000026a38590000, 0x0000026a388c0000]
 total_blobs=1868 nmethods=809 adapters=972
 compilation: enabled
              stopped_count=0, restarted_count=0
 full_count=0

Compilation events (20 events):
Event: 0.673 Thread 0x0000026a53c67300  800       3       java.nio.FloatBuffer::put (9 bytes)
Event: 0.673 Thread 0x0000026a53c67300 nmethod 800 0x0000026a38a15890 code [0x0000026a38a15a40, 0x0000026a38a15c08]
Event: 0.673 Thread 0x0000026a53c67300  808       3       jdk.internal.math.FloatingDecimal$ASCIIToBinaryBuffer::floatValue (1087 bytes)
Event: 0.674 Thread 0x0000026a53c67300 nmethod 808 0x0000026a38a15d10 code [0x0000026a38a16160, 0x0000026a38a180a8]
Event: 0.674 Thread 0x0000026a53c67300  801   !   3       java.nio.DirectFloatBufferU::put (192 bytes)
Event: 0.675 Thread 0x0000026a53c67300 nmethod 801 0x0000026a38a18e10 code [0x0000026a38a19080, 0x0000026a38a19ae8]
Event: 0.675 Thread 0x0000026a53c67300  802       3       java.nio.DirectFloatBufferU::order (19 bytes)
Event: 0.675 Thread 0x0000026a53c67300 nmethod 802 0x0000026a38a19f90 code [0x0000026a38a1a140, 0x0000026a38a1a2b8]
Event: 0.675 Thread 0x0000026a53c67300  803       3       java.nio.DirectFloatBufferU::ix (10 bytes)
Event: 0.675 Thread 0x0000026a53c67300 nmethod 803 0x0000026a38a1a390 code [0x0000026a38a1a520, 0x0000026a38a1a638]
Event: 0.675 Thread 0x0000026a53c67300  804       3       java.nio.FloatBuffer::flip (7 bytes)
Event: 0.675 Thread 0x0000026a53c67300 nmethod 804 0x0000026a38a1a710 code [0x0000026a38a1a8a0, 0x0000026a38a1aa18]
Event: 0.675 Thread 0x0000026a53c67300  805       3       org.lwjgl.system.MemoryUtil::memAddress (13 bytes)
Event: 0.675 Thread 0x0000026a53c67300 nmethod 805 0x0000026a38a1ab10 code [0x0000026a38a1acc0, 0x0000026a38a1aec8]
Event: 0.675 Thread 0x0000026a53c67300  806       3       java.lang.Float::parseFloat (5 bytes)
Event: 0.675 Thread 0x0000026a53c67300 nmethod 806 0x0000026a38a1b010 code [0x0000026a38a1b1c0, 0x0000026a38a1b3f8]
Event: 0.675 Thread 0x0000026a53c67300  807       3       jdk.internal.math.FloatingDecimal::parseFloat (10 bytes)
Event: 0.675 Thread 0x0000026a53c67300 nmethod 807 0x0000026a38a1b510 code [0x0000026a38a1b6c0, 0x0000026a38a1b898]
Event: 0.675 Thread 0x0000026a53c65940  809       4       java.nio.Buffer::flip (20 bytes)
Event: 0.675 Thread 0x0000026a53c65940 nmethod 809 0x0000026a3fe27b10 code [0x0000026a3fe27c80, 0x0000026a3fe27cf8]

GC Heap History (0 events):
No events

Deoptimization events (20 events):
Event: 0.438 Thread 0x0000026a300f72b0 DEOPT PACKING pc=0x0000026a3fe12658 sp=0x000000905e9ff160
Event: 0.438 Thread 0x0000026a300f72b0 DEOPT UNPACKING pc=0x0000026a3836e42f sp=0x000000905e9ff0e8 mode 2
Event: 0.498 Thread 0x0000026a300f72b0 DEOPT PACKING pc=0x0000026a388efa5f sp=0x000000905e9fdae0
Event: 0.498 Thread 0x0000026a300f72b0 DEOPT UNPACKING pc=0x0000026a3836e23f sp=0x000000905e9fcf30 mode 0
Event: 0.544 Thread 0x0000026a300f72b0 Uncommon trap: trap_request=0xffffff54 fr.pc=0x0000026a3fe11a60 relative=0x0000000000000060
Event: 0.544 Thread 0x0000026a300f72b0 Uncommon trap: reason=speculate_null_assert action=make_not_entrant pc=0x0000026a3fe11a60 method=sun.misc.Unsafe.putLong(Ljava/lang/Object;JJ)V @ 7 c2
Event: 0.544 Thread 0x0000026a300f72b0 DEOPT PACKING pc=0x0000026a3fe11a60 sp=0x000000905e9fefc0
Event: 0.544 Thread 0x0000026a300f72b0 DEOPT UNPACKING pc=0x0000026a3836e42f sp=0x000000905e9fef38 mode 2
Event: 0.551 Thread 0x0000026a300f72b0 Uncommon trap: trap_request=0xffffff45 fr.pc=0x0000026a3fe22834 relative=0x0000000000000034
Event: 0.551 Thread 0x0000026a300f72b0 Uncommon trap: reason=unstable_if action=reinterpret pc=0x0000026a3fe22834 method=java.lang.reflect.Modifier.isFinal(I)Z @ 4 c2
Event: 0.551 Thread 0x0000026a300f72b0 DEOPT PACKING pc=0x0000026a3fe22834 sp=0x000000905e9fe120
Event: 0.551 Thread 0x0000026a300f72b0 DEOPT UNPACKING pc=0x0000026a3836e42f sp=0x000000905e9fe0b0 mode 2
Event: 0.560 Thread 0x0000026a300f72b0 Uncommon trap: trap_request=0xffffff45 fr.pc=0x0000026a3fe144b0 relative=0x0000000000001130
Event: 0.560 Thread 0x0000026a300f72b0 Uncommon trap: reason=unstable_if action=reinterpret pc=0x0000026a3fe144b0 method=java.util.LinkedHashMap.linkNodeLast(Ljava/util/LinkedHashMap$Entry;)V @ 11 c2
Event: 0.560 Thread 0x0000026a300f72b0 DEOPT PACKING pc=0x0000026a3fe144b0 sp=0x000000905e9fd5e0
Event: 0.560 Thread 0x0000026a300f72b0 DEOPT UNPACKING pc=0x0000026a3836e42f sp=0x000000905e9fd490 mode 2
Event: 0.640 Thread 0x0000026a300f72b0 Uncommon trap: trap_request=0xffffff45 fr.pc=0x0000026a3fdf4e9c relative=0x000000000000007c
Event: 0.640 Thread 0x0000026a300f72b0 Uncommon trap: reason=unstable_if action=reinterpret pc=0x0000026a3fdf4e9c method=java.lang.String.isLatin1()Z @ 10 c2
Event: 0.640 Thread 0x0000026a300f72b0 DEOPT PACKING pc=0x0000026a3fdf4e9c sp=0x000000905e9fee60
Event: 0.640 Thread 0x0000026a300f72b0 DEOPT UNPACKING pc=0x0000026a3836e42f sp=0x000000905e9feda0 mode 2

Classes unloaded (0 events):
No events

Classes redefined (0 events):
No events

Internal exceptions (16 events):
Event: 0.080 Thread 0x0000026a300f72b0 Exception <a 'java/lang/NoSuchMethodError'{0x0000000711c91980}: 'void java.lang.invoke.DirectMethodHandle$Holder.invokeStatic(java.lang.Object, java.lang.Object)'> (0x0000000711c91980) 
thrown [./open/src/hotspot/share/interpreter/linkResolver.cpp, line 782]
Event: 0.081 Thread 0x0000026a300f72b0 Exception <a 'java/lang/NoSuchMethodError'{0x0000000711c97478}: 'void java.lang.invoke.DirectMethodHandle$Holder.invokeSpecial(java.lang.Object, java.lang.Object, java.lang.Object)'> (0x0000000711c97478) 
thrown [./open/src/hotspot/share/interpreter/linkResolver.cpp, line 782]
Event: 0.083 Thread 0x0000026a300f72b0 Exception <a 'java/lang/NoSuchMethodError'{0x0000000711cac0e8}: 'java.lang.Object java.lang.invoke.DirectMethodHandle$Holder.invokeStatic(java.lang.Object, java.lang.Object, int)'> (0x0000000711cac0e8) 
thrown [./open/src/hotspot/share/interpreter/linkResolver.cpp, line 782]
Event: 0.084 Thread 0x0000026a300f72b0 Exception <a 'java/lang/NoSuchMethodError'{0x0000000711cb8230}: 'void java.lang.invoke.DelegatingMethodHandle$Holder.delegate(java.lang.Object, java.lang.Object, int, java.lang.Object)'> (0x0000000711cb8230) 
thrown [./open/src/hotspot/share/interpreter/linkResolver.cpp, line 782]
Event: 0.084 Thread 0x0000026a300f72b0 Exception <a 'java/lang/NoSuchMethodError'{0x0000000711cbc2d0}: 'int java.lang.invoke.DirectMethodHandle$Holder.invokeSpecial(java.lang.Object, java.lang.Object, java.lang.Object)'> (0x0000000711cbc2d0) 
thrown [./open/src/hotspot/share/interpreter/linkResolver.cpp, line 782]
Event: 0.110 Thread 0x0000026a300f72b0 Exception <a 'sun/nio/fs/WindowsException'{0x0000000711d558a0}> (0x0000000711d558a0) 
thrown [./open/src/hotspot/share/prims/jni.cpp, line 578]
Event: 0.111 Thread 0x0000026a300f72b0 Exception <a 'sun/nio/fs/WindowsException'{0x0000000711d55df8}> (0x0000000711d55df8) 
thrown [./open/src/hotspot/share/prims/jni.cpp, line 578]
Event: 0.125 Thread 0x0000026a300f72b0 Exception <a 'sun/nio/fs/WindowsException'{0x0000000711dd4d10}> (0x0000000711dd4d10) 
thrown [./open/src/hotspot/share/prims/jni.cpp, line 578]
Event: 0.125 Thread 0x0000026a300f72b0 Exception <a 'sun/nio/fs/WindowsException'{0x0000000711dd5080}> (0x0000000711dd5080) 
thrown [./open/src/hotspot/share/prims/jni.cpp, line 578]
Event: 0.128 Thread 0x0000026a300f72b0 Exception <a 'java/lang/NoSuchMethodError'{0x0000000711a0d448}: 'java.lang.Object java.lang.invoke.DirectMethodHandle$Holder.invokeStatic(java.lang.Object)'> (0x0000000711a0d448) 
thrown [./open/src/hotspot/share/interpreter/linkResolver.cpp, line 782]
Event: 0.129 Thread 0x0000026a300f72b0 Exception <a 'java/lang/NoSuchMethodError'{0x0000000711a10ab8}: 'java.lang.Object java.lang.invoke.DirectMethodHandle$Holder.invokeStaticInit(java.lang.Object)'> (0x0000000711a10ab8) 
thrown [./open/src/hotspot/share/interpreter/linkResolver.cpp, line 782]
Event: 0.407 Thread 0x0000026a300f72b0 Exception <a 'sun/nio/fs/WindowsException'{0x0000000711ad0d50}> (0x0000000711ad0d50) 
thrown [./open/src/hotspot/share/prims/jni.cpp, line 578]
Event: 0.407 Thread 0x0000026a300f72b0 Exception <a 'sun/nio/fs/WindowsException'{0x0000000711ad1100}> (0x0000000711ad1100) 
thrown [./open/src/hotspot/share/prims/jni.cpp, line 578]
Event: 0.410 Thread 0x0000026a300f72b0 Exception <a 'sun/nio/fs/WindowsException'{0x0000000711adf1d0}> (0x0000000711adf1d0) 
thrown [./open/src/hotspot/share/prims/jni.cpp, line 578]
Event: 0.410 Thread 0x0000026a300f72b0 Exception <a 'sun/nio/fs/WindowsException'{0x0000000711adf4b8}> (0x0000000711adf4b8) 
thrown [./open/src/hotspot/share/prims/jni.cpp, line 578]
Event: 0.551 Thread 0x0000026a300f72b0 Exception <a 'java/lang/NoSuchMethodError'{0x0000000711259040}: 'void java.lang.invoke.DirectMethodHandle$Holder.invokeStatic(java.lang.Object, long, int, int)'> (0x0000000711259040) 
thrown [./open/src/hotspot/share/interpreter/linkResolver.cpp, line 782]

Events (20 events):
Event: 0.544 loading class jdk/internal/reflect/UnsafeQualifiedLongFieldAccessorImpl
Event: 0.544 loading class jdk/internal/reflect/UnsafeQualifiedFieldAccessorImpl
Event: 0.544 loading class jdk/internal/reflect/UnsafeQualifiedFieldAccessorImpl done
Event: 0.544 loading class jdk/internal/reflect/UnsafeQualifiedLongFieldAccessorImpl done
Event: 0.555 loading class java/io/FileReader
Event: 0.555 loading class java/io/FileReader done
Event: 0.562 loading class java/io/Externalizable
Event: 0.562 loading class java/io/Externalizable done
Event: 0.564 Loaded shared library C:\Users\david\.jdks\openjdk-15\bin\verify.dll
Event: 0.586 loading class java/lang/SecurityException
Event: 0.586 loading class java/lang/SecurityException done
Event: 0.587 loading class jdk/internal/access/foreign/MemorySegmentProxy
Event: 0.587 loading class jdk/internal/access/foreign/MemorySegmentProxy done
Event: 0.641 loading class jdk/internal/math/FloatingDecimal$ASCIIToBinaryBuffer
Event: 0.641 loading class jdk/internal/math/FloatingDecimal$ASCIIToBinaryBuffer done
Event: 0.641 loading class jdk/internal/math/FDBigInteger
Event: 0.641 loading class jdk/internal/math/FDBigInteger done
Event: 0.660 Loaded shared library C:\Users\david\AppData\Local\Temp\lwjgldavid\3.2.3-build-13\lwjgl_opengl.dll
Event: 0.667 Loaded shared library C:\Users\david\AppData\Local\Temp\lwjgldavid\3.2.3-build-13\lwjgl_opengl.dll
Event: 0.672 Loaded shared library C:\Users\david\AppData\Local\Temp\lwjgldavid\3.2.3-build-13\lwjgl_opengl.dll


Dynamic libraries:
0x00007ff67b060000 - 0x00007ff67b06d000 	C:\Users\david\.jdks\openjdk-15\bin\java.exe
0x00007ffffdb70000 - 0x00007ffffdd65000 	C:\WINDOWS\SYSTEM32\ntdll.dll
0x00007ffffbd90000 - 0x00007ffffbe4d000 	C:\WINDOWS\System32\KERNEL32.DLL
0x00007ffffb3e0000 - 0x00007ffffb6a8000 	C:\WINDOWS\System32\KERNELBASE.dll
0x00007ffffbad0000 - 0x00007ffffbbd0000 	C:\WINDOWS\System32\ucrtbase.dll
0x00007ffff60f0000 - 0x00007ffff6108000 	C:\Users\david\.jdks\openjdk-15\bin\jli.dll
0x00007ffff4d80000 - 0x00007ffff4d99000 	C:\Users\david\.jdks\openjdk-15\bin\VCRUNTIME140.dll
0x00007ffffc5c0000 - 0x00007ffffc760000 	C:\WINDOWS\System32\USER32.dll
0x00007fffe78d0000 - 0x00007fffe7b6a000 	C:\WINDOWS\WinSxS\amd64_microsoft.windows.common-controls_6595b64144ccf1df_6.0.19041.844_none_ca00b6081b84eb1d\COMCTL32.dll
0x00007ffffb300000 - 0x00007ffffb322000 	C:\WINDOWS\System32\win32u.dll
0x00007ffffc520000 - 0x00007ffffc5be000 	C:\WINDOWS\System32\msvcrt.dll
0x00007ffffbc00000 - 0x00007ffffbc2a000 	C:\WINDOWS\System32\GDI32.dll
0x00007ffffb9c0000 - 0x00007ffffbacb000 	C:\WINDOWS\System32\gdi32full.dll
0x00007ffffb6b0000 - 0x00007ffffb74d000 	C:\WINDOWS\System32\msvcp_win.dll
0x00007ffffbbd0000 - 0x00007ffffbc00000 	C:\WINDOWS\System32\IMM32.DLL
0x00007ffff5a20000 - 0x00007ffff5a2c000 	C:\Users\david\.jdks\openjdk-15\bin\vcruntime140_1.dll
0x00007fffc1690000 - 0x00007fffc1721000 	C:\Users\david\.jdks\openjdk-15\bin\msvcp140.dll
0x00007fff7aff0000 - 0x00007fff7bb4c000 	C:\Users\david\.jdks\openjdk-15\bin\server\jvm.dll
0x00007ffffc910000 - 0x00007ffffc9bc000 	C:\WINDOWS\System32\ADVAPI32.dll
0x00007ffffd550000 - 0x00007ffffd5eb000 	C:\WINDOWS\System32\sechost.dll
0x00007ffffc3f0000 - 0x00007ffffc51b000 	C:\WINDOWS\System32\RPCRT4.dll
0x00007ffffd520000 - 0x00007ffffd528000 	C:\WINDOWS\System32\PSAPI.DLL
0x00007fffe29f0000 - 0x00007fffe29f9000 	C:\WINDOWS\SYSTEM32\WSOCK32.dll
0x00007fffeee90000 - 0x00007fffeeeb7000 	C:\WINDOWS\SYSTEM32\WINMM.dll
0x00007ffff47f0000 - 0x00007ffff47fa000 	C:\WINDOWS\SYSTEM32\VERSION.dll
0x00007ffffd5f0000 - 0x00007ffffd65b000 	C:\WINDOWS\System32\WS2_32.dll
0x00007ffff9210000 - 0x00007ffff9222000 	C:\WINDOWS\SYSTEM32\kernel.appcore.dll
0x00007ffff1ea0000 - 0x00007ffff1eaa000 	C:\Users\david\.jdks\openjdk-15\bin\jimage.dll
0x00007fffe5d00000 - 0x00007fffe5ee4000 	C:\WINDOWS\SYSTEM32\DBGHELP.DLL
0x00007fffe2a40000 - 0x00007fffe2a6c000 	C:\WINDOWS\SYSTEM32\dbgcore.DLL
0x00007ffffb750000 - 0x00007ffffb7d0000 	C:\WINDOWS\System32\bcryptPrimitives.dll
0x00007fffe6e50000 - 0x00007fffe6e75000 	C:\Users\david\.jdks\openjdk-15\bin\java.dll
0x00007ffffca70000 - 0x00007ffffd1b2000 	C:\WINDOWS\System32\SHELL32.dll
0x00007ffff9410000 - 0x00007ffff9ba1000 	C:\WINDOWS\SYSTEM32\windows.storage.dll
0x00007ffffd1c0000 - 0x00007ffffd515000 	C:\WINDOWS\System32\combase.dll
0x00007ffffad20000 - 0x00007ffffad4c000 	C:\WINDOWS\SYSTEM32\Wldp.dll
0x00007ffffc9c0000 - 0x00007ffffca6e000 	C:\WINDOWS\System32\SHCORE.dll
0x00007ffffd660000 - 0x00007ffffd6b5000 	C:\WINDOWS\System32\shlwapi.dll
0x00007ffffb1f0000 - 0x00007ffffb20f000 	C:\WINDOWS\SYSTEM32\profapi.dll
0x00007fffe84f0000 - 0x00007fffe8509000 	C:\Users\david\.jdks\openjdk-15\bin\net.dll
0x00007ffff1fd0000 - 0x00007ffff20db000 	C:\WINDOWS\SYSTEM32\WINHTTP.dll
0x00007ffffaa90000 - 0x00007ffffaafa000 	C:\WINDOWS\system32\mswsock.dll
0x00007fffe8300000 - 0x00007fffe8312000 	C:\Users\david\.jdks\openjdk-15\bin\nio.dll
0x00007fffe3440000 - 0x00007fffe3458000 	C:\Users\david\.jdks\openjdk-15\bin\zip.dll
0x00007fffd4720000 - 0x00007fffd4784000 	C:\Users\david\AppData\Local\Temp\lwjgldavid\3.2.3-build-13\lwjgl.dll
0x00007fffc1b30000 - 0x00007fffc1b92000 	C:\Users\david\AppData\Local\Temp\lwjgldavid\3.2.3-build-13\glfw.dll
0x00007ffff8d50000 - 0x00007ffff8dee000 	C:\WINDOWS\system32\uxtheme.dll
0x00007fffd6740000 - 0x00007fffd6785000 	C:\WINDOWS\SYSTEM32\dinput8.dll
0x00007fffb6e90000 - 0x00007fffb6ea1000 	C:\WINDOWS\SYSTEM32\xinput1_4.dll
0x00007ffffb2b0000 - 0x00007ffffb2fe000 	C:\WINDOWS\System32\cfgmgr32.dll
0x00007ffffb060000 - 0x00007ffffb08c000 	C:\WINDOWS\SYSTEM32\DEVOBJ.dll
0x00007ffff8f20000 - 0x00007ffff8f4f000 	C:\WINDOWS\SYSTEM32\dwmapi.dll
0x00007fffe39e0000 - 0x00007fffe3b32000 	C:\WINDOWS\SYSTEM32\inputhost.dll
0x00007ffffbf40000 - 0x00007ffffc00d000 	C:\WINDOWS\System32\OLEAUT32.dll
0x00007ffff7e40000 - 0x00007ffff7f94000 	C:\WINDOWS\SYSTEM32\wintypes.dll
0x00007ffff6ef0000 - 0x00007ffff6fe7000 	C:\WINDOWS\SYSTEM32\PROPSYS.dll
0x00007ffff8880000 - 0x00007ffff8972000 	C:\WINDOWS\SYSTEM32\CoreMessaging.dll
0x00007ffff8510000 - 0x00007ffff886e000 	C:\WINDOWS\SYSTEM32\CoreUIComponents.dll
0x00007ffff9ff0000 - 0x00007ffffa023000 	C:\WINDOWS\SYSTEM32\ntmarta.dll
0x00007ffffc120000 - 0x00007ffffc235000 	C:\WINDOWS\System32\MSCTF.dll
0x00007ffff9bb0000 - 0x00007ffff9bbd000 	C:\WINDOWS\SYSTEM32\HID.DLL
0x00007ffffd6c0000 - 0x00007ffffdb29000 	C:\WINDOWS\System32\SETUPAPI.DLL
0x00007ffffb990000 - 0x00007ffffb9b7000 	C:\WINDOWS\System32\bcrypt.dll
0x00007ffffb7d0000 - 0x00007ffffb830000 	C:\WINDOWS\System32\WINTRUST.dll
0x00007ffffb830000 - 0x00007ffffb98f000 	C:\WINDOWS\System32\CRYPT32.dll
0x00007ffffaea0000 - 0x00007ffffaeb2000 	C:\WINDOWS\SYSTEM32\MSASN1.dll
0x00007fffd5f30000 - 0x00007fffd6056000 	C:\WINDOWS\SYSTEM32\opengl32.dll
0x00007ffff1e70000 - 0x00007ffff1e9c000 	C:\WINDOWS\SYSTEM32\GLU32.dll
0x00007ffffc010000 - 0x00007ffffc0b9000 	C:\WINDOWS\System32\clbcatq.dll
0x00007fff62f20000 - 0x00007fff65c00000 	C:\WINDOWS\System32\DriverStore\FileRepository\nvmd.inf_amd64_1408eaf9a25ed64f\nvoglv64.dll
0x00007ffffc7e0000 - 0x00007ffffc90a000 	C:\WINDOWS\System32\ole32.dll
0x00007ffff7050000 - 0x00007ffff7064000 	C:\WINDOWS\SYSTEM32\WTSAPI32.dll
0x00007ffff2270000 - 0x00007ffff22a1000 	C:\WINDOWS\SYSTEM32\cryptnet.dll
0x00007ffffac60000 - 0x00007ffffac6c000 	C:\WINDOWS\SYSTEM32\cryptbase.dll
0x00007ffff22b0000 - 0x00007ffff22eb000 	C:\WINDOWS\SYSTEM32\dxcore.dll
0x00007fffc0f60000 - 0x00007fffc1219000 	C:\WINDOWS\system32\nvspcap64.dll
0x00007ffffa8a0000 - 0x00007ffffa8eb000 	C:\WINDOWS\SYSTEM32\powrprof.dll
0x00007ffffa710000 - 0x00007ffffa722000 	C:\WINDOWS\SYSTEM32\UMPDC.dll
0x00007ffffa0a0000 - 0x00007ffffa0fa000 	C:\WINDOWS\SYSTEM32\WINSTA.dll
0x00007fffed4d0000 - 0x00007fffed5c9000 	C:\WINDOWS\SYSTEM32\textinputframework.dll
0x00007fffd2fd0000 - 0x00007fffd3029000 	C:\Users\david\AppData\Local\Temp\lwjgldavid\3.2.3-build-13\lwjgl_opengl.dll
0x00007fffed070000 - 0x00007fffed080000 	C:\Users\david\.jdks\openjdk-15\bin\verify.dll

dbghelp: loaded successfully - version: 4.0.5 - missing functions: none
symbol engine: initialized successfully - sym options: 0x614 - pdb path: .;C:\Users\david\.jdks\openjdk-15\bin;C:\WINDOWS\SYSTEM32;C:\WINDOWS\WinSxS\amd64_microsoft.windows.common-controls_6595b64144ccf1df_6.0.19041.844_none_ca00b6081b84eb1d;C:\Users\david\.jdks\openjdk-15\bin\server;C:\Users\david\AppData\Local\Temp\lwjgldavid\3.2.3-build-13;C:\WINDOWS\System32\DriverStore\FileRepository\nvmd.inf_amd64_1408eaf9a25ed64f

VM Arguments:
jvm_args: -Dfile.encoding=windows-1250 -Duser.country=CZ -Duser.language=cs -Duser.variant 
java_command: Main
java_class_path (initial): C:\Users\david\OpenGL-Examples-main (1)\opengl kolize\build\classes\java\main;C:\Users\david\OpenGL-Examples-main (1)\opengl kolize\build\resources\main;C:\Users\david\.gradle\caches\modules-2\files-2.1\org.lwjgl\lwjgl-assimp\3.2.3\f62aa07a20afbdd3097efc296c4841e0d29700eb\lwjgl-assimp-3.2.3.jar;C:\Users\david\.gradle\caches\modules-2\files-2.1\org.lwjgl\lwjgl-assimp\3.2.3\4e60aeb75f0343c4a9ede4ef8b6b32ca702a00a3\lwjgl-assimp-3.2.3-natives-windows.jar;C:\Users\david\.gradle\caches\modules-2\files-2.1\org.lwjgl\lwjgl-glfw\3.2.3\5e520d5c290c8b012545a8d34fa5db5ab051ea53\lwjgl-glfw-3.2.3.jar;C:\Users\david\.gradle\caches\modules-2\files-2.1\org.lwjgl\lwjgl-glfw\3.2.3\b4d8a3477cdc2edcf7a5f1e822926be846223f54\lwjgl-glfw-3.2.3-natives-windows.jar;C:\Users\david\.gradle\caches\modules-2\files-2.1\org.lwjgl\lwjgl-openal\3.2.3\106742e805803ab9eab8e343f0fb31a3d263903c\lwjgl-openal-3.2.3.jar;C:\Users\david\.gradle\caches\modules-2\files-2.1\org.lwjgl\lwjgl-openal\3.2.3\ec898e8ce11b5886f4f532a1536283ef2817758d\lwjgl-openal-3.2.3-natives-windows.jar;C:\Users\david\.gradle\caches\modules-2\files-2.1\org.lwjgl\lwjgl-opengl\3.2.3\bdd534a323d0c8f54969b95e424b6ac8984f7d6e\lwjgl-opengl-3.2.3.jar;C:\Users\david\.gradle\caches\modules-2\files-2.1\org.lwjgl\lwjgl-opengl\3.2.3\e81cfc73ec8708e5e791ed770e4ec3edfc1bbab1\lwjgl-opengl-3.2.3-natives-windows.jar;C:\Users\david\.gradle\caches\modules-2\files-2.1\org.lwjgl\lwjgl-stb\3.2.3\40eccaa4fa86fc815f2e17946a392fb5fdcc286a\lwjgl-stb-3.2.3.jar;C:\Users\david\.gradle\caches\modules-2\files-2.1\org.lwjgl\lwjgl-stb\3.2.3\817b21ec286f0ba3dcedb56a3bd275e6a9345be9\lwjgl-stb-3.2.3-natives-windows.jar;C:\Users\david\.gradle\caches\modules-2\files-2.1\org.lwjgl\lwjgl\3.2.3\17a59ba0fe8d474ec9dbe0d5db40d2cfe59c4c08\lwjgl-3.2.3.jar;C:\Users\david\.gradle\caches\modules-2\files-2.1\org.lwjgl\lwjgl\3.2.3\27f32cd35349684745951e04388e8e00d681cdcd\lwjgl-3.2.3-natives-windows.jar;C:\Users\david\.gradle\caches\modules-2\files-2.1\org.
Launcher Type: SUN_STANDARD

[Global flags]
     intx CICompilerCount                          = 3                                         {product} {ergonomic}
     uint ConcGCThreads                            = 2                                         {product} {ergonomic}
     uint G1ConcRefinementThreads                  = 6                                         {product} {ergonomic}
   size_t G1HeapRegionSize                         = 2097152                                   {product} {ergonomic}
    uintx GCDrainStackTargetSize                   = 64                                        {product} {ergonomic}
   size_t InitialHeapSize                          = 266338304                                 {product} {ergonomic}
   size_t MarkStackSize                            = 4194304                                   {product} {ergonomic}
   size_t MaxHeapSize                              = 4259315712                                {product} {ergonomic}
   size_t MaxNewSize                               = 2554331136                                {product} {ergonomic}
   size_t MinHeapDeltaBytes                        = 2097152                                   {product} {ergonomic}
   size_t MinHeapSize                              = 8388608                                   {product} {ergonomic}
    uintx NonNMethodCodeHeapSize                   = 5832780                                {pd product} {ergonomic}
    uintx NonProfiledCodeHeapSize                  = 122912730                              {pd product} {ergonomic}
    uintx ProfiledCodeHeapSize                     = 122912730                              {pd product} {ergonomic}
    uintx ReservedCodeCacheSize                    = 251658240                              {pd product} {ergonomic}
     bool SegmentedCodeCache                       = true                                      {product} {ergonomic}
   size_t SoftMaxHeapSize                          = 4259315712                             {manageable} {ergonomic}
     bool UseCompressedClassPointers               = true                                 {lp64_product} {ergonomic}
     bool UseCompressedOops                        = true                                 {lp64_product} {ergonomic}
     bool UseG1GC                                  = true                                      {product} {ergonomic}
     bool UseLargePagesIndividualAllocation        = false                                  {pd product} {ergonomic}

Logging:
Log output configuration:
 #0: stdout all=warning uptime,level,tags
 #1: stderr all=off uptime,level,tags

Environment Variables:
PATH=C:\Program Files (x86)\Common Files\Oracle\Java\javapath;C:\Program Files (x86)\Razer\ChromaBroadcast\bin;C:\Program Files\Razer\ChromaBroadcast\bin;C:\Program Files (x86)\Razer Chroma SDK\bin;C:\Program Files\Razer Chroma SDK\bin;C:\Windows\system32;C:\Windows;C:\Windows\System32\Wbem;C:\Windows\System32\WindowsPowerShell\v1.0\;C:\Windows\System32\OpenSSH\;C:\Users\david\AppData\Local\Microsoft\WindowsApps;C:\WINDOWS\system32;C:\WINDOWS;C:\WINDOWS\System32\Wbem;C:\WINDOWS\System32\WindowsPowerShell\v1.0\;C:\WINDOWS\System32\OpenSSH\;C:\Program Files\NVIDIA Corporation\NVIDIA NvDLISR;C:\Program Files (x86)\NVIDIA Corporation\PhysX\Common;C:\Program Files\dotnet\;C:\Program Files (x86)\dotnet\;C:\Program Files\Git\cmd;C:\WINDOWS\system32;C:\WINDOWS;C:\WINDOWS\System32\Wbem;C:\WINDOWS\System32\WindowsPowerShell\v1.0\;C:\WINDOWS\System32\OpenSSH\;C:\WINDOWS\system32\config\systemprofile\AppData\Local\Microsoft\WindowsApps;C:\Program Files\nodejs\;C:\ProgramData\chocolatey\bin;C:\Users\david\AppData\Local\Microsoft\WindowsApps;C:\Users\david\AppData\Local\atom\bin;C:\Program Files (x86)\Mud Blood loader\;C:\Program Files (x86)\Mud Blood - Loader\;C:\Users\david\AppData\Local\GitHubDesktop\bin;C:\Users\david\AppData\Local\Microsoft\WindowsApps;C:\Users\david\AppData\Roaming\npm
USERNAME=david
OS=Windows_NT
PROCESSOR_IDENTIFIER=Intel64 Family 6 Model 158 Stepping 10, GenuineIntel



---------------  S Y S T E M  ---------------

OS:
 Windows 10 , 64 bit Build 19041 (10.0.19041.928)
OS uptime: 11 days 13:52 hours

CPU: total 6 (initial active 6) (6 cores per cpu, 1 threads per core) family 6 model 158 stepping 10, cmov, cx8, fxsr, mmx, sse, sse2, sse3, ssse3, sse4.1, sse4.2, popcnt, vzeroupper, avx, avx2, aes, clmul, erms, rtm, 3dnowpref, lzcnt, tsc, tscinvbit, bmi1, bmi2, adx, fma, clflush, clflushopt

Memory: 4k page, system-wide physical 16247M (5109M free)
TotalPageFile size 38775M (AvailPageFile size 17406M)
current process WorkingSet (physical memory assigned to process): 99M, peak: 99M
current process commit charge ("private bytes"): 396M, peak: 396M

vm_info: OpenJDK 64-Bit Server VM (15+36-1562) for windows-amd64 JRE (15+36-1562), built on Aug 11 2020 22:33:04 by "mach5one" with unknown MS VC++:1925

END.
