#
# A fatal error has been detected by the Java Runtime Environment:
#
#  EXCEPTION_ACCESS_VIOLATION (0xc0000005) at pc=0x00007fff6405ff60, pid=20564, tid=1632
#
# JRE version: OpenJDK Runtime Environment (15.0+36) (build 15+36-1562)
# Java VM: OpenJDK 64-Bit Server VM (15+36-1562, mixed mode, sharing, tiered, compressed oops, g1 gc, windows-amd64)
# Problematic frame:
# C  [nvoglv64.dll+0x113ff60]
#
# No core dump will be written. Minidumps are not enabled by default on client versions of Windows
#
# If you would like to submit a bug report, please visit:
#   https://bugreport.java.com/bugreport/crash.jsp
# The crash happened outside the Java Virtual Machine in native code.
# See problematic frame for where to report the bug.
#

---------------  S U M M A R Y ------------

Command Line: -Dfile.encoding=windows-1250 -Duser.country=CZ -Duser.language=cs -Duser.variant Main

Host: Intel(R) Core(TM) i5-8600K CPU @ 3.60GHz, 6 cores, 15G,  Windows 10 , 64 bit Build 19041 (10.0.19041.928)
Time: Wed May 12 11:22:49 2021 Støední Evropa (letní èas) elapsed time: 0.711314 seconds (0d 0h 0m 0s)

---------------  T H R E A D  ---------------

Current thread (0x000002842d5c1ad0):  JavaThread "main" [_thread_in_native, id=1632, stack(0x000000de40e00000,0x000000de40f00000)]

Stack: [0x000000de40e00000,0x000000de40f00000],  sp=0x000000de40efed18,  free space=1019k
Native frames: (J=compiled Java code, j=interpreted, Vv=VM code, C=native code)
C  [nvoglv64.dll+0x113ff60]

Java frames: (J=compiled Java code, j=interpreted, Vv=VM code)
j  org.lwjgl.opengl.GL11C.nglDrawElements(IIIJ)V+0
j  org.lwjgl.opengl.GL11C.glDrawElements(IIIJ)V+4
j  org.lwjgl.opengl.GL11.glDrawElements(IIIJ)V+4
j  Square.draw()V+45
j  Game.render(J)V+27
j  Main.main([Ljava/lang/String;)V+119
v  ~StubRoutines::call_stub

siginfo: EXCEPTION_ACCESS_VIOLATION (0xc0000005), reading address 0x0000000000000000


Register to memory mapping:

RIP=0x00007fff6405ff60 nvoglv64.dll
RAX=0x0000000000022006 is an unknown value
RBX=0x0000028451b798d0 points into unknown readable memory: 0x0000000400022006 | 06 20 02 00 04 00 00 00
RCX=0x0000028451b798ec points into unknown readable memory: 00 00 00 00
RDX=0x0 is NULL
RSP=0x000000de40efed18 is pointing into the stack for thread: 0x000002842d5c1ad0
RBP=0x0000000000000044 is an unknown value
RSI=0x0000000000000006 is an unknown value
RDI=0x0000028452b84080 points into unknown readable memory: 0x0000000000000000 | 00 00 00 00 00 00 00 00
R8 =0x0000000000000018 is an unknown value
R9 =0x0000028451b798d0 points into unknown readable memory: 0x0000000400022006 | 06 20 02 00 04 00 00 00
R10=0x0 is NULL
R11=0x0000028451b798ec points into unknown readable memory: 00 00 00 00
R12=0x0000000000000004 is an unknown value
R13=0x0000000000001405 is an unknown value
R14=0x0 is NULL
R15=0x000002842d5c1a00 points into unknown readable memory: 0x0000000000000000 | 00 00 00 00 00 00 00 00


Registers:
RAX=0x0000000000022006, RBX=0x0000028451b798d0, RCX=0x0000028451b798ec, RDX=0x0000000000000000
RSP=0x000000de40efed18, RBP=0x0000000000000044, RSI=0x0000000000000006, RDI=0x0000028452b84080
R8 =0x0000000000000018, R9 =0x0000028451b798d0, R10=0x0000000000000000, R11=0x0000028451b798ec
R12=0x0000000000000004, R13=0x0000000000001405, R14=0x0000000000000000, R15=0x000002842d5c1a00
RIP=0x00007fff6405ff60, EFLAGS=0x0000000000010283

Top of Stack: (sp=0x000000de40efed18)
0x000000de40efed18:   00007fff636f7bac 0000028457928870
0x000000de40efed28:   0000028450fb9b18 000000de40efee48
0x000000de40efed38:   00007fff7b33bf17 000000000017555d
0x000000de40efed48:   000002843581e1bd 000002842d5c1ad0
0x000000de40efed58:   0000028457928870 0000028450fb9b18
0x000000de40efed68:   000002842d5c1ad0 00000284357fa1aa
0x000000de40efed78:   00000284357fefc0 000000de40efee88
0x000000de40efed88:   0000028450fb9b18 0000000000000000
0x000000de40efed98:   00000284357fa1aa 0000028457928870
0x000000de40efeda8:   00000284357ff177 000000de40efee48
0x000000de40efedb8:   000000de00000018 000002842d5c1ad0
0x000000de40efedc8:   0000028450fb9b18 0000028400001405
0x000000de40efedd8:   0000000000000000 3ff0000000000000
0x000000de40efede8:   000002842d5c1ad0 000002842d5c1ad0
0x000000de40efedf8:   00000284357fee16 000000de40efee00
0x000000de40efee08:   0000028450fb9b18 000000de40efee88 

Instructions: (pc=0x00007fff6405ff60)
0x00007fff6405fe60:   33 c0 c3 1b c0 83 d8 ff c3 90 49 c1 e9 02 74 37
0x00007fff6405fe70:   48 8b 01 48 3b 04 11 75 5b 48 8b 41 08 48 3b 44
0x00007fff6405fe80:   11 08 75 4c 48 8b 41 10 48 3b 44 11 10 75 3d 48
0x00007fff6405fe90:   8b 41 18 48 3b 44 11 18 75 2e 48 83 c1 20 49 ff
0x00007fff6405fea0:   c9 75 cd 49 83 e0 1f 4d 8b c8 49 c1 e9 03 74 9b
0x00007fff6405feb0:   48 8b 01 48 3b 04 11 75 1b 48 83 c1 08 49 ff c9
0x00007fff6405fec0:   75 ee 49 83 e0 07 eb 83 48 83 c1 08 48 83 c1 08
0x00007fff6405fed0:   48 83 c1 08 48 8b 0c 0a 48 0f c8 48 0f c9 48 3b
0x00007fff6405fee0:   c1 1b c0 83 d8 ff c3 cc cc cc cc cc cc cc cc cc
0x00007fff6405fef0:   cc cc cc cc cc cc 66 66 0f 1f 84 00 00 00 00 00
0x00007fff6405ff00:   57 56 49 8b c3 48 8b f9 49 8b c8 49 8b f2 f3 a4
0x00007fff6405ff10:   5e 5f c3 cc cc cc cc cc cc 0f 1f 80 00 00 00 00
0x00007fff6405ff20:   4c 8b d9 4c 8b d2 49 83 f8 10 76 54 49 83 f8 20
0x00007fff6405ff30:   76 2e 48 2b d1 73 0d 4b 8d 04 10 48 3b c8 0f 82
0x00007fff6405ff40:   dc 02 00 00 49 81 f8 80 00 00 00 0f 86 0f 02 00
0x00007fff6405ff50:   00 f6 05 40 f8 9f 01 02 0f 84 52 01 00 00 eb a0
0x00007fff6405ff60:   0f 10 02 42 0f 10 4c 02 f0 0f 11 01 42 0f 11 4c
0x00007fff6405ff70:   01 f0 48 8b c1 c3 66 66 0f 1f 84 00 00 00 00 00
0x00007fff6405ff80:   48 8b c1 4c 8d 0d 76 00 ec fe 43 8b 8c 81 10 9a
0x00007fff6405ff90:   c8 02 49 03 c9 ff e1 66 0f 1f 84 00 00 00 00 00
0x00007fff6405ffa0:   c3 0f b7 0a 66 89 08 c3 48 8b 0a 48 89 08 c3 0f
0x00007fff6405ffb0:   b7 0a 44 0f b6 42 02 66 89 08 44 88 40 02 c3 0f
0x00007fff6405ffc0:   b6 0a 88 08 c3 f3 0f 6f 02 f3 0f 7f 00 c3 66 90
0x00007fff6405ffd0:   4c 8b 02 0f b7 4a 08 44 0f b6 4a 0a 4c 89 00 66
0x00007fff6405ffe0:   89 48 08 44 88 48 0a c3 8b 0a 89 08 c3 0f 1f 00
0x00007fff6405fff0:   8b 0a 44 0f b6 42 04 89 08 44 88 40 04 c3 66 90
0x00007fff64060000:   8b 0a 44 0f b7 42 04 89 08 66 44 89 40 04 c3 90
0x00007fff64060010:   8b 0a 44 0f b7 42 04 44 0f b6 4a 06 89 08 66 44
0x00007fff64060020:   89 40 04 44 88 48 06 c3 4c 8b 02 8b 4a 08 44 0f
0x00007fff64060030:   b6 4a 0c 4c 89 00 89 48 08 44 88 48 0c c3 66 90
0x00007fff64060040:   4c 8b 02 0f b6 4a 08 4c 89 00 88 48 08 c3 66 90
0x00007fff64060050:   4c 8b 02 0f b7 4a 08 4c 89 00 66 89 48 08 c3 90 


Stack slot to memory mapping:
stack at sp + 0 slots: 0x00007fff636f7bac nvoglv64.dll
stack at sp + 1 slots: 0x0000028457928870 points into unknown readable memory: 0x000000003f800000 | 00 00 80 3f 00 00 00 00
stack at sp + 2 slots: {method} {0x0000028450fb9b20} 'nglDrawElements' '(IIIJ)V' in 'org/lwjgl/opengl/GL11C'
stack at sp + 3 slots: 0x000000de40efee48 is pointing into the stack for thread: 0x000002842d5c1ad0
stack at sp + 4 slots: 0x00007fff7b33bf17 jvm.dll
stack at sp + 5 slots: 0x000000000017555d is an unknown value
stack at sp + 6 slots: 0x000002843581e1bd is at code_begin+4157 in 
[CodeBlob (0x000002843581d110)]
Framesize: 0
BufferBlob (0x000002843581d110) used for native signature handlers
stack at sp + 7 slots: 0x000002842d5c1ad0 is a thread


---------------  P R O C E S S  ---------------

Threads class SMR info:
_java_thread_list=0x0000028451cb4530, length=12, elements={
0x000002842d5c1ad0, 0x000002845082b1c0, 0x000002845082bd90, 0x00000284511444e0,
0x0000028451146eb0, 0x0000028451147960, 0x00000284511487f0, 0x00000284511542c0,
0x0000028451169180, 0x000002845127dcd0, 0x00000284512921c0, 0x0000028451c94200
}

Java Threads: ( => current thread )
=>0x000002842d5c1ad0 JavaThread "main" [_thread_in_native, id=1632, stack(0x000000de40e00000,0x000000de40f00000)]
  0x000002845082b1c0 JavaThread "Reference Handler" daemon [_thread_blocked, id=29284, stack(0x000000de41500000,0x000000de41600000)]
  0x000002845082bd90 JavaThread "Finalizer" daemon [_thread_blocked, id=16448, stack(0x000000de41600000,0x000000de41700000)]
  0x00000284511444e0 JavaThread "Signal Dispatcher" daemon [_thread_blocked, id=9792, stack(0x000000de41700000,0x000000de41800000)]
  0x0000028451146eb0 JavaThread "Attach Listener" daemon [_thread_blocked, id=12668, stack(0x000000de41800000,0x000000de41900000)]
  0x0000028451147960 JavaThread "Service Thread" daemon [_thread_blocked, id=15152, stack(0x000000de41900000,0x000000de41a00000)]
  0x00000284511487f0 JavaThread "C2 CompilerThread0" daemon [_thread_blocked, id=33084, stack(0x000000de41a00000,0x000000de41b00000)]
  0x00000284511542c0 JavaThread "C1 CompilerThread0" daemon [_thread_blocked, id=33324, stack(0x000000de41b00000,0x000000de41c00000)]
  0x0000028451169180 JavaThread "Sweeper thread" daemon [_thread_blocked, id=32356, stack(0x000000de41c00000,0x000000de41d00000)]
  0x000002845127dcd0 JavaThread "Notification Thread" daemon [_thread_blocked, id=32896, stack(0x000000de41d00000,0x000000de41e00000)]
  0x00000284512921c0 JavaThread "Common-Cleaner" daemon [_thread_blocked, id=30640, stack(0x000000de41f00000,0x000000de42000000)]
  0x0000028451c94200 JavaThread "C2 CompilerThread1" daemon [_thread_blocked, id=30800, stack(0x000000de42600000,0x000000de42700000)]

Other Threads:
  0x0000028450826920 VMThread "VM Thread" [stack: 0x000000de41400000,0x000000de41500000] [id=33576]
  0x000002845129d7a0 WatcherThread [stack: 0x000000de41e00000,0x000000de41f00000] [id=30244]
  0x000002842d612b00 GCTaskThread "GC Thread#0" [stack: 0x000000de40f00000,0x000000de41000000] [id=28616]
  0x000002842d623ba0 ConcurrentGCThread "G1 Main Marker" [stack: 0x000000de41000000,0x000000de41100000] [id=17092]
  0x000002842d625fc0 ConcurrentGCThread "G1 Conc#0" [stack: 0x000000de41100000,0x000000de41200000] [id=31352]
  0x00000284506a24c0 ConcurrentGCThread "G1 Refine#0" [stack: 0x000000de41200000,0x000000de41300000] [id=31332]
  0x00000284506a30c0 ConcurrentGCThread "G1 Young RemSet Sampling" [stack: 0x000000de41300000,0x000000de41400000] [id=33120]

Threads with active compile tasks:

VM state: not at safepoint (normal execution)

VM Mutex/Monitor currently owned by a thread: None

Heap address: 0x0000000702200000, size: 4062 MB, Compressed Oops mode: Zero based, Oop shift amount: 3
CDS archive(s) mapped at: [0x0000000800000000-0x0000000800b50000-0x0000000800b50000), size 11862016, SharedBaseAddress: 0x0000000800000000, ArchiveRelocationMode: 0.
Compressed class space mapped at: 0x0000000800b50000-0x0000000840b50000, size: 1073741824
Narrow klass base: 0x0000000800000000, Narrow klass shift: 3, Narrow klass range: 0x100000000

GC Precious Log:
 CPUs: 6 total, 6 available
 Memory: 16247M
 Large Page Support: Disabled
 NUMA Support: Disabled
 Compressed Oops: Enabled (Zero based)
 Heap Region Size: 2M
 Heap Min Capacity: 8M
 Heap Initial Capacity: 254M
 Heap Max Capacity: 4062M
 Pre-touch: Disabled
 Parallel Workers: 6
 Concurrent Workers: 2
 Concurrent Refinement Workers: 6
 Periodic GC: Disabled

Heap:
 garbage-first heap   total 260096K, used 16384K [0x0000000702200000, 0x0000000800000000)
  region size 2048K, 9 young (18432K), 0 survivors (0K)
 Metaspace       used 7451K, capacity 10276K, committed 10368K, reserved 1058816K
  class space    used 354K, capacity 637K, committed 640K, reserved 1048576K

Heap Regions: E=young(eden), S=young(survivor), O=old, HS=humongous(starts), HC=humongous(continues), CS=collection set, F=free, OA=open archive, CA=closed archive, TAMS=top-at-mark-start (previous, next)
|   0|0x0000000702200000, 0x0000000702200000, 0x0000000702400000|  0%| F|  |TAMS 0x0000000702200000, 0x0000000702200000| Untracked 
|   1|0x0000000702400000, 0x0000000702400000, 0x0000000702600000|  0%| F|  |TAMS 0x0000000702400000, 0x0000000702400000| Untracked 
|   2|0x0000000702600000, 0x0000000702600000, 0x0000000702800000|  0%| F|  |TAMS 0x0000000702600000, 0x0000000702600000| Untracked 
|   3|0x0000000702800000, 0x0000000702800000, 0x0000000702a00000|  0%| F|  |TAMS 0x0000000702800000, 0x0000000702800000| Untracked 
|   4|0x0000000702a00000, 0x0000000702a00000, 0x0000000702c00000|  0%| F|  |TAMS 0x0000000702a00000, 0x0000000702a00000| Untracked 
|   5|0x0000000702c00000, 0x0000000702c00000, 0x0000000702e00000|  0%| F|  |TAMS 0x0000000702c00000, 0x0000000702c00000| Untracked 
|   6|0x0000000702e00000, 0x0000000702e00000, 0x0000000703000000|  0%| F|  |TAMS 0x0000000702e00000, 0x0000000702e00000| Untracked 
|   7|0x0000000703000000, 0x0000000703000000, 0x0000000703200000|  0%| F|  |TAMS 0x0000000703000000, 0x0000000703000000| Untracked 
|   8|0x0000000703200000, 0x0000000703200000, 0x0000000703400000|  0%| F|  |TAMS 0x0000000703200000, 0x0000000703200000| Untracked 
|   9|0x0000000703400000, 0x0000000703400000, 0x0000000703600000|  0%| F|  |TAMS 0x0000000703400000, 0x0000000703400000| Untracked 
|  10|0x0000000703600000, 0x0000000703600000, 0x0000000703800000|  0%| F|  |TAMS 0x0000000703600000, 0x0000000703600000| Untracked 
|  11|0x0000000703800000, 0x0000000703800000, 0x0000000703a00000|  0%| F|  |TAMS 0x0000000703800000, 0x0000000703800000| Untracked 
|  12|0x0000000703a00000, 0x0000000703a00000, 0x0000000703c00000|  0%| F|  |TAMS 0x0000000703a00000, 0x0000000703a00000| Untracked 
|  13|0x0000000703c00000, 0x0000000703c00000, 0x0000000703e00000|  0%| F|  |TAMS 0x0000000703c00000, 0x0000000703c00000| Untracked 
|  14|0x0000000703e00000, 0x0000000703e00000, 0x0000000704000000|  0%| F|  |TAMS 0x0000000703e00000, 0x0000000703e00000| Untracked 
|  15|0x0000000704000000, 0x0000000704000000, 0x0000000704200000|  0%| F|  |TAMS 0x0000000704000000, 0x0000000704000000| Untracked 
|  16|0x0000000704200000, 0x0000000704200000, 0x0000000704400000|  0%| F|  |TAMS 0x0000000704200000, 0x0000000704200000| Untracked 
|  17|0x0000000704400000, 0x0000000704400000, 0x0000000704600000|  0%| F|  |TAMS 0x0000000704400000, 0x0000000704400000| Untracked 
|  18|0x0000000704600000, 0x0000000704600000, 0x0000000704800000|  0%| F|  |TAMS 0x0000000704600000, 0x0000000704600000| Untracked 
|  19|0x0000000704800000, 0x0000000704800000, 0x0000000704a00000|  0%| F|  |TAMS 0x0000000704800000, 0x0000000704800000| Untracked 
|  20|0x0000000704a00000, 0x0000000704a00000, 0x0000000704c00000|  0%| F|  |TAMS 0x0000000704a00000, 0x0000000704a00000| Untracked 
|  21|0x0000000704c00000, 0x0000000704c00000, 0x0000000704e00000|  0%| F|  |TAMS 0x0000000704c00000, 0x0000000704c00000| Untracked 
|  22|0x0000000704e00000, 0x0000000704e00000, 0x0000000705000000|  0%| F|  |TAMS 0x0000000704e00000, 0x0000000704e00000| Untracked 
|  23|0x0000000705000000, 0x0000000705000000, 0x0000000705200000|  0%| F|  |TAMS 0x0000000705000000, 0x0000000705000000| Untracked 
|  24|0x0000000705200000, 0x0000000705200000, 0x0000000705400000|  0%| F|  |TAMS 0x0000000705200000, 0x0000000705200000| Untracked 
|  25|0x0000000705400000, 0x0000000705400000, 0x0000000705600000|  0%| F|  |TAMS 0x0000000705400000, 0x0000000705400000| Untracked 
|  26|0x0000000705600000, 0x0000000705600000, 0x0000000705800000|  0%| F|  |TAMS 0x0000000705600000, 0x0000000705600000| Untracked 
|  27|0x0000000705800000, 0x0000000705800000, 0x0000000705a00000|  0%| F|  |TAMS 0x0000000705800000, 0x0000000705800000| Untracked 
|  28|0x0000000705a00000, 0x0000000705a00000, 0x0000000705c00000|  0%| F|  |TAMS 0x0000000705a00000, 0x0000000705a00000| Untracked 
|  29|0x0000000705c00000, 0x0000000705c00000, 0x0000000705e00000|  0%| F|  |TAMS 0x0000000705c00000, 0x0000000705c00000| Untracked 
|  30|0x0000000705e00000, 0x0000000705e00000, 0x0000000706000000|  0%| F|  |TAMS 0x0000000705e00000, 0x0000000705e00000| Untracked 
|  31|0x0000000706000000, 0x0000000706000000, 0x0000000706200000|  0%| F|  |TAMS 0x0000000706000000, 0x0000000706000000| Untracked 
|  32|0x0000000706200000, 0x0000000706200000, 0x0000000706400000|  0%| F|  |TAMS 0x0000000706200000, 0x0000000706200000| Untracked 
|  33|0x0000000706400000, 0x0000000706400000, 0x0000000706600000|  0%| F|  |TAMS 0x0000000706400000, 0x0000000706400000| Untracked 
|  34|0x0000000706600000, 0x0000000706600000, 0x0000000706800000|  0%| F|  |TAMS 0x0000000706600000, 0x0000000706600000| Untracked 
|  35|0x0000000706800000, 0x0000000706800000, 0x0000000706a00000|  0%| F|  |TAMS 0x0000000706800000, 0x0000000706800000| Untracked 
|  36|0x0000000706a00000, 0x0000000706a00000, 0x0000000706c00000|  0%| F|  |TAMS 0x0000000706a00000, 0x0000000706a00000| Untracked 
|  37|0x0000000706c00000, 0x0000000706c00000, 0x0000000706e00000|  0%| F|  |TAMS 0x0000000706c00000, 0x0000000706c00000| Untracked 
|  38|0x0000000706e00000, 0x0000000706e00000, 0x0000000707000000|  0%| F|  |TAMS 0x0000000706e00000, 0x0000000706e00000| Untracked 
|  39|0x0000000707000000, 0x0000000707000000, 0x0000000707200000|  0%| F|  |TAMS 0x0000000707000000, 0x0000000707000000| Untracked 
|  40|0x0000000707200000, 0x0000000707200000, 0x0000000707400000|  0%| F|  |TAMS 0x0000000707200000, 0x0000000707200000| Untracked 
|  41|0x0000000707400000, 0x0000000707400000, 0x0000000707600000|  0%| F|  |TAMS 0x0000000707400000, 0x0000000707400000| Untracked 
|  42|0x0000000707600000, 0x0000000707600000, 0x0000000707800000|  0%| F|  |TAMS 0x0000000707600000, 0x0000000707600000| Untracked 
|  43|0x0000000707800000, 0x0000000707800000, 0x0000000707a00000|  0%| F|  |TAMS 0x0000000707800000, 0x0000000707800000| Untracked 
|  44|0x0000000707a00000, 0x0000000707a00000, 0x0000000707c00000|  0%| F|  |TAMS 0x0000000707a00000, 0x0000000707a00000| Untracked 
|  45|0x0000000707c00000, 0x0000000707c00000, 0x0000000707e00000|  0%| F|  |TAMS 0x0000000707c00000, 0x0000000707c00000| Untracked 
|  46|0x0000000707e00000, 0x0000000707e00000, 0x0000000708000000|  0%| F|  |TAMS 0x0000000707e00000, 0x0000000707e00000| Untracked 
|  47|0x0000000708000000, 0x0000000708000000, 0x0000000708200000|  0%| F|  |TAMS 0x0000000708000000, 0x0000000708000000| Untracked 
|  48|0x0000000708200000, 0x0000000708200000, 0x0000000708400000|  0%| F|  |TAMS 0x0000000708200000, 0x0000000708200000| Untracked 
|  49|0x0000000708400000, 0x0000000708400000, 0x0000000708600000|  0%| F|  |TAMS 0x0000000708400000, 0x0000000708400000| Untracked 
|  50|0x0000000708600000, 0x0000000708600000, 0x0000000708800000|  0%| F|  |TAMS 0x0000000708600000, 0x0000000708600000| Untracked 
|  51|0x0000000708800000, 0x0000000708800000, 0x0000000708a00000|  0%| F|  |TAMS 0x0000000708800000, 0x0000000708800000| Untracked 
|  52|0x0000000708a00000, 0x0000000708a00000, 0x0000000708c00000|  0%| F|  |TAMS 0x0000000708a00000, 0x0000000708a00000| Untracked 
|  53|0x0000000708c00000, 0x0000000708c00000, 0x0000000708e00000|  0%| F|  |TAMS 0x0000000708c00000, 0x0000000708c00000| Untracked 
|  54|0x0000000708e00000, 0x0000000708e00000, 0x0000000709000000|  0%| F|  |TAMS 0x0000000708e00000, 0x0000000708e00000| Untracked 
|  55|0x0000000709000000, 0x0000000709000000, 0x0000000709200000|  0%| F|  |TAMS 0x0000000709000000, 0x0000000709000000| Untracked 
|  56|0x0000000709200000, 0x0000000709200000, 0x0000000709400000|  0%| F|  |TAMS 0x0000000709200000, 0x0000000709200000| Untracked 
|  57|0x0000000709400000, 0x0000000709400000, 0x0000000709600000|  0%| F|  |TAMS 0x0000000709400000, 0x0000000709400000| Untracked 
|  58|0x0000000709600000, 0x0000000709600000, 0x0000000709800000|  0%| F|  |TAMS 0x0000000709600000, 0x0000000709600000| Untracked 
|  59|0x0000000709800000, 0x0000000709800000, 0x0000000709a00000|  0%| F|  |TAMS 0x0000000709800000, 0x0000000709800000| Untracked 
|  60|0x0000000709a00000, 0x0000000709a00000, 0x0000000709c00000|  0%| F|  |TAMS 0x0000000709a00000, 0x0000000709a00000| Untracked 
|  61|0x0000000709c00000, 0x0000000709c00000, 0x0000000709e00000|  0%| F|  |TAMS 0x0000000709c00000, 0x0000000709c00000| Untracked 
|  62|0x0000000709e00000, 0x0000000709e00000, 0x000000070a000000|  0%| F|  |TAMS 0x0000000709e00000, 0x0000000709e00000| Untracked 
|  63|0x000000070a000000, 0x000000070a000000, 0x000000070a200000|  0%| F|  |TAMS 0x000000070a000000, 0x000000070a000000| Untracked 
|  64|0x000000070a200000, 0x000000070a200000, 0x000000070a400000|  0%| F|  |TAMS 0x000000070a200000, 0x000000070a200000| Untracked 
|  65|0x000000070a400000, 0x000000070a400000, 0x000000070a600000|  0%| F|  |TAMS 0x000000070a400000, 0x000000070a400000| Untracked 
|  66|0x000000070a600000, 0x000000070a600000, 0x000000070a800000|  0%| F|  |TAMS 0x000000070a600000, 0x000000070a600000| Untracked 
|  67|0x000000070a800000, 0x000000070a800000, 0x000000070aa00000|  0%| F|  |TAMS 0x000000070a800000, 0x000000070a800000| Untracked 
|  68|0x000000070aa00000, 0x000000070aa00000, 0x000000070ac00000|  0%| F|  |TAMS 0x000000070aa00000, 0x000000070aa00000| Untracked 
|  69|0x000000070ac00000, 0x000000070ac00000, 0x000000070ae00000|  0%| F|  |TAMS 0x000000070ac00000, 0x000000070ac00000| Untracked 
|  70|0x000000070ae00000, 0x000000070ae00000, 0x000000070b000000|  0%| F|  |TAMS 0x000000070ae00000, 0x000000070ae00000| Untracked 
|  71|0x000000070b000000, 0x000000070b000000, 0x000000070b200000|  0%| F|  |TAMS 0x000000070b000000, 0x000000070b000000| Untracked 
|  72|0x000000070b200000, 0x000000070b200000, 0x000000070b400000|  0%| F|  |TAMS 0x000000070b200000, 0x000000070b200000| Untracked 
|  73|0x000000070b400000, 0x000000070b400000, 0x000000070b600000|  0%| F|  |TAMS 0x000000070b400000, 0x000000070b400000| Untracked 
|  74|0x000000070b600000, 0x000000070b600000, 0x000000070b800000|  0%| F|  |TAMS 0x000000070b600000, 0x000000070b600000| Untracked 
|  75|0x000000070b800000, 0x000000070b800000, 0x000000070ba00000|  0%| F|  |TAMS 0x000000070b800000, 0x000000070b800000| Untracked 
|  76|0x000000070ba00000, 0x000000070ba00000, 0x000000070bc00000|  0%| F|  |TAMS 0x000000070ba00000, 0x000000070ba00000| Untracked 
|  77|0x000000070bc00000, 0x000000070bc00000, 0x000000070be00000|  0%| F|  |TAMS 0x000000070bc00000, 0x000000070bc00000| Untracked 
|  78|0x000000070be00000, 0x000000070be00000, 0x000000070c000000|  0%| F|  |TAMS 0x000000070be00000, 0x000000070be00000| Untracked 
|  79|0x000000070c000000, 0x000000070c000000, 0x000000070c200000|  0%| F|  |TAMS 0x000000070c000000, 0x000000070c000000| Untracked 
|  80|0x000000070c200000, 0x000000070c200000, 0x000000070c400000|  0%| F|  |TAMS 0x000000070c200000, 0x000000070c200000| Untracked 
|  81|0x000000070c400000, 0x000000070c400000, 0x000000070c600000|  0%| F|  |TAMS 0x000000070c400000, 0x000000070c400000| Untracked 
|  82|0x000000070c600000, 0x000000070c600000, 0x000000070c800000|  0%| F|  |TAMS 0x000000070c600000, 0x000000070c600000| Untracked 
|  83|0x000000070c800000, 0x000000070c800000, 0x000000070ca00000|  0%| F|  |TAMS 0x000000070c800000, 0x000000070c800000| Untracked 
|  84|0x000000070ca00000, 0x000000070ca00000, 0x000000070cc00000|  0%| F|  |TAMS 0x000000070ca00000, 0x000000070ca00000| Untracked 
|  85|0x000000070cc00000, 0x000000070cc00000, 0x000000070ce00000|  0%| F|  |TAMS 0x000000070cc00000, 0x000000070cc00000| Untracked 
|  86|0x000000070ce00000, 0x000000070ce00000, 0x000000070d000000|  0%| F|  |TAMS 0x000000070ce00000, 0x000000070ce00000| Untracked 
|  87|0x000000070d000000, 0x000000070d000000, 0x000000070d200000|  0%| F|  |TAMS 0x000000070d000000, 0x000000070d000000| Untracked 
|  88|0x000000070d200000, 0x000000070d200000, 0x000000070d400000|  0%| F|  |TAMS 0x000000070d200000, 0x000000070d200000| Untracked 
|  89|0x000000070d400000, 0x000000070d400000, 0x000000070d600000|  0%| F|  |TAMS 0x000000070d400000, 0x000000070d400000| Untracked 
|  90|0x000000070d600000, 0x000000070d600000, 0x000000070d800000|  0%| F|  |TAMS 0x000000070d600000, 0x000000070d600000| Untracked 
|  91|0x000000070d800000, 0x000000070d800000, 0x000000070da00000|  0%| F|  |TAMS 0x000000070d800000, 0x000000070d800000| Untracked 
|  92|0x000000070da00000, 0x000000070da00000, 0x000000070dc00000|  0%| F|  |TAMS 0x000000070da00000, 0x000000070da00000| Untracked 
|  93|0x000000070dc00000, 0x000000070dc00000, 0x000000070de00000|  0%| F|  |TAMS 0x000000070dc00000, 0x000000070dc00000| Untracked 
|  94|0x000000070de00000, 0x000000070de00000, 0x000000070e000000|  0%| F|  |TAMS 0x000000070de00000, 0x000000070de00000| Untracked 
|  95|0x000000070e000000, 0x000000070e000000, 0x000000070e200000|  0%| F|  |TAMS 0x000000070e000000, 0x000000070e000000| Untracked 
|  96|0x000000070e200000, 0x000000070e200000, 0x000000070e400000|  0%| F|  |TAMS 0x000000070e200000, 0x000000070e200000| Untracked 
|  97|0x000000070e400000, 0x000000070e400000, 0x000000070e600000|  0%| F|  |TAMS 0x000000070e400000, 0x000000070e400000| Untracked 
|  98|0x000000070e600000, 0x000000070e600000, 0x000000070e800000|  0%| F|  |TAMS 0x000000070e600000, 0x000000070e600000| Untracked 
|  99|0x000000070e800000, 0x000000070e800000, 0x000000070ea00000|  0%| F|  |TAMS 0x000000070e800000, 0x000000070e800000| Untracked 
| 100|0x000000070ea00000, 0x000000070ea00000, 0x000000070ec00000|  0%| F|  |TAMS 0x000000070ea00000, 0x000000070ea00000| Untracked 
| 101|0x000000070ec00000, 0x000000070ec00000, 0x000000070ee00000|  0%| F|  |TAMS 0x000000070ec00000, 0x000000070ec00000| Untracked 
| 102|0x000000070ee00000, 0x000000070ee00000, 0x000000070f000000|  0%| F|  |TAMS 0x000000070ee00000, 0x000000070ee00000| Untracked 
| 103|0x000000070f000000, 0x000000070f000000, 0x000000070f200000|  0%| F|  |TAMS 0x000000070f000000, 0x000000070f000000| Untracked 
| 104|0x000000070f200000, 0x000000070f200000, 0x000000070f400000|  0%| F|  |TAMS 0x000000070f200000, 0x000000070f200000| Untracked 
| 105|0x000000070f400000, 0x000000070f400000, 0x000000070f600000|  0%| F|  |TAMS 0x000000070f400000, 0x000000070f400000| Untracked 
| 106|0x000000070f600000, 0x000000070f600000, 0x000000070f800000|  0%| F|  |TAMS 0x000000070f600000, 0x000000070f600000| Untracked 
| 107|0x000000070f800000, 0x000000070f800000, 0x000000070fa00000|  0%| F|  |TAMS 0x000000070f800000, 0x000000070f800000| Untracked 
| 108|0x000000070fa00000, 0x000000070fa00000, 0x000000070fc00000|  0%| F|  |TAMS 0x000000070fa00000, 0x000000070fa00000| Untracked 
| 109|0x000000070fc00000, 0x000000070fc00000, 0x000000070fe00000|  0%| F|  |TAMS 0x000000070fc00000, 0x000000070fc00000| Untracked 
| 110|0x000000070fe00000, 0x000000070fe00000, 0x0000000710000000|  0%| F|  |TAMS 0x000000070fe00000, 0x000000070fe00000| Untracked 
| 111|0x0000000710000000, 0x0000000710000000, 0x0000000710200000|  0%| F|  |TAMS 0x0000000710000000, 0x0000000710000000| Untracked 
| 112|0x0000000710200000, 0x0000000710200000, 0x0000000710400000|  0%| F|  |TAMS 0x0000000710200000, 0x0000000710200000| Untracked 
| 113|0x0000000710400000, 0x0000000710400000, 0x0000000710600000|  0%| F|  |TAMS 0x0000000710400000, 0x0000000710400000| Untracked 
| 114|0x0000000710600000, 0x0000000710600000, 0x0000000710800000|  0%| F|  |TAMS 0x0000000710600000, 0x0000000710600000| Untracked 
| 115|0x0000000710800000, 0x0000000710800000, 0x0000000710a00000|  0%| F|  |TAMS 0x0000000710800000, 0x0000000710800000| Untracked 
| 116|0x0000000710a00000, 0x0000000710a00000, 0x0000000710c00000|  0%| F|  |TAMS 0x0000000710a00000, 0x0000000710a00000| Untracked 
| 117|0x0000000710c00000, 0x0000000710c00000, 0x0000000710e00000|  0%| F|  |TAMS 0x0000000710c00000, 0x0000000710c00000| Untracked 
| 118|0x0000000710e00000, 0x0000000710ef1548, 0x0000000711000000| 47%| E|  |TAMS 0x0000000710e00000, 0x0000000710e00000| Complete 
| 119|0x0000000711000000, 0x0000000711200000, 0x0000000711200000|100%| E|CS|TAMS 0x0000000711000000, 0x0000000711000000| Complete 
| 120|0x0000000711200000, 0x0000000711400000, 0x0000000711400000|100%| E|CS|TAMS 0x0000000711200000, 0x0000000711200000| Complete 
| 121|0x0000000711400000, 0x0000000711600000, 0x0000000711600000|100%| E|CS|TAMS 0x0000000711400000, 0x0000000711400000| Complete 
| 122|0x0000000711600000, 0x0000000711800000, 0x0000000711800000|100%| E|CS|TAMS 0x0000000711600000, 0x0000000711600000| Complete 
| 123|0x0000000711800000, 0x0000000711a00000, 0x0000000711a00000|100%| E|CS|TAMS 0x0000000711800000, 0x0000000711800000| Complete 
| 124|0x0000000711a00000, 0x0000000711c00000, 0x0000000711c00000|100%| E|CS|TAMS 0x0000000711a00000, 0x0000000711a00000| Complete 
| 125|0x0000000711c00000, 0x0000000711e00000, 0x0000000711e00000|100%| E|CS|TAMS 0x0000000711c00000, 0x0000000711c00000| Complete 
| 126|0x0000000711e00000, 0x0000000712000000, 0x0000000712000000|100%| E|CS|TAMS 0x0000000711e00000, 0x0000000711e00000| Complete 

Card table byte_map: [0x00000284450f0000,0x00000284458e0000] _byte_map_base: 0x00000284418df000

Marking Bits (Prev, Next): (CMBitMap*) 0x000002842d613370, (CMBitMap*) 0x000002842d6133b0
 Prev Bits: [0x00000284460d0000, 0x000002844a048000)
 Next Bits: [0x000002844a050000, 0x000002844dfc8000)

Polling page: 0x000002842cda0000

Metaspace:

Usage:
  Non-class:      9.41 MB capacity,     6.93 MB ( 74%) used,     2.47 MB ( 26%) free+waste,     7.88 KB ( <1%) overhead. 
      Class:    637.00 KB capacity,   354.09 KB ( 56%) used,   280.91 KB ( 44%) free+waste,     2.00 KB ( <1%) overhead. 
       Both:     10.04 MB capacity,     7.28 MB ( 73%) used,     2.75 MB ( 27%) free+waste,     9.88 KB ( <1%) overhead. 

Virtual space:
  Non-class space:       10.00 MB reserved,       9.50 MB ( 95%) committed 
      Class space:        1.00 GB reserved,     640.00 KB ( <1%) committed 
             Both:        1.01 GB reserved,      10.12 MB ( <1%) committed 

Chunk freelists:
   Non-Class:  89.00 KB
       Class:  3.00 KB
        Both:  92.00 KB

MaxMetaspaceSize: 17179869184.00 GB
CompressedClassSpaceSize: 1.00 GB

CodeHeap 'non-profiled nmethods': size=120000Kb used=223Kb max_used=223Kb free=119776Kb
 bounds [0x000002843d2c0000, 0x000002843d530000, 0x00000284447f0000]
CodeHeap 'profiled nmethods': size=120000Kb used=1393Kb max_used=1393Kb free=118606Kb
 bounds [0x0000028435d90000, 0x0000028436000000, 0x000002843d2c0000]
CodeHeap 'non-nmethods': size=5760Kb used=1654Kb max_used=1668Kb free=4105Kb
 bounds [0x00000284357f0000, 0x0000028435a60000, 0x0000028435d90000]
 total_blobs=1872 nmethods=813 adapters=972
 compilation: enabled
              stopped_count=0, restarted_count=0
 full_count=0

Compilation events (20 events):
Event: 0.682 Thread 0x00000284511542c0  792       3       java.nio.FloatBuffer::<init> (14 bytes)
Event: 0.682 Thread 0x00000284511542c0 nmethod 792 0x0000028435edb590 code [0x0000028435edb740, 0x0000028435edb888]
Event: 0.682 Thread 0x00000284511487f0 nmethod 793 0x000002843d2f6410 code [0x000002843d2f6580, 0x000002843d2f65d8]
Event: 0.682 Thread 0x00000284511487f0  794       4       java.nio.Buffer::position (55 bytes)
Event: 0.683 Thread 0x00000284511487f0 nmethod 794 0x000002843d2f6710 code [0x000002843d2f6880, 0x000002843d2f6938]
Event: 0.683 Thread 0x00000284511487f0  795       4       java.nio.Buffer::remaining (10 bytes)
Event: 0.683 Thread 0x00000284511487f0 nmethod 795 0x000002843d2f6a10 code [0x000002843d2f6b80, 0x000002843d2f6bf8]
Event: 0.683 Thread 0x00000284511542c0  796       3       java.nio.FloatBuffer::position (6 bytes)
Event: 0.683 Thread 0x00000284511542c0 nmethod 796 0x0000028435edb990 code [0x0000028435edbb40, 0x0000028435edbce8]
Event: 0.683 Thread 0x00000284511542c0  797       3       org.lwjgl.BufferUtils::createFloatBuffer (12 bytes)
Event: 0.684 Thread 0x00000284511542c0 nmethod 797 0x0000028435edbd90 code [0x0000028435edbf80, 0x0000028435edc358]
Event: 0.684 Thread 0x00000284511542c0  798       3       org.lwjgl.opengl.GL15::glBindBuffer (6 bytes)
Event: 0.684 Thread 0x00000284511542c0 nmethod 798 0x0000028435edc510 code [0x0000028435edc6a0, 0x0000028435edc7a8]
Event: 0.693 Thread 0x00000284511487f0  801       4       java.lang.String::charAt (25 bytes)
Event: 0.694 Thread 0x00000284511487f0 nmethod 801 0x000002843d2f7510 code [0x000002843d2f76a0, 0x000002843d2f77a8]
Event: 0.698 Thread 0x00000284511542c0  803       3       java.nio.FloatBuffer::put (9 bytes)
Event: 0.698 Thread 0x00000284511542c0 nmethod 803 0x0000028435edc890 code [0x0000028435edca40, 0x0000028435edcc08]
Event: 0.698 Thread 0x00000284511542c0  811   !   3       jdk.internal.math.FloatingDecimal::readJavaFormatString (826 bytes)
Event: 0.701 Thread 0x0000028451c94200  813       4       java.nio.Buffer::flip (20 bytes)
Event: 0.702 Thread 0x0000028451c94200 nmethod 813 0x000002843d2f7c90 code [0x000002843d2f7e00, 0x000002843d2f7e78]

GC Heap History (0 events):
No events

Deoptimization events (20 events):
Event: 0.464 Thread 0x000002842d5c1ad0 DEOPT PACKING pc=0x000002843d2e2958 sp=0x000000de40efeb40
Event: 0.464 Thread 0x000002842d5c1ad0 DEOPT UNPACKING pc=0x000002843583e42f sp=0x000000de40efeac8 mode 2
Event: 0.516 Thread 0x000002842d5c1ad0 DEOPT PACKING pc=0x0000028435dc2bdf sp=0x000000de40efd950
Event: 0.516 Thread 0x000002842d5c1ad0 DEOPT UNPACKING pc=0x000002843583e23f sp=0x000000de40efcda0 mode 0
Event: 0.572 Thread 0x000002842d5c1ad0 Uncommon trap: trap_request=0xffffff54 fr.pc=0x000002843d2e2060 relative=0x0000000000000060
Event: 0.572 Thread 0x000002842d5c1ad0 Uncommon trap: reason=speculate_null_assert action=make_not_entrant pc=0x000002843d2e2060 method=sun.misc.Unsafe.putLong(Ljava/lang/Object;JJ)V @ 7 c2
Event: 0.572 Thread 0x000002842d5c1ad0 DEOPT PACKING pc=0x000002843d2e2060 sp=0x000000de40efec20
Event: 0.572 Thread 0x000002842d5c1ad0 DEOPT UNPACKING pc=0x000002843583e42f sp=0x000000de40efeb98 mode 2
Event: 0.579 Thread 0x000002842d5c1ad0 Uncommon trap: trap_request=0xffffff45 fr.pc=0x000002843d2f24b4 relative=0x0000000000000034
Event: 0.579 Thread 0x000002842d5c1ad0 Uncommon trap: reason=unstable_if action=reinterpret pc=0x000002843d2f24b4 method=java.lang.reflect.Modifier.isFinal(I)Z @ 4 c2
Event: 0.579 Thread 0x000002842d5c1ad0 DEOPT PACKING pc=0x000002843d2f24b4 sp=0x000000de40efdd80
Event: 0.579 Thread 0x000002842d5c1ad0 DEOPT UNPACKING pc=0x000002843583e42f sp=0x000000de40efdd10 mode 2
Event: 0.587 Thread 0x000002842d5c1ad0 Uncommon trap: trap_request=0xffffff45 fr.pc=0x000002843d2e4670 relative=0x00000000000010f0
Event: 0.587 Thread 0x000002842d5c1ad0 Uncommon trap: reason=unstable_if action=reinterpret pc=0x000002843d2e4670 method=java.util.LinkedHashMap.linkNodeLast(Ljava/util/LinkedHashMap$Entry;)V @ 11 c2
Event: 0.587 Thread 0x000002842d5c1ad0 DEOPT PACKING pc=0x000002843d2e4670 sp=0x000000de40efd240
Event: 0.587 Thread 0x000002842d5c1ad0 DEOPT UNPACKING pc=0x000002843583e42f sp=0x000000de40efd0f0 mode 2
Event: 0.667 Thread 0x000002842d5c1ad0 Uncommon trap: trap_request=0xffffff45 fr.pc=0x000002843d2c519c relative=0x000000000000007c
Event: 0.667 Thread 0x000002842d5c1ad0 Uncommon trap: reason=unstable_if action=reinterpret pc=0x000002843d2c519c method=java.lang.String.isLatin1()Z @ 10 c2
Event: 0.667 Thread 0x000002842d5c1ad0 DEOPT PACKING pc=0x000002843d2c519c sp=0x000000de40efeac0
Event: 0.667 Thread 0x000002842d5c1ad0 DEOPT UNPACKING pc=0x000002843583e42f sp=0x000000de40efea00 mode 2

Classes unloaded (0 events):
No events

Classes redefined (0 events):
No events

Internal exceptions (16 events):
Event: 0.088 Thread 0x000002842d5c1ad0 Exception <a 'java/lang/NoSuchMethodError'{0x0000000711c91980}: 'void java.lang.invoke.DirectMethodHandle$Holder.invokeStatic(java.lang.Object, java.lang.Object)'> (0x0000000711c91980) 
thrown [./open/src/hotspot/share/interpreter/linkResolver.cpp, line 782]
Event: 0.088 Thread 0x000002842d5c1ad0 Exception <a 'java/lang/NoSuchMethodError'{0x0000000711c97478}: 'void java.lang.invoke.DirectMethodHandle$Holder.invokeSpecial(java.lang.Object, java.lang.Object, java.lang.Object)'> (0x0000000711c97478) 
thrown [./open/src/hotspot/share/interpreter/linkResolver.cpp, line 782]
Event: 0.091 Thread 0x000002842d5c1ad0 Exception <a 'java/lang/NoSuchMethodError'{0x0000000711cac0e8}: 'java.lang.Object java.lang.invoke.DirectMethodHandle$Holder.invokeStatic(java.lang.Object, java.lang.Object, int)'> (0x0000000711cac0e8) 
thrown [./open/src/hotspot/share/interpreter/linkResolver.cpp, line 782]
Event: 0.092 Thread 0x000002842d5c1ad0 Exception <a 'java/lang/NoSuchMethodError'{0x0000000711cb8230}: 'void java.lang.invoke.DelegatingMethodHandle$Holder.delegate(java.lang.Object, java.lang.Object, int, java.lang.Object)'> (0x0000000711cb8230) 
thrown [./open/src/hotspot/share/interpreter/linkResolver.cpp, line 782]
Event: 0.092 Thread 0x000002842d5c1ad0 Exception <a 'java/lang/NoSuchMethodError'{0x0000000711cbc2d0}: 'int java.lang.invoke.DirectMethodHandle$Holder.invokeSpecial(java.lang.Object, java.lang.Object, java.lang.Object)'> (0x0000000711cbc2d0) 
thrown [./open/src/hotspot/share/interpreter/linkResolver.cpp, line 782]
Event: 0.119 Thread 0x000002842d5c1ad0 Exception <a 'sun/nio/fs/WindowsException'{0x0000000711d558a0}> (0x0000000711d558a0) 
thrown [./open/src/hotspot/share/prims/jni.cpp, line 578]
Event: 0.120 Thread 0x000002842d5c1ad0 Exception <a 'sun/nio/fs/WindowsException'{0x0000000711d55df8}> (0x0000000711d55df8) 
thrown [./open/src/hotspot/share/prims/jni.cpp, line 578]
Event: 0.135 Thread 0x000002842d5c1ad0 Exception <a 'sun/nio/fs/WindowsException'{0x0000000711dd4d10}> (0x0000000711dd4d10) 
thrown [./open/src/hotspot/share/prims/jni.cpp, line 578]
Event: 0.135 Thread 0x000002842d5c1ad0 Exception <a 'sun/nio/fs/WindowsException'{0x0000000711dd5080}> (0x0000000711dd5080) 
thrown [./open/src/hotspot/share/prims/jni.cpp, line 578]
Event: 0.139 Thread 0x000002842d5c1ad0 Exception <a 'java/lang/NoSuchMethodError'{0x0000000711a0d448}: 'java.lang.Object java.lang.invoke.DirectMethodHandle$Holder.invokeStatic(java.lang.Object)'> (0x0000000711a0d448) 
thrown [./open/src/hotspot/share/interpreter/linkResolver.cpp, line 782]
Event: 0.139 Thread 0x000002842d5c1ad0 Exception <a 'java/lang/NoSuchMethodError'{0x0000000711a10ab8}: 'java.lang.Object java.lang.invoke.DirectMethodHandle$Holder.invokeStaticInit(java.lang.Object)'> (0x0000000711a10ab8) 
thrown [./open/src/hotspot/share/interpreter/linkResolver.cpp, line 782]
Event: 0.431 Thread 0x000002842d5c1ad0 Exception <a 'sun/nio/fs/WindowsException'{0x0000000711ad0db8}> (0x0000000711ad0db8) 
thrown [./open/src/hotspot/share/prims/jni.cpp, line 578]
Event: 0.431 Thread 0x000002842d5c1ad0 Exception <a 'sun/nio/fs/WindowsException'{0x0000000711ad1168}> (0x0000000711ad1168) 
thrown [./open/src/hotspot/share/prims/jni.cpp, line 578]
Event: 0.434 Thread 0x000002842d5c1ad0 Exception <a 'sun/nio/fs/WindowsException'{0x0000000711adf208}> (0x0000000711adf208) 
thrown [./open/src/hotspot/share/prims/jni.cpp, line 578]
Event: 0.434 Thread 0x000002842d5c1ad0 Exception <a 'sun/nio/fs/WindowsException'{0x0000000711adf4f0}> (0x0000000711adf4f0) 
thrown [./open/src/hotspot/share/prims/jni.cpp, line 578]
Event: 0.579 Thread 0x000002842d5c1ad0 Exception <a 'java/lang/NoSuchMethodError'{0x0000000711259040}: 'void java.lang.invoke.DirectMethodHandle$Holder.invokeStatic(java.lang.Object, long, int, int)'> (0x0000000711259040) 
thrown [./open/src/hotspot/share/interpreter/linkResolver.cpp, line 782]

Events (20 events):
Event: 0.572 loading class jdk/internal/reflect/UnsafeQualifiedLongFieldAccessorImpl
Event: 0.572 loading class jdk/internal/reflect/UnsafeQualifiedFieldAccessorImpl
Event: 0.572 loading class jdk/internal/reflect/UnsafeQualifiedFieldAccessorImpl done
Event: 0.572 loading class jdk/internal/reflect/UnsafeQualifiedLongFieldAccessorImpl done
Event: 0.583 loading class java/io/FileReader
Event: 0.583 loading class java/io/FileReader done
Event: 0.589 loading class java/io/Externalizable
Event: 0.589 loading class java/io/Externalizable done
Event: 0.592 Loaded shared library C:\Users\david\.jdks\openjdk-15\bin\verify.dll
Event: 0.613 loading class java/lang/SecurityException
Event: 0.614 loading class java/lang/SecurityException done
Event: 0.615 loading class jdk/internal/access/foreign/MemorySegmentProxy
Event: 0.615 loading class jdk/internal/access/foreign/MemorySegmentProxy done
Event: 0.668 loading class jdk/internal/math/FloatingDecimal$ASCIIToBinaryBuffer
Event: 0.668 loading class jdk/internal/math/FloatingDecimal$ASCIIToBinaryBuffer done
Event: 0.668 loading class jdk/internal/math/FDBigInteger
Event: 0.668 loading class jdk/internal/math/FDBigInteger done
Event: 0.688 Loaded shared library C:\Users\david\AppData\Local\Temp\lwjgldavid\3.2.3-build-13\lwjgl_opengl.dll
Event: 0.692 Loaded shared library C:\Users\david\AppData\Local\Temp\lwjgldavid\3.2.3-build-13\lwjgl_opengl.dll
Event: 0.698 Loaded shared library C:\Users\david\AppData\Local\Temp\lwjgldavid\3.2.3-build-13\lwjgl_opengl.dll


Dynamic libraries:
0x00007ff67b060000 - 0x00007ff67b06d000 	C:\Users\david\.jdks\openjdk-15\bin\java.exe
0x00007ffffdb70000 - 0x00007ffffdd65000 	C:\WINDOWS\SYSTEM32\ntdll.dll
0x00007ffffbd90000 - 0x00007ffffbe4d000 	C:\WINDOWS\System32\KERNEL32.DLL
0x00007ffffb3e0000 - 0x00007ffffb6a8000 	C:\WINDOWS\System32\KERNELBASE.dll
0x00007ffffbad0000 - 0x00007ffffbbd0000 	C:\WINDOWS\System32\ucrtbase.dll
0x00007ffff60f0000 - 0x00007ffff6108000 	C:\Users\david\.jdks\openjdk-15\bin\jli.dll
0x00007ffff4d80000 - 0x00007ffff4d99000 	C:\Users\david\.jdks\openjdk-15\bin\VCRUNTIME140.dll
0x00007ffffc5c0000 - 0x00007ffffc760000 	C:\WINDOWS\System32\USER32.dll
0x00007fffe78d0000 - 0x00007fffe7b6a000 	C:\WINDOWS\WinSxS\amd64_microsoft.windows.common-controls_6595b64144ccf1df_6.0.19041.844_none_ca00b6081b84eb1d\COMCTL32.dll
0x00007ffffb300000 - 0x00007ffffb322000 	C:\WINDOWS\System32\win32u.dll
0x00007ffffc520000 - 0x00007ffffc5be000 	C:\WINDOWS\System32\msvcrt.dll
0x00007ffffbc00000 - 0x00007ffffbc2a000 	C:\WINDOWS\System32\GDI32.dll
0x00007ffffb9c0000 - 0x00007ffffbacb000 	C:\WINDOWS\System32\gdi32full.dll
0x00007ffffb6b0000 - 0x00007ffffb74d000 	C:\WINDOWS\System32\msvcp_win.dll
0x00007ffffbbd0000 - 0x00007ffffbc00000 	C:\WINDOWS\System32\IMM32.DLL
0x00007ffff5a20000 - 0x00007ffff5a2c000 	C:\Users\david\.jdks\openjdk-15\bin\vcruntime140_1.dll
0x00007fffc1690000 - 0x00007fffc1721000 	C:\Users\david\.jdks\openjdk-15\bin\msvcp140.dll
0x00007fff7aff0000 - 0x00007fff7bb4c000 	C:\Users\david\.jdks\openjdk-15\bin\server\jvm.dll
0x00007ffffc910000 - 0x00007ffffc9bc000 	C:\WINDOWS\System32\ADVAPI32.dll
0x00007ffffd550000 - 0x00007ffffd5eb000 	C:\WINDOWS\System32\sechost.dll
0x00007ffffc3f0000 - 0x00007ffffc51b000 	C:\WINDOWS\System32\RPCRT4.dll
0x00007ffffd520000 - 0x00007ffffd528000 	C:\WINDOWS\System32\PSAPI.DLL
0x00007fffe29f0000 - 0x00007fffe29f9000 	C:\WINDOWS\SYSTEM32\WSOCK32.dll
0x00007fffeee90000 - 0x00007fffeeeb7000 	C:\WINDOWS\SYSTEM32\WINMM.dll
0x00007ffff47f0000 - 0x00007ffff47fa000 	C:\WINDOWS\SYSTEM32\VERSION.dll
0x00007ffffd5f0000 - 0x00007ffffd65b000 	C:\WINDOWS\System32\WS2_32.dll
0x00007ffff9210000 - 0x00007ffff9222000 	C:\WINDOWS\SYSTEM32\kernel.appcore.dll
0x00007ffff1ea0000 - 0x00007ffff1eaa000 	C:\Users\david\.jdks\openjdk-15\bin\jimage.dll
0x00007fffe5d00000 - 0x00007fffe5ee4000 	C:\WINDOWS\SYSTEM32\DBGHELP.DLL
0x00007fffe2a40000 - 0x00007fffe2a6c000 	C:\WINDOWS\SYSTEM32\dbgcore.DLL
0x00007ffffb750000 - 0x00007ffffb7d0000 	C:\WINDOWS\System32\bcryptPrimitives.dll
0x00007fffe6e50000 - 0x00007fffe6e75000 	C:\Users\david\.jdks\openjdk-15\bin\java.dll
0x00007ffffca70000 - 0x00007ffffd1b2000 	C:\WINDOWS\System32\SHELL32.dll
0x00007ffff9410000 - 0x00007ffff9ba1000 	C:\WINDOWS\SYSTEM32\windows.storage.dll
0x00007ffffd1c0000 - 0x00007ffffd515000 	C:\WINDOWS\System32\combase.dll
0x00007ffffad20000 - 0x00007ffffad4c000 	C:\WINDOWS\SYSTEM32\Wldp.dll
0x00007ffffc9c0000 - 0x00007ffffca6e000 	C:\WINDOWS\System32\SHCORE.dll
0x00007ffffd660000 - 0x00007ffffd6b5000 	C:\WINDOWS\System32\shlwapi.dll
0x00007ffffb1f0000 - 0x00007ffffb20f000 	C:\WINDOWS\SYSTEM32\profapi.dll
0x00007fffe84f0000 - 0x00007fffe8509000 	C:\Users\david\.jdks\openjdk-15\bin\net.dll
0x00007ffff1fd0000 - 0x00007ffff20db000 	C:\WINDOWS\SYSTEM32\WINHTTP.dll
0x00007ffffaa90000 - 0x00007ffffaafa000 	C:\WINDOWS\system32\mswsock.dll
0x00007fffe8300000 - 0x00007fffe8312000 	C:\Users\david\.jdks\openjdk-15\bin\nio.dll
0x00007fffe3440000 - 0x00007fffe3458000 	C:\Users\david\.jdks\openjdk-15\bin\zip.dll
0x00007fffd4720000 - 0x00007fffd4784000 	C:\Users\david\AppData\Local\Temp\lwjgldavid\3.2.3-build-13\lwjgl.dll
0x00007fffc1b30000 - 0x00007fffc1b92000 	C:\Users\david\AppData\Local\Temp\lwjgldavid\3.2.3-build-13\glfw.dll
0x00007ffff8d50000 - 0x00007ffff8dee000 	C:\WINDOWS\system32\uxtheme.dll
0x00007fffd8080000 - 0x00007fffd80c5000 	C:\WINDOWS\SYSTEM32\dinput8.dll
0x00007fffb6e90000 - 0x00007fffb6ea1000 	C:\WINDOWS\SYSTEM32\xinput1_4.dll
0x00007ffffb2b0000 - 0x00007ffffb2fe000 	C:\WINDOWS\System32\cfgmgr32.dll
0x00007ffffb060000 - 0x00007ffffb08c000 	C:\WINDOWS\SYSTEM32\DEVOBJ.dll
0x00007ffff8f20000 - 0x00007ffff8f4f000 	C:\WINDOWS\SYSTEM32\dwmapi.dll
0x00007fffe39e0000 - 0x00007fffe3b32000 	C:\WINDOWS\SYSTEM32\inputhost.dll
0x00007ffffbf40000 - 0x00007ffffc00d000 	C:\WINDOWS\System32\OLEAUT32.dll
0x00007ffff8880000 - 0x00007ffff8972000 	C:\WINDOWS\SYSTEM32\CoreMessaging.dll
0x00007ffff6ef0000 - 0x00007ffff6fe7000 	C:\WINDOWS\SYSTEM32\PROPSYS.dll
0x00007ffff7e40000 - 0x00007ffff7f94000 	C:\WINDOWS\SYSTEM32\wintypes.dll
0x00007ffff8510000 - 0x00007ffff886e000 	C:\WINDOWS\SYSTEM32\CoreUIComponents.dll
0x00007ffff9ff0000 - 0x00007ffffa023000 	C:\WINDOWS\SYSTEM32\ntmarta.dll
0x00007ffffc120000 - 0x00007ffffc235000 	C:\WINDOWS\System32\MSCTF.dll
0x00007ffff9bb0000 - 0x00007ffff9bbd000 	C:\WINDOWS\SYSTEM32\HID.DLL
0x00007ffffd6c0000 - 0x00007ffffdb29000 	C:\WINDOWS\System32\SETUPAPI.DLL
0x00007ffffb990000 - 0x00007ffffb9b7000 	C:\WINDOWS\System32\bcrypt.dll
0x00007ffffb7d0000 - 0x00007ffffb830000 	C:\WINDOWS\System32\WINTRUST.dll
0x00007ffffb830000 - 0x00007ffffb98f000 	C:\WINDOWS\System32\CRYPT32.dll
0x00007ffffaea0000 - 0x00007ffffaeb2000 	C:\WINDOWS\SYSTEM32\MSASN1.dll
0x00007fffd5f30000 - 0x00007fffd6056000 	C:\WINDOWS\SYSTEM32\opengl32.dll
0x00007ffff1e70000 - 0x00007ffff1e9c000 	C:\WINDOWS\SYSTEM32\GLU32.dll
0x00007ffffc010000 - 0x00007ffffc0b9000 	C:\WINDOWS\System32\clbcatq.dll
0x00007fff62f20000 - 0x00007fff65c00000 	C:\WINDOWS\System32\DriverStore\FileRepository\nvmd.inf_amd64_1408eaf9a25ed64f\nvoglv64.dll
0x00007ffffc7e0000 - 0x00007ffffc90a000 	C:\WINDOWS\System32\ole32.dll
0x00007ffff7050000 - 0x00007ffff7064000 	C:\WINDOWS\SYSTEM32\WTSAPI32.dll
0x00007ffff2270000 - 0x00007ffff22a1000 	C:\WINDOWS\SYSTEM32\cryptnet.dll
0x00007ffffac60000 - 0x00007ffffac6c000 	C:\WINDOWS\SYSTEM32\cryptbase.dll
0x00007ffff22b0000 - 0x00007ffff22eb000 	C:\WINDOWS\SYSTEM32\dxcore.dll
0x00007fffc0f60000 - 0x00007fffc1219000 	C:\WINDOWS\system32\nvspcap64.dll
0x00007ffffa8a0000 - 0x00007ffffa8eb000 	C:\WINDOWS\SYSTEM32\powrprof.dll
0x00007ffffa710000 - 0x00007ffffa722000 	C:\WINDOWS\SYSTEM32\UMPDC.dll
0x00007ffffa0a0000 - 0x00007ffffa0fa000 	C:\WINDOWS\SYSTEM32\WINSTA.dll
0x00007fffed4d0000 - 0x00007fffed5c9000 	C:\WINDOWS\SYSTEM32\textinputframework.dll
0x00007fffd2fd0000 - 0x00007fffd3029000 	C:\Users\david\AppData\Local\Temp\lwjgldavid\3.2.3-build-13\lwjgl_opengl.dll
0x00007fffed070000 - 0x00007fffed080000 	C:\Users\david\.jdks\openjdk-15\bin\verify.dll

dbghelp: loaded successfully - version: 4.0.5 - missing functions: none
symbol engine: initialized successfully - sym options: 0x614 - pdb path: .;C:\Users\david\.jdks\openjdk-15\bin;C:\WINDOWS\SYSTEM32;C:\WINDOWS\WinSxS\amd64_microsoft.windows.common-controls_6595b64144ccf1df_6.0.19041.844_none_ca00b6081b84eb1d;C:\Users\david\.jdks\openjdk-15\bin\server;C:\Users\david\AppData\Local\Temp\lwjgldavid\3.2.3-build-13;C:\WINDOWS\System32\DriverStore\FileRepository\nvmd.inf_amd64_1408eaf9a25ed64f

VM Arguments:
jvm_args: -Dfile.encoding=windows-1250 -Duser.country=CZ -Duser.language=cs -Duser.variant 
java_command: Main
java_class_path (initial): C:\Users\david\OpenGL-Examples-main (1)\opengl kolize\build\classes\java\main;C:\Users\david\OpenGL-Examples-main (1)\opengl kolize\build\resources\main;C:\Users\david\.gradle\caches\modules-2\files-2.1\org.lwjgl\lwjgl-assimp\3.2.3\f62aa07a20afbdd3097efc296c4841e0d29700eb\lwjgl-assimp-3.2.3.jar;C:\Users\david\.gradle\caches\modules-2\files-2.1\org.lwjgl\lwjgl-assimp\3.2.3\4e60aeb75f0343c4a9ede4ef8b6b32ca702a00a3\lwjgl-assimp-3.2.3-natives-windows.jar;C:\Users\david\.gradle\caches\modules-2\files-2.1\org.lwjgl\lwjgl-glfw\3.2.3\5e520d5c290c8b012545a8d34fa5db5ab051ea53\lwjgl-glfw-3.2.3.jar;C:\Users\david\.gradle\caches\modules-2\files-2.1\org.lwjgl\lwjgl-glfw\3.2.3\b4d8a3477cdc2edcf7a5f1e822926be846223f54\lwjgl-glfw-3.2.3-natives-windows.jar;C:\Users\david\.gradle\caches\modules-2\files-2.1\org.lwjgl\lwjgl-openal\3.2.3\106742e805803ab9eab8e343f0fb31a3d263903c\lwjgl-openal-3.2.3.jar;C:\Users\david\.gradle\caches\modules-2\files-2.1\org.lwjgl\lwjgl-openal\3.2.3\ec898e8ce11b5886f4f532a1536283ef2817758d\lwjgl-openal-3.2.3-natives-windows.jar;C:\Users\david\.gradle\caches\modules-2\files-2.1\org.lwjgl\lwjgl-opengl\3.2.3\bdd534a323d0c8f54969b95e424b6ac8984f7d6e\lwjgl-opengl-3.2.3.jar;C:\Users\david\.gradle\caches\modules-2\files-2.1\org.lwjgl\lwjgl-opengl\3.2.3\e81cfc73ec8708e5e791ed770e4ec3edfc1bbab1\lwjgl-opengl-3.2.3-natives-windows.jar;C:\Users\david\.gradle\caches\modules-2\files-2.1\org.lwjgl\lwjgl-stb\3.2.3\40eccaa4fa86fc815f2e17946a392fb5fdcc286a\lwjgl-stb-3.2.3.jar;C:\Users\david\.gradle\caches\modules-2\files-2.1\org.lwjgl\lwjgl-stb\3.2.3\817b21ec286f0ba3dcedb56a3bd275e6a9345be9\lwjgl-stb-3.2.3-natives-windows.jar;C:\Users\david\.gradle\caches\modules-2\files-2.1\org.lwjgl\lwjgl\3.2.3\17a59ba0fe8d474ec9dbe0d5db40d2cfe59c4c08\lwjgl-3.2.3.jar;C:\Users\david\.gradle\caches\modules-2\files-2.1\org.lwjgl\lwjgl\3.2.3\27f32cd35349684745951e04388e8e00d681cdcd\lwjgl-3.2.3-natives-windows.jar;C:\Users\david\.gradle\caches\modules-2\files-2.1\org.
Launcher Type: SUN_STANDARD

[Global flags]
     intx CICompilerCount                          = 3                                         {product} {ergonomic}
     uint ConcGCThreads                            = 2                                         {product} {ergonomic}
     uint G1ConcRefinementThreads                  = 6                                         {product} {ergonomic}
   size_t G1HeapRegionSize                         = 2097152                                   {product} {ergonomic}
    uintx GCDrainStackTargetSize                   = 64                                        {product} {ergonomic}
   size_t InitialHeapSize                          = 266338304                                 {product} {ergonomic}
   size_t MarkStackSize                            = 4194304                                   {product} {ergonomic}
   size_t MaxHeapSize                              = 4259315712                                {product} {ergonomic}
   size_t MaxNewSize                               = 2554331136                                {product} {ergonomic}
   size_t MinHeapDeltaBytes                        = 2097152                                   {product} {ergonomic}
   size_t MinHeapSize                              = 8388608                                   {product} {ergonomic}
    uintx NonNMethodCodeHeapSize                   = 5832780                                {pd product} {ergonomic}
    uintx NonProfiledCodeHeapSize                  = 122912730                              {pd product} {ergonomic}
    uintx ProfiledCodeHeapSize                     = 122912730                              {pd product} {ergonomic}
    uintx ReservedCodeCacheSize                    = 251658240                              {pd product} {ergonomic}
     bool SegmentedCodeCache                       = true                                      {product} {ergonomic}
   size_t SoftMaxHeapSize                          = 4259315712                             {manageable} {ergonomic}
     bool UseCompressedClassPointers               = true                                 {lp64_product} {ergonomic}
     bool UseCompressedOops                        = true                                 {lp64_product} {ergonomic}
     bool UseG1GC                                  = true                                      {product} {ergonomic}
     bool UseLargePagesIndividualAllocation        = false                                  {pd product} {ergonomic}

Logging:
Log output configuration:
 #0: stdout all=warning uptime,level,tags
 #1: stderr all=off uptime,level,tags

Environment Variables:
PATH=C:\Program Files (x86)\Common Files\Oracle\Java\javapath;C:\Program Files (x86)\Razer\ChromaBroadcast\bin;C:\Program Files\Razer\ChromaBroadcast\bin;C:\Program Files (x86)\Razer Chroma SDK\bin;C:\Program Files\Razer Chroma SDK\bin;C:\Windows\system32;C:\Windows;C:\Windows\System32\Wbem;C:\Windows\System32\WindowsPowerShell\v1.0\;C:\Windows\System32\OpenSSH\;C:\Users\david\AppData\Local\Microsoft\WindowsApps;C:\WINDOWS\system32;C:\WINDOWS;C:\WINDOWS\System32\Wbem;C:\WINDOWS\System32\WindowsPowerShell\v1.0\;C:\WINDOWS\System32\OpenSSH\;C:\Program Files\NVIDIA Corporation\NVIDIA NvDLISR;C:\Program Files (x86)\NVIDIA Corporation\PhysX\Common;C:\Program Files\dotnet\;C:\Program Files (x86)\dotnet\;C:\Program Files\Git\cmd;C:\WINDOWS\system32;C:\WINDOWS;C:\WINDOWS\System32\Wbem;C:\WINDOWS\System32\WindowsPowerShell\v1.0\;C:\WINDOWS\System32\OpenSSH\;C:\WINDOWS\system32\config\systemprofile\AppData\Local\Microsoft\WindowsApps;C:\Program Files\nodejs\;C:\ProgramData\chocolatey\bin;C:\Users\david\AppData\Local\Microsoft\WindowsApps;C:\Users\david\AppData\Local\atom\bin;C:\Program Files (x86)\Mud Blood loader\;C:\Program Files (x86)\Mud Blood - Loader\;C:\Users\david\AppData\Local\GitHubDesktop\bin;C:\Users\david\AppData\Local\Microsoft\WindowsApps;C:\Users\david\AppData\Roaming\npm
USERNAME=david
OS=Windows_NT
PROCESSOR_IDENTIFIER=Intel64 Family 6 Model 158 Stepping 10, GenuineIntel



---------------  S Y S T E M  ---------------

OS:
 Windows 10 , 64 bit Build 19041 (10.0.19041.928)
OS uptime: 11 days 13:44 hours

CPU: total 6 (initial active 6) (6 cores per cpu, 1 threads per core) family 6 model 158 stepping 10, cmov, cx8, fxsr, mmx, sse, sse2, sse3, ssse3, sse4.1, sse4.2, popcnt, vzeroupper, avx, avx2, aes, clmul, erms, rtm, 3dnowpref, lzcnt, tsc, tscinvbit, bmi1, bmi2, adx, fma, clflush, clflushopt

Memory: 4k page, system-wide physical 16247M (5596M free)
TotalPageFile size 38775M (AvailPageFile size 17825M)
current process WorkingSet (physical memory assigned to process): 100M, peak: 100M
current process commit charge ("private bytes"): 397M, peak: 397M

vm_info: OpenJDK 64-Bit Server VM (15+36-1562) for windows-amd64 JRE (15+36-1562), built on Aug 11 2020 22:33:04 by "mach5one" with unknown MS VC++:1925

END.
