#
# A fatal error has been detected by the Java Runtime Environment:
#
#  EXCEPTION_ACCESS_VIOLATION (0xc0000005) at pc=0x00007fff6405ff60, pid=30796, tid=33416
#
# JRE version: OpenJDK Runtime Environment (15.0+36) (build 15+36-1562)
# Java VM: OpenJDK 64-Bit Server VM (15+36-1562, mixed mode, sharing, tiered, compressed oops, g1 gc, windows-amd64)
# Problematic frame:
# C  [nvoglv64.dll+0x113ff60]
#
# No core dump will be written. Minidumps are not enabled by default on client versions of Windows
#
# If you would like to submit a bug report, please visit:
#   https://bugreport.java.com/bugreport/crash.jsp
# The crash happened outside the Java Virtual Machine in native code.
# See problematic frame for where to report the bug.
#

---------------  S U M M A R Y ------------

Command Line: -Dfile.encoding=windows-1250 -Duser.country=CZ -Duser.language=cs -Duser.variant Main

Host: Intel(R) Core(TM) i5-8600K CPU @ 3.60GHz, 6 cores, 15G,  Windows 10 , 64 bit Build 19041 (10.0.19041.928)
Time: Wed May 12 11:29:52 2021 Støední Evropa (letní èas) elapsed time: 0.689213 seconds (0d 0h 0m 0s)

---------------  T H R E A D  ---------------

Current thread (0x00000220170d38d0):  JavaThread "main" [_thread_in_native, id=33416, stack(0x00000065e7100000,0x00000065e7200000)]

Stack: [0x00000065e7100000,0x00000065e7200000],  sp=0x00000065e71ff218,  free space=1020k
Native frames: (J=compiled Java code, j=interpreted, Vv=VM code, C=native code)
C  [nvoglv64.dll+0x113ff60]

Java frames: (J=compiled Java code, j=interpreted, Vv=VM code)
j  org.lwjgl.opengl.GL11C.nglDrawElements(IIIJ)V+0
j  org.lwjgl.opengl.GL11C.glDrawElements(IIIJ)V+4
j  org.lwjgl.opengl.GL11.glDrawElements(IIIJ)V+4
j  Square.draw()V+45
j  Game.render(J)V+27
j  Main.main([Ljava/lang/String;)V+119
v  ~StubRoutines::call_stub

siginfo: EXCEPTION_ACCESS_VIOLATION (0xc0000005), reading address 0x0000000000000000


Register to memory mapping:

RIP=0x00007fff6405ff60 nvoglv64.dll
RAX=0x0000000000022006 is an unknown value
RBX=0x000002203b6f2980 points into unknown readable memory: 0x0000000400022006 | 06 20 02 00 04 00 00 00
RCX=0x000002203b6f299c points into unknown readable memory: 00 00 00 00
RDX=0x0 is NULL
RSP=0x00000065e71ff218 is pointing into the stack for thread: 0x00000220170d38d0
RBP=0x0000000000000044 is an unknown value
RSI=0x0000000000000006 is an unknown value
RDI=0x000002203c5be080 points into unknown readable memory: 0x0000000000000000 | 00 00 00 00 00 00 00 00
R8 =0x0000000000000018 is an unknown value
R9 =0x000002203b6f2980 points into unknown readable memory: 0x0000000400022006 | 06 20 02 00 04 00 00 00
R10=0x0 is NULL
R11=0x000002203b6f299c points into unknown readable memory: 00 00 00 00
R12=0x0000000000000004 is an unknown value
R13=0x0000000000001405 is an unknown value
R14=0x0 is NULL
R15=0x00000220170d3800 points into unknown readable memory: 0x0000000000000000 | 00 00 00 00 00 00 00 00


Registers:
RAX=0x0000000000022006, RBX=0x000002203b6f2980, RCX=0x000002203b6f299c, RDX=0x0000000000000000
RSP=0x00000065e71ff218, RBP=0x0000000000000044, RSI=0x0000000000000006, RDI=0x000002203c5be080
R8 =0x0000000000000018, R9 =0x000002203b6f2980, R10=0x0000000000000000, R11=0x000002203b6f299c
R12=0x0000000000000004, R13=0x0000000000001405, R14=0x0000000000000000, R15=0x00000220170d3800
RIP=0x00007fff6405ff60, EFLAGS=0x0000000000010283

Top of Stack: (sp=0x00000065e71ff218)
0x00000065e71ff218:   00007fff636f7bac 000002203b812f00
0x00000065e71ff228:   000002203aab9cb0 00000065e71ff348
0x00000065e71ff238:   00007fff7b33bf17 000000000017555d
0x00000065e71ff248:   000002201f32e1bd 00000220170d38d0
0x00000065e71ff258:   000002203b812f00 000002203aab9cb0
0x00000065e71ff268:   00000220170d38d0 000002201f30a1aa
0x00000065e71ff278:   000002201f30efc0 00000065e71ff388
0x00000065e71ff288:   000002203aab9cb0 0000000000000000
0x00000065e71ff298:   000002201f30a1aa 000002203b812f00
0x00000065e71ff2a8:   000002201f30f177 00000065e71ff348
0x00000065e71ff2b8:   0000006500000018 00000220170d38d0
0x00000065e71ff2c8:   000002203aab9cb0 0000022000001405
0x00000065e71ff2d8:   0000000000000000 3ff0000000000000
0x00000065e71ff2e8:   00000220170d38d0 00000220170d38d0
0x00000065e71ff2f8:   000002201f30ee16 00000065e71ff300
0x00000065e71ff308:   000002203aab9cb0 00000065e71ff388 

Instructions: (pc=0x00007fff6405ff60)
0x00007fff6405fe60:   33 c0 c3 1b c0 83 d8 ff c3 90 49 c1 e9 02 74 37
0x00007fff6405fe70:   48 8b 01 48 3b 04 11 75 5b 48 8b 41 08 48 3b 44
0x00007fff6405fe80:   11 08 75 4c 48 8b 41 10 48 3b 44 11 10 75 3d 48
0x00007fff6405fe90:   8b 41 18 48 3b 44 11 18 75 2e 48 83 c1 20 49 ff
0x00007fff6405fea0:   c9 75 cd 49 83 e0 1f 4d 8b c8 49 c1 e9 03 74 9b
0x00007fff6405feb0:   48 8b 01 48 3b 04 11 75 1b 48 83 c1 08 49 ff c9
0x00007fff6405fec0:   75 ee 49 83 e0 07 eb 83 48 83 c1 08 48 83 c1 08
0x00007fff6405fed0:   48 83 c1 08 48 8b 0c 0a 48 0f c8 48 0f c9 48 3b
0x00007fff6405fee0:   c1 1b c0 83 d8 ff c3 cc cc cc cc cc cc cc cc cc
0x00007fff6405fef0:   cc cc cc cc cc cc 66 66 0f 1f 84 00 00 00 00 00
0x00007fff6405ff00:   57 56 49 8b c3 48 8b f9 49 8b c8 49 8b f2 f3 a4
0x00007fff6405ff10:   5e 5f c3 cc cc cc cc cc cc 0f 1f 80 00 00 00 00
0x00007fff6405ff20:   4c 8b d9 4c 8b d2 49 83 f8 10 76 54 49 83 f8 20
0x00007fff6405ff30:   76 2e 48 2b d1 73 0d 4b 8d 04 10 48 3b c8 0f 82
0x00007fff6405ff40:   dc 02 00 00 49 81 f8 80 00 00 00 0f 86 0f 02 00
0x00007fff6405ff50:   00 f6 05 40 f8 9f 01 02 0f 84 52 01 00 00 eb a0
0x00007fff6405ff60:   0f 10 02 42 0f 10 4c 02 f0 0f 11 01 42 0f 11 4c
0x00007fff6405ff70:   01 f0 48 8b c1 c3 66 66 0f 1f 84 00 00 00 00 00
0x00007fff6405ff80:   48 8b c1 4c 8d 0d 76 00 ec fe 43 8b 8c 81 10 9a
0x00007fff6405ff90:   c8 02 49 03 c9 ff e1 66 0f 1f 84 00 00 00 00 00
0x00007fff6405ffa0:   c3 0f b7 0a 66 89 08 c3 48 8b 0a 48 89 08 c3 0f
0x00007fff6405ffb0:   b7 0a 44 0f b6 42 02 66 89 08 44 88 40 02 c3 0f
0x00007fff6405ffc0:   b6 0a 88 08 c3 f3 0f 6f 02 f3 0f 7f 00 c3 66 90
0x00007fff6405ffd0:   4c 8b 02 0f b7 4a 08 44 0f b6 4a 0a 4c 89 00 66
0x00007fff6405ffe0:   89 48 08 44 88 48 0a c3 8b 0a 89 08 c3 0f 1f 00
0x00007fff6405fff0:   8b 0a 44 0f b6 42 04 89 08 44 88 40 04 c3 66 90
0x00007fff64060000:   8b 0a 44 0f b7 42 04 89 08 66 44 89 40 04 c3 90
0x00007fff64060010:   8b 0a 44 0f b7 42 04 44 0f b6 4a 06 89 08 66 44
0x00007fff64060020:   89 40 04 44 88 48 06 c3 4c 8b 02 8b 4a 08 44 0f
0x00007fff64060030:   b6 4a 0c 4c 89 00 89 48 08 44 88 48 0c c3 66 90
0x00007fff64060040:   4c 8b 02 0f b6 4a 08 4c 89 00 88 48 08 c3 66 90
0x00007fff64060050:   4c 8b 02 0f b7 4a 08 4c 89 00 66 89 48 08 c3 90 


Stack slot to memory mapping:
stack at sp + 0 slots: 0x00007fff636f7bac nvoglv64.dll
stack at sp + 1 slots: 0x000002203b812f00 points into unknown readable memory: 0x000000003f800000 | 00 00 80 3f 00 00 00 00
stack at sp + 2 slots: {method} {0x000002203aab9cb8} 'nglDrawElements' '(IIIJ)V' in 'org/lwjgl/opengl/GL11C'
stack at sp + 3 slots: 0x00000065e71ff348 is pointing into the stack for thread: 0x00000220170d38d0
stack at sp + 4 slots: 0x00007fff7b33bf17 jvm.dll
stack at sp + 5 slots: 0x000000000017555d is an unknown value
stack at sp + 6 slots: 0x000002201f32e1bd is at code_begin+4157 in 
[CodeBlob (0x000002201f32d110)]
Framesize: 0
BufferBlob (0x000002201f32d110) used for native signature handlers
stack at sp + 7 slots: 0x00000220170d38d0 is a thread


---------------  P R O C E S S  ---------------

Threads class SMR info:
_java_thread_list=0x000002203b77a6d0, length=11, elements={
0x00000220170d38d0, 0x000002203ab57c90, 0x000002203ab58770, 0x000002203ab74000,
0x000002203ab749c0, 0x000002203ab75380, 0x000002203ab76070, 0x000002203ab7cf40,
0x000002203ab85850, 0x000002203aca6030, 0x000002203accd240
}

Java Threads: ( => current thread )
=>0x00000220170d38d0 JavaThread "main" [_thread_in_native, id=33416, stack(0x00000065e7100000,0x00000065e7200000)]
  0x000002203ab57c90 JavaThread "Reference Handler" daemon [_thread_blocked, id=32796, stack(0x00000065e7800000,0x00000065e7900000)]
  0x000002203ab58770 JavaThread "Finalizer" daemon [_thread_blocked, id=33760, stack(0x00000065e7900000,0x00000065e7a00000)]
  0x000002203ab74000 JavaThread "Signal Dispatcher" daemon [_thread_blocked, id=31708, stack(0x00000065e7a00000,0x00000065e7b00000)]
  0x000002203ab749c0 JavaThread "Attach Listener" daemon [_thread_blocked, id=28444, stack(0x00000065e7b00000,0x00000065e7c00000)]
  0x000002203ab75380 JavaThread "Service Thread" daemon [_thread_blocked, id=30032, stack(0x00000065e7c00000,0x00000065e7d00000)]
  0x000002203ab76070 JavaThread "C2 CompilerThread0" daemon [_thread_blocked, id=29852, stack(0x00000065e7d00000,0x00000065e7e00000)]
  0x000002203ab7cf40 JavaThread "C1 CompilerThread0" daemon [_thread_blocked, id=5400, stack(0x00000065e7e00000,0x00000065e7f00000)]
  0x000002203ab85850 JavaThread "Sweeper thread" daemon [_thread_blocked, id=6784, stack(0x00000065e7f00000,0x00000065e8000000)]
  0x000002203aca6030 JavaThread "Notification Thread" daemon [_thread_blocked, id=3420, stack(0x00000065e8000000,0x00000065e8100000)]
  0x000002203accd240 JavaThread "Common-Cleaner" daemon [_thread_blocked, id=6176, stack(0x00000065e8200000,0x00000065e8300000)]

Other Threads:
  0x000002203ab514d0 VMThread "VM Thread" [stack: 0x00000065e7700000,0x00000065e7800000] [id=31272]
  0x000002203acaa510 WatcherThread [stack: 0x00000065e8100000,0x00000065e8200000] [id=33696]
  0x0000022017124610 GCTaskThread "GC Thread#0" [stack: 0x00000065e7200000,0x00000065e7300000] [id=33616]
  0x0000022017135440 ConcurrentGCThread "G1 Main Marker" [stack: 0x00000065e7300000,0x00000065e7400000] [id=30452]
  0x00000220171376f0 ConcurrentGCThread "G1 Conc#0" [stack: 0x00000065e7400000,0x00000065e7500000] [id=16556]
  0x00000220171ae350 ConcurrentGCThread "G1 Refine#0" [stack: 0x00000065e7500000,0x00000065e7600000] [id=6228]
  0x00000220171aeba0 ConcurrentGCThread "G1 Young RemSet Sampling" [stack: 0x00000065e7600000,0x00000065e7700000] [id=31712]

Threads with active compile tasks:

VM state: not at safepoint (normal execution)

VM Mutex/Monitor currently owned by a thread: None

Heap address: 0x0000000702200000, size: 4062 MB, Compressed Oops mode: Zero based, Oop shift amount: 3
CDS archive(s) mapped at: [0x0000000800000000-0x0000000800b50000-0x0000000800b50000), size 11862016, SharedBaseAddress: 0x0000000800000000, ArchiveRelocationMode: 0.
Compressed class space mapped at: 0x0000000800b50000-0x0000000840b50000, size: 1073741824
Narrow klass base: 0x0000000800000000, Narrow klass shift: 3, Narrow klass range: 0x100000000

GC Precious Log:
 CPUs: 6 total, 6 available
 Memory: 16247M
 Large Page Support: Disabled
 NUMA Support: Disabled
 Compressed Oops: Enabled (Zero based)
 Heap Region Size: 2M
 Heap Min Capacity: 8M
 Heap Initial Capacity: 254M
 Heap Max Capacity: 4062M
 Pre-touch: Disabled
 Parallel Workers: 6
 Concurrent Workers: 2
 Concurrent Refinement Workers: 6
 Periodic GC: Disabled

Heap:
 garbage-first heap   total 260096K, used 14336K [0x0000000702200000, 0x0000000800000000)
  region size 2048K, 9 young (18432K), 0 survivors (0K)
 Metaspace       used 7455K, capacity 10276K, committed 10368K, reserved 1058816K
  class space    used 354K, capacity 637K, committed 640K, reserved 1048576K

Heap Regions: E=young(eden), S=young(survivor), O=old, HS=humongous(starts), HC=humongous(continues), CS=collection set, F=free, OA=open archive, CA=closed archive, TAMS=top-at-mark-start (previous, next)
|   0|0x0000000702200000, 0x0000000702200000, 0x0000000702400000|  0%| F|  |TAMS 0x0000000702200000, 0x0000000702200000| Untracked 
|   1|0x0000000702400000, 0x0000000702400000, 0x0000000702600000|  0%| F|  |TAMS 0x0000000702400000, 0x0000000702400000| Untracked 
|   2|0x0000000702600000, 0x0000000702600000, 0x0000000702800000|  0%| F|  |TAMS 0x0000000702600000, 0x0000000702600000| Untracked 
|   3|0x0000000702800000, 0x0000000702800000, 0x0000000702a00000|  0%| F|  |TAMS 0x0000000702800000, 0x0000000702800000| Untracked 
|   4|0x0000000702a00000, 0x0000000702a00000, 0x0000000702c00000|  0%| F|  |TAMS 0x0000000702a00000, 0x0000000702a00000| Untracked 
|   5|0x0000000702c00000, 0x0000000702c00000, 0x0000000702e00000|  0%| F|  |TAMS 0x0000000702c00000, 0x0000000702c00000| Untracked 
|   6|0x0000000702e00000, 0x0000000702e00000, 0x0000000703000000|  0%| F|  |TAMS 0x0000000702e00000, 0x0000000702e00000| Untracked 
|   7|0x0000000703000000, 0x0000000703000000, 0x0000000703200000|  0%| F|  |TAMS 0x0000000703000000, 0x0000000703000000| Untracked 
|   8|0x0000000703200000, 0x0000000703200000, 0x0000000703400000|  0%| F|  |TAMS 0x0000000703200000, 0x0000000703200000| Untracked 
|   9|0x0000000703400000, 0x0000000703400000, 0x0000000703600000|  0%| F|  |TAMS 0x0000000703400000, 0x0000000703400000| Untracked 
|  10|0x0000000703600000, 0x0000000703600000, 0x0000000703800000|  0%| F|  |TAMS 0x0000000703600000, 0x0000000703600000| Untracked 
|  11|0x0000000703800000, 0x0000000703800000, 0x0000000703a00000|  0%| F|  |TAMS 0x0000000703800000, 0x0000000703800000| Untracked 
|  12|0x0000000703a00000, 0x0000000703a00000, 0x0000000703c00000|  0%| F|  |TAMS 0x0000000703a00000, 0x0000000703a00000| Untracked 
|  13|0x0000000703c00000, 0x0000000703c00000, 0x0000000703e00000|  0%| F|  |TAMS 0x0000000703c00000, 0x0000000703c00000| Untracked 
|  14|0x0000000703e00000, 0x0000000703e00000, 0x0000000704000000|  0%| F|  |TAMS 0x0000000703e00000, 0x0000000703e00000| Untracked 
|  15|0x0000000704000000, 0x0000000704000000, 0x0000000704200000|  0%| F|  |TAMS 0x0000000704000000, 0x0000000704000000| Untracked 
|  16|0x0000000704200000, 0x0000000704200000, 0x0000000704400000|  0%| F|  |TAMS 0x0000000704200000, 0x0000000704200000| Untracked 
|  17|0x0000000704400000, 0x0000000704400000, 0x0000000704600000|  0%| F|  |TAMS 0x0000000704400000, 0x0000000704400000| Untracked 
|  18|0x0000000704600000, 0x0000000704600000, 0x0000000704800000|  0%| F|  |TAMS 0x0000000704600000, 0x0000000704600000| Untracked 
|  19|0x0000000704800000, 0x0000000704800000, 0x0000000704a00000|  0%| F|  |TAMS 0x0000000704800000, 0x0000000704800000| Untracked 
|  20|0x0000000704a00000, 0x0000000704a00000, 0x0000000704c00000|  0%| F|  |TAMS 0x0000000704a00000, 0x0000000704a00000| Untracked 
|  21|0x0000000704c00000, 0x0000000704c00000, 0x0000000704e00000|  0%| F|  |TAMS 0x0000000704c00000, 0x0000000704c00000| Untracked 
|  22|0x0000000704e00000, 0x0000000704e00000, 0x0000000705000000|  0%| F|  |TAMS 0x0000000704e00000, 0x0000000704e00000| Untracked 
|  23|0x0000000705000000, 0x0000000705000000, 0x0000000705200000|  0%| F|  |TAMS 0x0000000705000000, 0x0000000705000000| Untracked 
|  24|0x0000000705200000, 0x0000000705200000, 0x0000000705400000|  0%| F|  |TAMS 0x0000000705200000, 0x0000000705200000| Untracked 
|  25|0x0000000705400000, 0x0000000705400000, 0x0000000705600000|  0%| F|  |TAMS 0x0000000705400000, 0x0000000705400000| Untracked 
|  26|0x0000000705600000, 0x0000000705600000, 0x0000000705800000|  0%| F|  |TAMS 0x0000000705600000, 0x0000000705600000| Untracked 
|  27|0x0000000705800000, 0x0000000705800000, 0x0000000705a00000|  0%| F|  |TAMS 0x0000000705800000, 0x0000000705800000| Untracked 
|  28|0x0000000705a00000, 0x0000000705a00000, 0x0000000705c00000|  0%| F|  |TAMS 0x0000000705a00000, 0x0000000705a00000| Untracked 
|  29|0x0000000705c00000, 0x0000000705c00000, 0x0000000705e00000|  0%| F|  |TAMS 0x0000000705c00000, 0x0000000705c00000| Untracked 
|  30|0x0000000705e00000, 0x0000000705e00000, 0x0000000706000000|  0%| F|  |TAMS 0x0000000705e00000, 0x0000000705e00000| Untracked 
|  31|0x0000000706000000, 0x0000000706000000, 0x0000000706200000|  0%| F|  |TAMS 0x0000000706000000, 0x0000000706000000| Untracked 
|  32|0x0000000706200000, 0x0000000706200000, 0x0000000706400000|  0%| F|  |TAMS 0x0000000706200000, 0x0000000706200000| Untracked 
|  33|0x0000000706400000, 0x0000000706400000, 0x0000000706600000|  0%| F|  |TAMS 0x0000000706400000, 0x0000000706400000| Untracked 
|  34|0x0000000706600000, 0x0000000706600000, 0x0000000706800000|  0%| F|  |TAMS 0x0000000706600000, 0x0000000706600000| Untracked 
|  35|0x0000000706800000, 0x0000000706800000, 0x0000000706a00000|  0%| F|  |TAMS 0x0000000706800000, 0x0000000706800000| Untracked 
|  36|0x0000000706a00000, 0x0000000706a00000, 0x0000000706c00000|  0%| F|  |TAMS 0x0000000706a00000, 0x0000000706a00000| Untracked 
|  37|0x0000000706c00000, 0x0000000706c00000, 0x0000000706e00000|  0%| F|  |TAMS 0x0000000706c00000, 0x0000000706c00000| Untracked 
|  38|0x0000000706e00000, 0x0000000706e00000, 0x0000000707000000|  0%| F|  |TAMS 0x0000000706e00000, 0x0000000706e00000| Untracked 
|  39|0x0000000707000000, 0x0000000707000000, 0x0000000707200000|  0%| F|  |TAMS 0x0000000707000000, 0x0000000707000000| Untracked 
|  40|0x0000000707200000, 0x0000000707200000, 0x0000000707400000|  0%| F|  |TAMS 0x0000000707200000, 0x0000000707200000| Untracked 
|  41|0x0000000707400000, 0x0000000707400000, 0x0000000707600000|  0%| F|  |TAMS 0x0000000707400000, 0x0000000707400000| Untracked 
|  42|0x0000000707600000, 0x0000000707600000, 0x0000000707800000|  0%| F|  |TAMS 0x0000000707600000, 0x0000000707600000| Untracked 
|  43|0x0000000707800000, 0x0000000707800000, 0x0000000707a00000|  0%| F|  |TAMS 0x0000000707800000, 0x0000000707800000| Untracked 
|  44|0x0000000707a00000, 0x0000000707a00000, 0x0000000707c00000|  0%| F|  |TAMS 0x0000000707a00000, 0x0000000707a00000| Untracked 
|  45|0x0000000707c00000, 0x0000000707c00000, 0x0000000707e00000|  0%| F|  |TAMS 0x0000000707c00000, 0x0000000707c00000| Untracked 
|  46|0x0000000707e00000, 0x0000000707e00000, 0x0000000708000000|  0%| F|  |TAMS 0x0000000707e00000, 0x0000000707e00000| Untracked 
|  47|0x0000000708000000, 0x0000000708000000, 0x0000000708200000|  0%| F|  |TAMS 0x0000000708000000, 0x0000000708000000| Untracked 
|  48|0x0000000708200000, 0x0000000708200000, 0x0000000708400000|  0%| F|  |TAMS 0x0000000708200000, 0x0000000708200000| Untracked 
|  49|0x0000000708400000, 0x0000000708400000, 0x0000000708600000|  0%| F|  |TAMS 0x0000000708400000, 0x0000000708400000| Untracked 
|  50|0x0000000708600000, 0x0000000708600000, 0x0000000708800000|  0%| F|  |TAMS 0x0000000708600000, 0x0000000708600000| Untracked 
|  51|0x0000000708800000, 0x0000000708800000, 0x0000000708a00000|  0%| F|  |TAMS 0x0000000708800000, 0x0000000708800000| Untracked 
|  52|0x0000000708a00000, 0x0000000708a00000, 0x0000000708c00000|  0%| F|  |TAMS 0x0000000708a00000, 0x0000000708a00000| Untracked 
|  53|0x0000000708c00000, 0x0000000708c00000, 0x0000000708e00000|  0%| F|  |TAMS 0x0000000708c00000, 0x0000000708c00000| Untracked 
|  54|0x0000000708e00000, 0x0000000708e00000, 0x0000000709000000|  0%| F|  |TAMS 0x0000000708e00000, 0x0000000708e00000| Untracked 
|  55|0x0000000709000000, 0x0000000709000000, 0x0000000709200000|  0%| F|  |TAMS 0x0000000709000000, 0x0000000709000000| Untracked 
|  56|0x0000000709200000, 0x0000000709200000, 0x0000000709400000|  0%| F|  |TAMS 0x0000000709200000, 0x0000000709200000| Untracked 
|  57|0x0000000709400000, 0x0000000709400000, 0x0000000709600000|  0%| F|  |TAMS 0x0000000709400000, 0x0000000709400000| Untracked 
|  58|0x0000000709600000, 0x0000000709600000, 0x0000000709800000|  0%| F|  |TAMS 0x0000000709600000, 0x0000000709600000| Untracked 
|  59|0x0000000709800000, 0x0000000709800000, 0x0000000709a00000|  0%| F|  |TAMS 0x0000000709800000, 0x0000000709800000| Untracked 
|  60|0x0000000709a00000, 0x0000000709a00000, 0x0000000709c00000|  0%| F|  |TAMS 0x0000000709a00000, 0x0000000709a00000| Untracked 
|  61|0x0000000709c00000, 0x0000000709c00000, 0x0000000709e00000|  0%| F|  |TAMS 0x0000000709c00000, 0x0000000709c00000| Untracked 
|  62|0x0000000709e00000, 0x0000000709e00000, 0x000000070a000000|  0%| F|  |TAMS 0x0000000709e00000, 0x0000000709e00000| Untracked 
|  63|0x000000070a000000, 0x000000070a000000, 0x000000070a200000|  0%| F|  |TAMS 0x000000070a000000, 0x000000070a000000| Untracked 
|  64|0x000000070a200000, 0x000000070a200000, 0x000000070a400000|  0%| F|  |TAMS 0x000000070a200000, 0x000000070a200000| Untracked 
|  65|0x000000070a400000, 0x000000070a400000, 0x000000070a600000|  0%| F|  |TAMS 0x000000070a400000, 0x000000070a400000| Untracked 
|  66|0x000000070a600000, 0x000000070a600000, 0x000000070a800000|  0%| F|  |TAMS 0x000000070a600000, 0x000000070a600000| Untracked 
|  67|0x000000070a800000, 0x000000070a800000, 0x000000070aa00000|  0%| F|  |TAMS 0x000000070a800000, 0x000000070a800000| Untracked 
|  68|0x000000070aa00000, 0x000000070aa00000, 0x000000070ac00000|  0%| F|  |TAMS 0x000000070aa00000, 0x000000070aa00000| Untracked 
|  69|0x000000070ac00000, 0x000000070ac00000, 0x000000070ae00000|  0%| F|  |TAMS 0x000000070ac00000, 0x000000070ac00000| Untracked 
|  70|0x000000070ae00000, 0x000000070ae00000, 0x000000070b000000|  0%| F|  |TAMS 0x000000070ae00000, 0x000000070ae00000| Untracked 
|  71|0x000000070b000000, 0x000000070b000000, 0x000000070b200000|  0%| F|  |TAMS 0x000000070b000000, 0x000000070b000000| Untracked 
|  72|0x000000070b200000, 0x000000070b200000, 0x000000070b400000|  0%| F|  |TAMS 0x000000070b200000, 0x000000070b200000| Untracked 
|  73|0x000000070b400000, 0x000000070b400000, 0x000000070b600000|  0%| F|  |TAMS 0x000000070b400000, 0x000000070b400000| Untracked 
|  74|0x000000070b600000, 0x000000070b600000, 0x000000070b800000|  0%| F|  |TAMS 0x000000070b600000, 0x000000070b600000| Untracked 
|  75|0x000000070b800000, 0x000000070b800000, 0x000000070ba00000|  0%| F|  |TAMS 0x000000070b800000, 0x000000070b800000| Untracked 
|  76|0x000000070ba00000, 0x000000070ba00000, 0x000000070bc00000|  0%| F|  |TAMS 0x000000070ba00000, 0x000000070ba00000| Untracked 
|  77|0x000000070bc00000, 0x000000070bc00000, 0x000000070be00000|  0%| F|  |TAMS 0x000000070bc00000, 0x000000070bc00000| Untracked 
|  78|0x000000070be00000, 0x000000070be00000, 0x000000070c000000|  0%| F|  |TAMS 0x000000070be00000, 0x000000070be00000| Untracked 
|  79|0x000000070c000000, 0x000000070c000000, 0x000000070c200000|  0%| F|  |TAMS 0x000000070c000000, 0x000000070c000000| Untracked 
|  80|0x000000070c200000, 0x000000070c200000, 0x000000070c400000|  0%| F|  |TAMS 0x000000070c200000, 0x000000070c200000| Untracked 
|  81|0x000000070c400000, 0x000000070c400000, 0x000000070c600000|  0%| F|  |TAMS 0x000000070c400000, 0x000000070c400000| Untracked 
|  82|0x000000070c600000, 0x000000070c600000, 0x000000070c800000|  0%| F|  |TAMS 0x000000070c600000, 0x000000070c600000| Untracked 
|  83|0x000000070c800000, 0x000000070c800000, 0x000000070ca00000|  0%| F|  |TAMS 0x000000070c800000, 0x000000070c800000| Untracked 
|  84|0x000000070ca00000, 0x000000070ca00000, 0x000000070cc00000|  0%| F|  |TAMS 0x000000070ca00000, 0x000000070ca00000| Untracked 
|  85|0x000000070cc00000, 0x000000070cc00000, 0x000000070ce00000|  0%| F|  |TAMS 0x000000070cc00000, 0x000000070cc00000| Untracked 
|  86|0x000000070ce00000, 0x000000070ce00000, 0x000000070d000000|  0%| F|  |TAMS 0x000000070ce00000, 0x000000070ce00000| Untracked 
|  87|0x000000070d000000, 0x000000070d000000, 0x000000070d200000|  0%| F|  |TAMS 0x000000070d000000, 0x000000070d000000| Untracked 
|  88|0x000000070d200000, 0x000000070d200000, 0x000000070d400000|  0%| F|  |TAMS 0x000000070d200000, 0x000000070d200000| Untracked 
|  89|0x000000070d400000, 0x000000070d400000, 0x000000070d600000|  0%| F|  |TAMS 0x000000070d400000, 0x000000070d400000| Untracked 
|  90|0x000000070d600000, 0x000000070d600000, 0x000000070d800000|  0%| F|  |TAMS 0x000000070d600000, 0x000000070d600000| Untracked 
|  91|0x000000070d800000, 0x000000070d800000, 0x000000070da00000|  0%| F|  |TAMS 0x000000070d800000, 0x000000070d800000| Untracked 
|  92|0x000000070da00000, 0x000000070da00000, 0x000000070dc00000|  0%| F|  |TAMS 0x000000070da00000, 0x000000070da00000| Untracked 
|  93|0x000000070dc00000, 0x000000070dc00000, 0x000000070de00000|  0%| F|  |TAMS 0x000000070dc00000, 0x000000070dc00000| Untracked 
|  94|0x000000070de00000, 0x000000070de00000, 0x000000070e000000|  0%| F|  |TAMS 0x000000070de00000, 0x000000070de00000| Untracked 
|  95|0x000000070e000000, 0x000000070e000000, 0x000000070e200000|  0%| F|  |TAMS 0x000000070e000000, 0x000000070e000000| Untracked 
|  96|0x000000070e200000, 0x000000070e200000, 0x000000070e400000|  0%| F|  |TAMS 0x000000070e200000, 0x000000070e200000| Untracked 
|  97|0x000000070e400000, 0x000000070e400000, 0x000000070e600000|  0%| F|  |TAMS 0x000000070e400000, 0x000000070e400000| Untracked 
|  98|0x000000070e600000, 0x000000070e600000, 0x000000070e800000|  0%| F|  |TAMS 0x000000070e600000, 0x000000070e600000| Untracked 
|  99|0x000000070e800000, 0x000000070e800000, 0x000000070ea00000|  0%| F|  |TAMS 0x000000070e800000, 0x000000070e800000| Untracked 
| 100|0x000000070ea00000, 0x000000070ea00000, 0x000000070ec00000|  0%| F|  |TAMS 0x000000070ea00000, 0x000000070ea00000| Untracked 
| 101|0x000000070ec00000, 0x000000070ec00000, 0x000000070ee00000|  0%| F|  |TAMS 0x000000070ec00000, 0x000000070ec00000| Untracked 
| 102|0x000000070ee00000, 0x000000070ee00000, 0x000000070f000000|  0%| F|  |TAMS 0x000000070ee00000, 0x000000070ee00000| Untracked 
| 103|0x000000070f000000, 0x000000070f000000, 0x000000070f200000|  0%| F|  |TAMS 0x000000070f000000, 0x000000070f000000| Untracked 
| 104|0x000000070f200000, 0x000000070f200000, 0x000000070f400000|  0%| F|  |TAMS 0x000000070f200000, 0x000000070f200000| Untracked 
| 105|0x000000070f400000, 0x000000070f400000, 0x000000070f600000|  0%| F|  |TAMS 0x000000070f400000, 0x000000070f400000| Untracked 
| 106|0x000000070f600000, 0x000000070f600000, 0x000000070f800000|  0%| F|  |TAMS 0x000000070f600000, 0x000000070f600000| Untracked 
| 107|0x000000070f800000, 0x000000070f800000, 0x000000070fa00000|  0%| F|  |TAMS 0x000000070f800000, 0x000000070f800000| Untracked 
| 108|0x000000070fa00000, 0x000000070fa00000, 0x000000070fc00000|  0%| F|  |TAMS 0x000000070fa00000, 0x000000070fa00000| Untracked 
| 109|0x000000070fc00000, 0x000000070fc00000, 0x000000070fe00000|  0%| F|  |TAMS 0x000000070fc00000, 0x000000070fc00000| Untracked 
| 110|0x000000070fe00000, 0x000000070fe00000, 0x0000000710000000|  0%| F|  |TAMS 0x000000070fe00000, 0x000000070fe00000| Untracked 
| 111|0x0000000710000000, 0x0000000710000000, 0x0000000710200000|  0%| F|  |TAMS 0x0000000710000000, 0x0000000710000000| Untracked 
| 112|0x0000000710200000, 0x0000000710200000, 0x0000000710400000|  0%| F|  |TAMS 0x0000000710200000, 0x0000000710200000| Untracked 
| 113|0x0000000710400000, 0x0000000710400000, 0x0000000710600000|  0%| F|  |TAMS 0x0000000710400000, 0x0000000710400000| Untracked 
| 114|0x0000000710600000, 0x0000000710600000, 0x0000000710800000|  0%| F|  |TAMS 0x0000000710600000, 0x0000000710600000| Untracked 
| 115|0x0000000710800000, 0x0000000710800000, 0x0000000710a00000|  0%| F|  |TAMS 0x0000000710800000, 0x0000000710800000| Untracked 
| 116|0x0000000710a00000, 0x0000000710a00000, 0x0000000710c00000|  0%| F|  |TAMS 0x0000000710a00000, 0x0000000710a00000| Untracked 
| 117|0x0000000710c00000, 0x0000000710c00000, 0x0000000710e00000|  0%| F|  |TAMS 0x0000000710c00000, 0x0000000710c00000| Untracked 
| 118|0x0000000710e00000, 0x0000000710ef1518, 0x0000000711000000| 47%| E|  |TAMS 0x0000000710e00000, 0x0000000710e00000| Complete 
| 119|0x0000000711000000, 0x0000000711200000, 0x0000000711200000|100%| E|  |TAMS 0x0000000711000000, 0x0000000711000000| Complete 
| 120|0x0000000711200000, 0x0000000711400000, 0x0000000711400000|100%| E|CS|TAMS 0x0000000711200000, 0x0000000711200000| Complete 
| 121|0x0000000711400000, 0x0000000711600000, 0x0000000711600000|100%| E|CS|TAMS 0x0000000711400000, 0x0000000711400000| Complete 
| 122|0x0000000711600000, 0x0000000711800000, 0x0000000711800000|100%| E|CS|TAMS 0x0000000711600000, 0x0000000711600000| Complete 
| 123|0x0000000711800000, 0x0000000711a00000, 0x0000000711a00000|100%| E|CS|TAMS 0x0000000711800000, 0x0000000711800000| Complete 
| 124|0x0000000711a00000, 0x0000000711c00000, 0x0000000711c00000|100%| E|CS|TAMS 0x0000000711a00000, 0x0000000711a00000| Complete 
| 125|0x0000000711c00000, 0x0000000711e00000, 0x0000000711e00000|100%| E|CS|TAMS 0x0000000711c00000, 0x0000000711c00000| Complete 
| 126|0x0000000711e00000, 0x0000000712000000, 0x0000000712000000|100%| E|CS|TAMS 0x0000000711e00000, 0x0000000711e00000| Complete 

Card table byte_map: [0x000002202ec00000,0x000002202f3f0000] _byte_map_base: 0x000002202b3ef000

Marking Bits (Prev, Next): (CMBitMap*) 0x0000022017124d10, (CMBitMap*) 0x0000022017124d50
 Prev Bits: [0x000002202fbe0000, 0x0000022033b58000)
 Next Bits: [0x0000022033b60000, 0x0000022037ad8000)

Polling page: 0x0000022015030000

Metaspace:

Usage:
  Non-class:      9.41 MB capacity,     6.94 MB ( 74%) used,     2.47 MB ( 26%) free+waste,     7.88 KB ( <1%) overhead. 
      Class:    637.00 KB capacity,   354.09 KB ( 56%) used,   280.91 KB ( 44%) free+waste,     2.00 KB ( <1%) overhead. 
       Both:     10.04 MB capacity,     7.28 MB ( 73%) used,     2.74 MB ( 27%) free+waste,     9.88 KB ( <1%) overhead. 

Virtual space:
  Non-class space:       10.00 MB reserved,       9.50 MB ( 95%) committed 
      Class space:        1.00 GB reserved,     640.00 KB ( <1%) committed 
             Both:        1.01 GB reserved,      10.12 MB ( <1%) committed 

Chunk freelists:
   Non-Class:  89.00 KB
       Class:  3.00 KB
        Both:  92.00 KB

MaxMetaspaceSize: 17179869184.00 GB
CompressedClassSpaceSize: 1.00 GB

CodeHeap 'non-profiled nmethods': size=120000Kb used=223Kb max_used=223Kb free=119776Kb
 bounds [0x0000022026dd0000, 0x0000022027040000, 0x000002202e300000]
CodeHeap 'profiled nmethods': size=120000Kb used=1382Kb max_used=1382Kb free=118617Kb
 bounds [0x000002201f8a0000, 0x000002201fb10000, 0x0000022026dd0000]
CodeHeap 'non-nmethods': size=5760Kb used=1653Kb max_used=1668Kb free=4106Kb
 bounds [0x000002201f300000, 0x000002201f570000, 0x000002201f8a0000]
 total_blobs=1868 nmethods=809 adapters=972
 compilation: enabled
              stopped_count=0, restarted_count=0
 full_count=0

Compilation events (20 events):
Event: 0.677 Thread 0x000002203ab76070 nmethod 805 0x0000022026e07510 code [0x0000022026e07680, 0x0000022026e076f8]
Event: 0.677 Thread 0x000002203ab76070  806       4       java.lang.String::charAt (25 bytes)
Event: 0.678 Thread 0x000002203ab76070 nmethod 806 0x0000022026e07810 code [0x0000022026e079a0, 0x0000022026e07a88]
Event: 0.680 Thread 0x000002203ab7cf40 nmethod 798 0x000002201f9ee110 code [0x000002201f9eea40, 0x000002201f9f4ba8]
Event: 0.680 Thread 0x000002203ab7cf40  802       3       java.nio.FloatBuffer::<init> (24 bytes)
Event: 0.680 Thread 0x000002203ab7cf40 nmethod 802 0x000002201f9f7d10 code [0x000002201f9f7ec0, 0x000002201f9f8068]
Event: 0.680 Thread 0x000002203ab7cf40  799       3       java.lang.Float::parseFloat (5 bytes)
Event: 0.680 Thread 0x000002203ab7cf40 nmethod 799 0x000002201f9f8110 code [0x000002201f9f82c0, 0x000002201f9f84f8]
Event: 0.680 Thread 0x000002203ab7cf40  800       3       jdk.internal.math.FloatingDecimal::parseFloat (10 bytes)
Event: 0.680 Thread 0x000002203ab7cf40 nmethod 800 0x000002201f9f8610 code [0x000002201f9f87c0, 0x000002201f9f8998]
Event: 0.680 Thread 0x000002203ab7cf40  801       3       jdk.internal.math.FloatingDecimal$ASCIIToBinaryBuffer::<init> (26 bytes)
Event: 0.680 Thread 0x000002203ab7cf40 nmethod 801 0x000002201f9f8a90 code [0x000002201f9f8c20, 0x000002201f9f8df8]
Event: 0.680 Thread 0x000002203ab7cf40  796       3       org.lwjgl.system.MemoryUtil::memAddress (13 bytes)
Event: 0.680 Thread 0x000002203ab7cf40 nmethod 796 0x000002201f9f8e90 code [0x000002201f9f9040, 0x000002201f9f9248]
Event: 0.680 Thread 0x000002203ab7cf40  807       3       java.nio.DirectFloatBufferU::ix (10 bytes)
Event: 0.680 Thread 0x000002203ab76070  809       4       java.nio.Buffer::flip (20 bytes)
Event: 0.680 Thread 0x000002203ab7cf40 nmethod 807 0x000002201f9f9390 code [0x000002201f9f9520, 0x000002201f9f9638]
Event: 0.680 Thread 0x000002203ab7cf40  808       3       java.nio.FloatBuffer::flip (7 bytes)
Event: 0.680 Thread 0x000002203ab7cf40 nmethod 808 0x000002201f9f9710 code [0x000002201f9f98a0, 0x000002201f9f9a18]
Event: 0.680 Thread 0x000002203ab76070 nmethod 809 0x0000022026e07b90 code [0x0000022026e07d00, 0x0000022026e07d78]

GC Heap History (0 events):
No events

Deoptimization events (20 events):
Event: 0.446 Thread 0x00000220170d38d0 DEOPT PACKING pc=0x0000022026df2758 sp=0x00000065e71ff120
Event: 0.446 Thread 0x00000220170d38d0 DEOPT UNPACKING pc=0x000002201f34e42f sp=0x00000065e71ff0a8 mode 2
Event: 0.498 Thread 0x00000220170d38d0 DEOPT PACKING pc=0x000002201f8d0a5f sp=0x00000065e71fde50
Event: 0.498 Thread 0x00000220170d38d0 DEOPT UNPACKING pc=0x000002201f34e23f sp=0x00000065e71fd2a0 mode 0
Event: 0.551 Thread 0x00000220170d38d0 Uncommon trap: trap_request=0xffffff54 fr.pc=0x0000022026df2160 relative=0x0000000000000060
Event: 0.551 Thread 0x00000220170d38d0 Uncommon trap: reason=speculate_null_assert action=make_not_entrant pc=0x0000022026df2160 method=sun.misc.Unsafe.putLong(Ljava/lang/Object;JJ)V @ 7 c2
Event: 0.551 Thread 0x00000220170d38d0 DEOPT PACKING pc=0x0000022026df2160 sp=0x00000065e71ff120
Event: 0.551 Thread 0x00000220170d38d0 DEOPT UNPACKING pc=0x000002201f34e42f sp=0x00000065e71ff098 mode 2
Event: 0.558 Thread 0x00000220170d38d0 Uncommon trap: trap_request=0xffffff45 fr.pc=0x0000022026e01f34 relative=0x0000000000000034
Event: 0.558 Thread 0x00000220170d38d0 Uncommon trap: reason=unstable_if action=reinterpret pc=0x0000022026e01f34 method=java.lang.reflect.Modifier.isFinal(I)Z @ 4 c2
Event: 0.558 Thread 0x00000220170d38d0 DEOPT PACKING pc=0x0000022026e01f34 sp=0x00000065e71fe280
Event: 0.558 Thread 0x00000220170d38d0 DEOPT UNPACKING pc=0x000002201f34e42f sp=0x00000065e71fe210 mode 2
Event: 0.566 Thread 0x00000220170d38d0 Uncommon trap: trap_request=0xffffff45 fr.pc=0x0000022026df4770 relative=0x00000000000010f0
Event: 0.566 Thread 0x00000220170d38d0 Uncommon trap: reason=unstable_if action=reinterpret pc=0x0000022026df4770 method=java.util.LinkedHashMap.linkNodeLast(Ljava/util/LinkedHashMap$Entry;)V @ 11 c2
Event: 0.566 Thread 0x00000220170d38d0 DEOPT PACKING pc=0x0000022026df4770 sp=0x00000065e71fd740
Event: 0.566 Thread 0x00000220170d38d0 DEOPT UNPACKING pc=0x000002201f34e42f sp=0x00000065e71fd5f0 mode 2
Event: 0.644 Thread 0x00000220170d38d0 Uncommon trap: trap_request=0xffffff45 fr.pc=0x0000022026dd4a9c relative=0x000000000000007c
Event: 0.644 Thread 0x00000220170d38d0 Uncommon trap: reason=unstable_if action=reinterpret pc=0x0000022026dd4a9c method=java.lang.String.isLatin1()Z @ 10 c2
Event: 0.644 Thread 0x00000220170d38d0 DEOPT PACKING pc=0x0000022026dd4a9c sp=0x00000065e71fefc0
Event: 0.644 Thread 0x00000220170d38d0 DEOPT UNPACKING pc=0x000002201f34e42f sp=0x00000065e71fef00 mode 2

Classes unloaded (0 events):
No events

Classes redefined (0 events):
No events

Internal exceptions (16 events):
Event: 0.076 Thread 0x00000220170d38d0 Exception <a 'java/lang/NoSuchMethodError'{0x0000000711c91980}: 'void java.lang.invoke.DirectMethodHandle$Holder.invokeStatic(java.lang.Object, java.lang.Object)'> (0x0000000711c91980) 
thrown [./open/src/hotspot/share/interpreter/linkResolver.cpp, line 782]
Event: 0.076 Thread 0x00000220170d38d0 Exception <a 'java/lang/NoSuchMethodError'{0x0000000711c97478}: 'void java.lang.invoke.DirectMethodHandle$Holder.invokeSpecial(java.lang.Object, java.lang.Object, java.lang.Object)'> (0x0000000711c97478) 
thrown [./open/src/hotspot/share/interpreter/linkResolver.cpp, line 782]
Event: 0.079 Thread 0x00000220170d38d0 Exception <a 'java/lang/NoSuchMethodError'{0x0000000711cac0e8}: 'java.lang.Object java.lang.invoke.DirectMethodHandle$Holder.invokeStatic(java.lang.Object, java.lang.Object, int)'> (0x0000000711cac0e8) 
thrown [./open/src/hotspot/share/interpreter/linkResolver.cpp, line 782]
Event: 0.079 Thread 0x00000220170d38d0 Exception <a 'java/lang/NoSuchMethodError'{0x0000000711cb8230}: 'void java.lang.invoke.DelegatingMethodHandle$Holder.delegate(java.lang.Object, java.lang.Object, int, java.lang.Object)'> (0x0000000711cb8230) 
thrown [./open/src/hotspot/share/interpreter/linkResolver.cpp, line 782]
Event: 0.080 Thread 0x00000220170d38d0 Exception <a 'java/lang/NoSuchMethodError'{0x0000000711cbc2d0}: 'int java.lang.invoke.DirectMethodHandle$Holder.invokeSpecial(java.lang.Object, java.lang.Object, java.lang.Object)'> (0x0000000711cbc2d0) 
thrown [./open/src/hotspot/share/interpreter/linkResolver.cpp, line 782]
Event: 0.105 Thread 0x00000220170d38d0 Exception <a 'sun/nio/fs/WindowsException'{0x0000000711d571a0}> (0x0000000711d571a0) 
thrown [./open/src/hotspot/share/prims/jni.cpp, line 578]
Event: 0.105 Thread 0x00000220170d38d0 Exception <a 'sun/nio/fs/WindowsException'{0x0000000711d576f8}> (0x0000000711d576f8) 
thrown [./open/src/hotspot/share/prims/jni.cpp, line 578]
Event: 0.119 Thread 0x00000220170d38d0 Exception <a 'sun/nio/fs/WindowsException'{0x0000000711dd6688}> (0x0000000711dd6688) 
thrown [./open/src/hotspot/share/prims/jni.cpp, line 578]
Event: 0.119 Thread 0x00000220170d38d0 Exception <a 'sun/nio/fs/WindowsException'{0x0000000711dd69f8}> (0x0000000711dd69f8) 
thrown [./open/src/hotspot/share/prims/jni.cpp, line 578]
Event: 0.123 Thread 0x00000220170d38d0 Exception <a 'java/lang/NoSuchMethodError'{0x0000000711a0fa18}: 'java.lang.Object java.lang.invoke.DirectMethodHandle$Holder.invokeStatic(java.lang.Object)'> (0x0000000711a0fa18) 
thrown [./open/src/hotspot/share/interpreter/linkResolver.cpp, line 782]
Event: 0.123 Thread 0x00000220170d38d0 Exception <a 'java/lang/NoSuchMethodError'{0x0000000711a13088}: 'java.lang.Object java.lang.invoke.DirectMethodHandle$Holder.invokeStaticInit(java.lang.Object)'> (0x0000000711a13088) 
thrown [./open/src/hotspot/share/interpreter/linkResolver.cpp, line 782]
Event: 0.418 Thread 0x00000220170d38d0 Exception <a 'sun/nio/fs/WindowsException'{0x0000000711ad1f28}> (0x0000000711ad1f28) 
thrown [./open/src/hotspot/share/prims/jni.cpp, line 578]
Event: 0.418 Thread 0x00000220170d38d0 Exception <a 'sun/nio/fs/WindowsException'{0x0000000711ad22d8}> (0x0000000711ad22d8) 
thrown [./open/src/hotspot/share/prims/jni.cpp, line 578]
Event: 0.420 Thread 0x00000220170d38d0 Exception <a 'sun/nio/fs/WindowsException'{0x0000000711ae0388}> (0x0000000711ae0388) 
thrown [./open/src/hotspot/share/prims/jni.cpp, line 578]
Event: 0.420 Thread 0x00000220170d38d0 Exception <a 'sun/nio/fs/WindowsException'{0x0000000711ae0670}> (0x0000000711ae0670) 
thrown [./open/src/hotspot/share/prims/jni.cpp, line 578]
Event: 0.558 Thread 0x00000220170d38d0 Exception <a 'java/lang/NoSuchMethodError'{0x000000071125ad40}: 'void java.lang.invoke.DirectMethodHandle$Holder.invokeStatic(java.lang.Object, long, int, int)'> (0x000000071125ad40) 
thrown [./open/src/hotspot/share/interpreter/linkResolver.cpp, line 782]

Events (20 events):
Event: 0.551 loading class jdk/internal/reflect/UnsafeQualifiedFieldAccessorImpl
Event: 0.551 loading class jdk/internal/reflect/UnsafeQualifiedFieldAccessorImpl done
Event: 0.551 loading class jdk/internal/reflect/UnsafeQualifiedLongFieldAccessorImpl done
Event: 0.562 loading class java/io/FileReader
Event: 0.562 loading class java/io/FileReader done
Event: 0.568 loading class java/io/Externalizable
Event: 0.568 loading class java/io/Externalizable done
Event: 0.570 Loaded shared library C:\Users\david\.jdks\openjdk-15\bin\verify.dll
Event: 0.591 loading class java/lang/SecurityException
Event: 0.591 loading class java/lang/SecurityException done
Event: 0.592 loading class jdk/internal/access/foreign/MemorySegmentProxy
Event: 0.592 loading class jdk/internal/access/foreign/MemorySegmentProxy done
Event: 0.633 Thread 0x000002203b77b6f0 Thread exited: 0x000002203b77b6f0
Event: 0.645 loading class jdk/internal/math/FloatingDecimal$ASCIIToBinaryBuffer
Event: 0.645 loading class jdk/internal/math/FloatingDecimal$ASCIIToBinaryBuffer done
Event: 0.645 loading class jdk/internal/math/FDBigInteger
Event: 0.645 loading class jdk/internal/math/FDBigInteger done
Event: 0.664 Loaded shared library C:\Users\david\AppData\Local\Temp\lwjgldavid\3.2.3-build-13\lwjgl_opengl.dll
Event: 0.669 Loaded shared library C:\Users\david\AppData\Local\Temp\lwjgldavid\3.2.3-build-13\lwjgl_opengl.dll
Event: 0.674 Loaded shared library C:\Users\david\AppData\Local\Temp\lwjgldavid\3.2.3-build-13\lwjgl_opengl.dll


Dynamic libraries:
0x00007ff67b060000 - 0x00007ff67b06d000 	C:\Users\david\.jdks\openjdk-15\bin\java.exe
0x00007ffffdb70000 - 0x00007ffffdd65000 	C:\WINDOWS\SYSTEM32\ntdll.dll
0x00007ffffbd90000 - 0x00007ffffbe4d000 	C:\WINDOWS\System32\KERNEL32.DLL
0x00007ffffb3e0000 - 0x00007ffffb6a8000 	C:\WINDOWS\System32\KERNELBASE.dll
0x00007ffffbad0000 - 0x00007ffffbbd0000 	C:\WINDOWS\System32\ucrtbase.dll
0x00007ffff60f0000 - 0x00007ffff6108000 	C:\Users\david\.jdks\openjdk-15\bin\jli.dll
0x00007ffff4d80000 - 0x00007ffff4d99000 	C:\Users\david\.jdks\openjdk-15\bin\VCRUNTIME140.dll
0x00007ffffc5c0000 - 0x00007ffffc760000 	C:\WINDOWS\System32\USER32.dll
0x00007fffe78d0000 - 0x00007fffe7b6a000 	C:\WINDOWS\WinSxS\amd64_microsoft.windows.common-controls_6595b64144ccf1df_6.0.19041.844_none_ca00b6081b84eb1d\COMCTL32.dll
0x00007ffffb300000 - 0x00007ffffb322000 	C:\WINDOWS\System32\win32u.dll
0x00007ffffc520000 - 0x00007ffffc5be000 	C:\WINDOWS\System32\msvcrt.dll
0x00007ffffbc00000 - 0x00007ffffbc2a000 	C:\WINDOWS\System32\GDI32.dll
0x00007ffffb9c0000 - 0x00007ffffbacb000 	C:\WINDOWS\System32\gdi32full.dll
0x00007ffffb6b0000 - 0x00007ffffb74d000 	C:\WINDOWS\System32\msvcp_win.dll
0x00007ffffbbd0000 - 0x00007ffffbc00000 	C:\WINDOWS\System32\IMM32.DLL
0x00007ffff5a20000 - 0x00007ffff5a2c000 	C:\Users\david\.jdks\openjdk-15\bin\vcruntime140_1.dll
0x00007fffc1690000 - 0x00007fffc1721000 	C:\Users\david\.jdks\openjdk-15\bin\msvcp140.dll
0x00007fff7aff0000 - 0x00007fff7bb4c000 	C:\Users\david\.jdks\openjdk-15\bin\server\jvm.dll
0x00007ffffc910000 - 0x00007ffffc9bc000 	C:\WINDOWS\System32\ADVAPI32.dll
0x00007ffffd550000 - 0x00007ffffd5eb000 	C:\WINDOWS\System32\sechost.dll
0x00007ffffc3f0000 - 0x00007ffffc51b000 	C:\WINDOWS\System32\RPCRT4.dll
0x00007ffffd520000 - 0x00007ffffd528000 	C:\WINDOWS\System32\PSAPI.DLL
0x00007fffe29f0000 - 0x00007fffe29f9000 	C:\WINDOWS\SYSTEM32\WSOCK32.dll
0x00007fffeee90000 - 0x00007fffeeeb7000 	C:\WINDOWS\SYSTEM32\WINMM.dll
0x00007ffff47f0000 - 0x00007ffff47fa000 	C:\WINDOWS\SYSTEM32\VERSION.dll
0x00007ffffd5f0000 - 0x00007ffffd65b000 	C:\WINDOWS\System32\WS2_32.dll
0x00007ffff9210000 - 0x00007ffff9222000 	C:\WINDOWS\SYSTEM32\kernel.appcore.dll
0x00007ffff1ea0000 - 0x00007ffff1eaa000 	C:\Users\david\.jdks\openjdk-15\bin\jimage.dll
0x00007fffe5d00000 - 0x00007fffe5ee4000 	C:\WINDOWS\SYSTEM32\DBGHELP.DLL
0x00007fffe2a40000 - 0x00007fffe2a6c000 	C:\WINDOWS\SYSTEM32\dbgcore.DLL
0x00007ffffb750000 - 0x00007ffffb7d0000 	C:\WINDOWS\System32\bcryptPrimitives.dll
0x00007fffe6e50000 - 0x00007fffe6e75000 	C:\Users\david\.jdks\openjdk-15\bin\java.dll
0x00007ffffca70000 - 0x00007ffffd1b2000 	C:\WINDOWS\System32\SHELL32.dll
0x00007ffff9410000 - 0x00007ffff9ba1000 	C:\WINDOWS\SYSTEM32\windows.storage.dll
0x00007ffffd1c0000 - 0x00007ffffd515000 	C:\WINDOWS\System32\combase.dll
0x00007ffffad20000 - 0x00007ffffad4c000 	C:\WINDOWS\SYSTEM32\Wldp.dll
0x00007ffffc9c0000 - 0x00007ffffca6e000 	C:\WINDOWS\System32\SHCORE.dll
0x00007ffffd660000 - 0x00007ffffd6b5000 	C:\WINDOWS\System32\shlwapi.dll
0x00007ffffb1f0000 - 0x00007ffffb20f000 	C:\WINDOWS\SYSTEM32\profapi.dll
0x00007fffe84f0000 - 0x00007fffe8509000 	C:\Users\david\.jdks\openjdk-15\bin\net.dll
0x00007ffff1fd0000 - 0x00007ffff20db000 	C:\WINDOWS\SYSTEM32\WINHTTP.dll
0x00007ffffaa90000 - 0x00007ffffaafa000 	C:\WINDOWS\system32\mswsock.dll
0x00007fffe8300000 - 0x00007fffe8312000 	C:\Users\david\.jdks\openjdk-15\bin\nio.dll
0x00007fffe3440000 - 0x00007fffe3458000 	C:\Users\david\.jdks\openjdk-15\bin\zip.dll
0x00007fffd4720000 - 0x00007fffd4784000 	C:\Users\david\AppData\Local\Temp\lwjgldavid\3.2.3-build-13\lwjgl.dll
0x00007fffc1b30000 - 0x00007fffc1b92000 	C:\Users\david\AppData\Local\Temp\lwjgldavid\3.2.3-build-13\glfw.dll
0x00007ffff8d50000 - 0x00007ffff8dee000 	C:\WINDOWS\system32\uxtheme.dll
0x00007fffd6740000 - 0x00007fffd6785000 	C:\WINDOWS\SYSTEM32\dinput8.dll
0x00007fffb6e90000 - 0x00007fffb6ea1000 	C:\WINDOWS\SYSTEM32\xinput1_4.dll
0x00007ffffb2b0000 - 0x00007ffffb2fe000 	C:\WINDOWS\System32\cfgmgr32.dll
0x00007ffffb060000 - 0x00007ffffb08c000 	C:\WINDOWS\SYSTEM32\DEVOBJ.dll
0x00007ffff8f20000 - 0x00007ffff8f4f000 	C:\WINDOWS\SYSTEM32\dwmapi.dll
0x00007fffe39e0000 - 0x00007fffe3b32000 	C:\WINDOWS\SYSTEM32\inputhost.dll
0x00007ffffbf40000 - 0x00007ffffc00d000 	C:\WINDOWS\System32\OLEAUT32.dll
0x00007ffff8880000 - 0x00007ffff8972000 	C:\WINDOWS\SYSTEM32\CoreMessaging.dll
0x00007ffff6ef0000 - 0x00007ffff6fe7000 	C:\WINDOWS\SYSTEM32\PROPSYS.dll
0x00007ffff7e40000 - 0x00007ffff7f94000 	C:\WINDOWS\SYSTEM32\wintypes.dll
0x00007ffff8510000 - 0x00007ffff886e000 	C:\WINDOWS\SYSTEM32\CoreUIComponents.dll
0x00007ffff9ff0000 - 0x00007ffffa023000 	C:\WINDOWS\SYSTEM32\ntmarta.dll
0x00007ffffc120000 - 0x00007ffffc235000 	C:\WINDOWS\System32\MSCTF.dll
0x00007ffff9bb0000 - 0x00007ffff9bbd000 	C:\WINDOWS\SYSTEM32\HID.DLL
0x00007ffffd6c0000 - 0x00007ffffdb29000 	C:\WINDOWS\System32\SETUPAPI.DLL
0x00007ffffb990000 - 0x00007ffffb9b7000 	C:\WINDOWS\System32\bcrypt.dll
0x00007ffffb7d0000 - 0x00007ffffb830000 	C:\WINDOWS\System32\WINTRUST.dll
0x00007ffffb830000 - 0x00007ffffb98f000 	C:\WINDOWS\System32\CRYPT32.dll
0x00007ffffaea0000 - 0x00007ffffaeb2000 	C:\WINDOWS\SYSTEM32\MSASN1.dll
0x00007fffd5f30000 - 0x00007fffd6056000 	C:\WINDOWS\SYSTEM32\opengl32.dll
0x00007ffff1e70000 - 0x00007ffff1e9c000 	C:\WINDOWS\SYSTEM32\GLU32.dll
0x00007ffffc010000 - 0x00007ffffc0b9000 	C:\WINDOWS\System32\clbcatq.dll
0x00007fff62f20000 - 0x00007fff65c00000 	C:\WINDOWS\System32\DriverStore\FileRepository\nvmd.inf_amd64_1408eaf9a25ed64f\nvoglv64.dll
0x00007ffffc7e0000 - 0x00007ffffc90a000 	C:\WINDOWS\System32\ole32.dll
0x00007ffff7050000 - 0x00007ffff7064000 	C:\WINDOWS\SYSTEM32\WTSAPI32.dll
0x00007ffff2270000 - 0x00007ffff22a1000 	C:\WINDOWS\SYSTEM32\cryptnet.dll
0x00007ffffac60000 - 0x00007ffffac6c000 	C:\WINDOWS\SYSTEM32\cryptbase.dll
0x00007ffff22b0000 - 0x00007ffff22eb000 	C:\WINDOWS\SYSTEM32\dxcore.dll
0x00007fffc0f60000 - 0x00007fffc1219000 	C:\WINDOWS\system32\nvspcap64.dll
0x00007ffffa8a0000 - 0x00007ffffa8eb000 	C:\WINDOWS\SYSTEM32\powrprof.dll
0x00007ffffa710000 - 0x00007ffffa722000 	C:\WINDOWS\SYSTEM32\UMPDC.dll
0x00007ffffa0a0000 - 0x00007ffffa0fa000 	C:\WINDOWS\SYSTEM32\WINSTA.dll
0x00007fffed4d0000 - 0x00007fffed5c9000 	C:\WINDOWS\SYSTEM32\textinputframework.dll
0x00007fffd2fd0000 - 0x00007fffd3029000 	C:\Users\david\AppData\Local\Temp\lwjgldavid\3.2.3-build-13\lwjgl_opengl.dll
0x00007fffed070000 - 0x00007fffed080000 	C:\Users\david\.jdks\openjdk-15\bin\verify.dll

dbghelp: loaded successfully - version: 4.0.5 - missing functions: none
symbol engine: initialized successfully - sym options: 0x614 - pdb path: .;C:\Users\david\.jdks\openjdk-15\bin;C:\WINDOWS\SYSTEM32;C:\WINDOWS\WinSxS\amd64_microsoft.windows.common-controls_6595b64144ccf1df_6.0.19041.844_none_ca00b6081b84eb1d;C:\Users\david\.jdks\openjdk-15\bin\server;C:\Users\david\AppData\Local\Temp\lwjgldavid\3.2.3-build-13;C:\WINDOWS\System32\DriverStore\FileRepository\nvmd.inf_amd64_1408eaf9a25ed64f

VM Arguments:
jvm_args: -Dfile.encoding=windows-1250 -Duser.country=CZ -Duser.language=cs -Duser.variant 
java_command: Main
java_class_path (initial): C:\Users\david\OpenGL-Examples-main (1)\opengl kolize\build\classes\java\main;C:\Users\david\OpenGL-Examples-main (1)\opengl kolize\build\resources\main;C:\Users\david\.gradle\caches\modules-2\files-2.1\org.lwjgl\lwjgl-assimp\3.2.3\f62aa07a20afbdd3097efc296c4841e0d29700eb\lwjgl-assimp-3.2.3.jar;C:\Users\david\.gradle\caches\modules-2\files-2.1\org.lwjgl\lwjgl-assimp\3.2.3\4e60aeb75f0343c4a9ede4ef8b6b32ca702a00a3\lwjgl-assimp-3.2.3-natives-windows.jar;C:\Users\david\.gradle\caches\modules-2\files-2.1\org.lwjgl\lwjgl-glfw\3.2.3\5e520d5c290c8b012545a8d34fa5db5ab051ea53\lwjgl-glfw-3.2.3.jar;C:\Users\david\.gradle\caches\modules-2\files-2.1\org.lwjgl\lwjgl-glfw\3.2.3\b4d8a3477cdc2edcf7a5f1e822926be846223f54\lwjgl-glfw-3.2.3-natives-windows.jar;C:\Users\david\.gradle\caches\modules-2\files-2.1\org.lwjgl\lwjgl-openal\3.2.3\106742e805803ab9eab8e343f0fb31a3d263903c\lwjgl-openal-3.2.3.jar;C:\Users\david\.gradle\caches\modules-2\files-2.1\org.lwjgl\lwjgl-openal\3.2.3\ec898e8ce11b5886f4f532a1536283ef2817758d\lwjgl-openal-3.2.3-natives-windows.jar;C:\Users\david\.gradle\caches\modules-2\files-2.1\org.lwjgl\lwjgl-opengl\3.2.3\bdd534a323d0c8f54969b95e424b6ac8984f7d6e\lwjgl-opengl-3.2.3.jar;C:\Users\david\.gradle\caches\modules-2\files-2.1\org.lwjgl\lwjgl-opengl\3.2.3\e81cfc73ec8708e5e791ed770e4ec3edfc1bbab1\lwjgl-opengl-3.2.3-natives-windows.jar;C:\Users\david\.gradle\caches\modules-2\files-2.1\org.lwjgl\lwjgl-stb\3.2.3\40eccaa4fa86fc815f2e17946a392fb5fdcc286a\lwjgl-stb-3.2.3.jar;C:\Users\david\.gradle\caches\modules-2\files-2.1\org.lwjgl\lwjgl-stb\3.2.3\817b21ec286f0ba3dcedb56a3bd275e6a9345be9\lwjgl-stb-3.2.3-natives-windows.jar;C:\Users\david\.gradle\caches\modules-2\files-2.1\org.lwjgl\lwjgl\3.2.3\17a59ba0fe8d474ec9dbe0d5db40d2cfe59c4c08\lwjgl-3.2.3.jar;C:\Users\david\.gradle\caches\modules-2\files-2.1\org.lwjgl\lwjgl\3.2.3\27f32cd35349684745951e04388e8e00d681cdcd\lwjgl-3.2.3-natives-windows.jar;C:\Users\david\.gradle\caches\modules-2\files-2.1\org.
Launcher Type: SUN_STANDARD

[Global flags]
     intx CICompilerCount                          = 3                                         {product} {ergonomic}
     uint ConcGCThreads                            = 2                                         {product} {ergonomic}
     uint G1ConcRefinementThreads                  = 6                                         {product} {ergonomic}
   size_t G1HeapRegionSize                         = 2097152                                   {product} {ergonomic}
    uintx GCDrainStackTargetSize                   = 64                                        {product} {ergonomic}
   size_t InitialHeapSize                          = 266338304                                 {product} {ergonomic}
   size_t MarkStackSize                            = 4194304                                   {product} {ergonomic}
   size_t MaxHeapSize                              = 4259315712                                {product} {ergonomic}
   size_t MaxNewSize                               = 2554331136                                {product} {ergonomic}
   size_t MinHeapDeltaBytes                        = 2097152                                   {product} {ergonomic}
   size_t MinHeapSize                              = 8388608                                   {product} {ergonomic}
    uintx NonNMethodCodeHeapSize                   = 5832780                                {pd product} {ergonomic}
    uintx NonProfiledCodeHeapSize                  = 122912730                              {pd product} {ergonomic}
    uintx ProfiledCodeHeapSize                     = 122912730                              {pd product} {ergonomic}
    uintx ReservedCodeCacheSize                    = 251658240                              {pd product} {ergonomic}
     bool SegmentedCodeCache                       = true                                      {product} {ergonomic}
   size_t SoftMaxHeapSize                          = 4259315712                             {manageable} {ergonomic}
     bool UseCompressedClassPointers               = true                                 {lp64_product} {ergonomic}
     bool UseCompressedOops                        = true                                 {lp64_product} {ergonomic}
     bool UseG1GC                                  = true                                      {product} {ergonomic}
     bool UseLargePagesIndividualAllocation        = false                                  {pd product} {ergonomic}

Logging:
Log output configuration:
 #0: stdout all=warning uptime,level,tags
 #1: stderr all=off uptime,level,tags

Environment Variables:
PATH=C:\Program Files (x86)\Common Files\Oracle\Java\javapath;C:\Program Files (x86)\Razer\ChromaBroadcast\bin;C:\Program Files\Razer\ChromaBroadcast\bin;C:\Program Files (x86)\Razer Chroma SDK\bin;C:\Program Files\Razer Chroma SDK\bin;C:\Windows\system32;C:\Windows;C:\Windows\System32\Wbem;C:\Windows\System32\WindowsPowerShell\v1.0\;C:\Windows\System32\OpenSSH\;C:\Users\david\AppData\Local\Microsoft\WindowsApps;C:\WINDOWS\system32;C:\WINDOWS;C:\WINDOWS\System32\Wbem;C:\WINDOWS\System32\WindowsPowerShell\v1.0\;C:\WINDOWS\System32\OpenSSH\;C:\Program Files\NVIDIA Corporation\NVIDIA NvDLISR;C:\Program Files (x86)\NVIDIA Corporation\PhysX\Common;C:\Program Files\dotnet\;C:\Program Files (x86)\dotnet\;C:\Program Files\Git\cmd;C:\WINDOWS\system32;C:\WINDOWS;C:\WINDOWS\System32\Wbem;C:\WINDOWS\System32\WindowsPowerShell\v1.0\;C:\WINDOWS\System32\OpenSSH\;C:\WINDOWS\system32\config\systemprofile\AppData\Local\Microsoft\WindowsApps;C:\Program Files\nodejs\;C:\ProgramData\chocolatey\bin;C:\Users\david\AppData\Local\Microsoft\WindowsApps;C:\Users\david\AppData\Local\atom\bin;C:\Program Files (x86)\Mud Blood loader\;C:\Program Files (x86)\Mud Blood - Loader\;C:\Users\david\AppData\Local\GitHubDesktop\bin;C:\Users\david\AppData\Local\Microsoft\WindowsApps;C:\Users\david\AppData\Roaming\npm
USERNAME=david
OS=Windows_NT
PROCESSOR_IDENTIFIER=Intel64 Family 6 Model 158 Stepping 10, GenuineIntel



---------------  S Y S T E M  ---------------

OS:
 Windows 10 , 64 bit Build 19041 (10.0.19041.928)
OS uptime: 11 days 13:51 hours

CPU: total 6 (initial active 6) (6 cores per cpu, 1 threads per core) family 6 model 158 stepping 10, cmov, cx8, fxsr, mmx, sse, sse2, sse3, ssse3, sse4.1, sse4.2, popcnt, vzeroupper, avx, avx2, aes, clmul, erms, rtm, 3dnowpref, lzcnt, tsc, tscinvbit, bmi1, bmi2, adx, fma, clflush, clflushopt

Memory: 4k page, system-wide physical 16247M (5151M free)
TotalPageFile size 38775M (AvailPageFile size 17406M)
current process WorkingSet (physical memory assigned to process): 100M, peak: 100M
current process commit charge ("private bytes"): 396M, peak: 396M

vm_info: OpenJDK 64-Bit Server VM (15+36-1562) for windows-amd64 JRE (15+36-1562), built on Aug 11 2020 22:33:04 by "mach5one" with unknown MS VC++:1925

END.
